[2025-05-25T16:46:47.328+0000] {taskinstance.py:1956} INFO - Dependencies all met for dep_context=non-requeueable deps ti=<TaskInstance: final_marketing_data_pipeline.dbt_run.dbt_test manual__2025-05-25T16:25:47.685943+00:00 [queued]>
[2025-05-25T16:46:47.370+0000] {taskinstance.py:1956} INFO - Dependencies all met for dep_context=requeueable deps ti=<TaskInstance: final_marketing_data_pipeline.dbt_run.dbt_test manual__2025-05-25T16:25:47.685943+00:00 [queued]>
[2025-05-25T16:46:47.373+0000] {taskinstance.py:2170} INFO - Starting attempt 2 of 2
[2025-05-25T16:46:47.492+0000] {taskinstance.py:2191} INFO - Executing <Task(PythonOperator): dbt_run.dbt_test> on 2025-05-25 16:25:47.685943+00:00
[2025-05-25T16:46:47.530+0000] {standard_task_runner.py:60} INFO - Started process 16583 to run task
[2025-05-25T16:46:47.550+0000] {standard_task_runner.py:87} INFO - Running: ['***', 'tasks', 'run', 'final_marketing_data_pipeline', 'dbt_run.dbt_test', 'manual__2025-05-25T16:25:47.685943+00:00', '--job-id', '128', '--raw', '--subdir', 'DAGS_FOLDER/test.py', '--cfg-path', '/tmp/tmpym_gdbok']
[2025-05-25T16:46:47.580+0000] {standard_task_runner.py:88} INFO - Job 128: Subtask dbt_run.dbt_test
[2025-05-25T16:46:48.325+0000] {task_command.py:423} INFO - Running <TaskInstance: final_marketing_data_pipeline.dbt_run.dbt_test manual__2025-05-25T16:25:47.685943+00:00 [running]> on host fe289fe396bd
[2025-05-25T16:46:49.132+0000] {taskinstance.py:2480} INFO - Exporting env vars: AIRFLOW_CTX_DAG_EMAIL='yashbhawsar872@gmail.com' AIRFLOW_CTX_DAG_OWNER='Yash' AIRFLOW_CTX_DAG_ID='final_marketing_data_pipeline' AIRFLOW_CTX_TASK_ID='dbt_run.dbt_test' AIRFLOW_CTX_EXECUTION_DATE='2025-05-25T16:25:47.685943+00:00' AIRFLOW_CTX_TRY_NUMBER='2' AIRFLOW_CTX_DAG_RUN_ID='manual__2025-05-25T16:25:47.685943+00:00'
[2025-05-25T16:46:49.137+0000] {test.py:39} INFO - ‚ñ∂Ô∏è Starting task: Run all dbt tests
[2025-05-25T16:46:49.152+0000] {utils.py:81} INFO - Running dbt tests: cd /opt/dbt/marketing_pipeline && dbt test 
[2025-05-25T16:46:49.159+0000] {utils.py:64} INFO - Running dbt command: cd /opt/dbt/marketing_pipeline && dbt test 
[2025-05-25T16:46:57.489+0000] {utils.py:73} INFO - [0m16:46:57  Running with dbt=1.9.4
[2025-05-25T16:47:02.130+0000] {utils.py:73} INFO - [0m16:47:02  Registered adapter: snowflake=1.9.4
[2025-05-25T16:47:07.392+0000] {utils.py:73} INFO - [0m16:47:07  Found 12 models, 79 data tests, 6 sources, 479 macros
[2025-05-25T16:47:07.413+0000] {utils.py:73} INFO - [0m16:47:07
[2025-05-25T16:47:07.418+0000] {utils.py:73} INFO - [0m16:47:07  Concurrency: 4 threads (target='dev')
[2025-05-25T16:47:07.421+0000] {utils.py:73} INFO - [0m16:47:07
[2025-05-25T16:47:17.781+0000] {utils.py:73} INFO - [0m16:47:17  1 of 79 START test accepted_values_stg_contacts_email___ ....................... [RUN]
[2025-05-25T16:47:17.791+0000] {utils.py:73} INFO - [0m16:47:17  3 of 79 START test expression_is_true_stg_pages_page_url__page_url_LIKE_http_ .. [RUN]
[2025-05-25T16:47:17.806+0000] {utils.py:73} INFO - [0m16:47:17  4 of 79 START test expression_is_true_stg_website_activity_pages_viewed__pages_viewed_0  [RUN]
[2025-05-25T16:47:17.834+0000] {utils.py:73} INFO - [0m16:47:17  2 of 79 START test expression_is_true_stg_form_fills_fill_date__fill_date_current_timestamp_  [RUN]
[2025-05-25T16:47:18.054+0000] {utils.py:73} INFO - [0m16:47:18  3 of 79 ERROR expression_is_true_stg_pages_page_url__page_url_LIKE_http_ ....... [[31mERROR[0m in 0.25s]
[2025-05-25T16:47:18.061+0000] {utils.py:73} INFO - [0m16:47:18  4 of 79 ERROR expression_is_true_stg_website_activity_pages_viewed__pages_viewed_0  [[31mERROR[0m in 0.19s]
[2025-05-25T16:47:18.137+0000] {utils.py:73} INFO - [0m16:47:18  2 of 79 ERROR expression_is_true_stg_form_fills_fill_date__fill_date_current_timestamp_  [[31mERROR[0m in 0.11s]
[2025-05-25T16:47:18.141+0000] {utils.py:73} INFO - [0m16:47:18  5 of 79 START test mart_no_orphan_form_fills ................................... [RUN]
[2025-05-25T16:47:18.152+0000] {utils.py:73} INFO - [0m16:47:18  6 of 79 START test mart_pages_url_format ....................................... [RUN]
[2025-05-25T16:47:18.186+0000] {utils.py:73} INFO - [0m16:47:18  7 of 79 START test no_duplicate_form_fills_per_contact ......................... [RUN]
[2025-05-25T16:47:20.234+0000] {utils.py:73} INFO - [0m16:47:20  7 of 79 FAIL 271 no_duplicate_form_fills_per_contact ........................... [[31mFAIL 271[0m in 2.02s]
[2025-05-25T16:47:20.249+0000] {utils.py:73} INFO - [0m16:47:20  8 of 79 START test not_null_mart_campaigns_campaign_id ......................... [RUN]
[2025-05-25T16:47:20.491+0000] {utils.py:73} INFO - [0m16:47:20  1 of 79 PASS accepted_values_stg_contacts_email___ ............................. [[32mPASS[0m in 2.67s]
[2025-05-25T16:47:20.501+0000] {utils.py:73} INFO - [0m16:47:20  9 of 79 START test not_null_mart_campaigns_campaign_name ....................... [RUN]
[2025-05-25T16:47:21.056+0000] {utils.py:73} INFO - [0m16:47:21  9 of 79 PASS not_null_mart_campaigns_campaign_name ............................. [[32mPASS[0m in 0.55s]
[2025-05-25T16:47:21.067+0000] {utils.py:73} INFO - [0m16:47:21  10 of 79 START test not_null_mart_campaigns_end_date ........................... [RUN]
[2025-05-25T16:47:21.119+0000] {utils.py:73} INFO - [0m16:47:21  8 of 79 PASS not_null_mart_campaigns_campaign_id ............................... [[32mPASS[0m in 0.86s]
[2025-05-25T16:47:21.132+0000] {utils.py:73} INFO - [0m16:47:21  11 of 79 START test not_null_mart_campaigns_start_date ......................... [RUN]
[2025-05-25T16:47:21.546+0000] {utils.py:73} INFO - [0m16:47:21  10 of 79 ERROR not_null_mart_campaigns_end_date ................................ [[31mERROR[0m in 0.47s]
[2025-05-25T16:47:21.567+0000] {utils.py:73} INFO - [0m16:47:21  5 of 79 FAIL 1000 mart_no_orphan_form_fills .................................... [[31mFAIL 1000[0m in 3.40s]
[2025-05-25T16:47:21.591+0000] {utils.py:73} INFO - [0m16:47:21  12 of 79 START test not_null_mart_contacts_contact_id .......................... [RUN]
[2025-05-25T16:47:21.625+0000] {utils.py:73} INFO - [0m16:47:21  13 of 79 START test not_null_mart_contacts_email ............................... [RUN]
[2025-05-25T16:47:21.635+0000] {utils.py:73} INFO - [0m16:47:21  11 of 79 ERROR not_null_mart_campaigns_start_date .............................. [[31mERROR[0m in 0.50s]
[2025-05-25T16:47:21.731+0000] {utils.py:73} INFO - [0m16:47:21  6 of 79 FAIL 8 mart_pages_url_format ........................................... [[31mFAIL 8[0m in 3.56s]
[2025-05-25T16:47:21.744+0000] {utils.py:73} INFO - [0m16:47:21  14 of 79 START test not_null_mart_contacts_signup_date ......................... [RUN]
[2025-05-25T16:47:21.789+0000] {utils.py:73} INFO - [0m16:47:21  15 of 79 START test not_null_mart_form_fills_contact_id ........................ [RUN]
[2025-05-25T16:47:22.792+0000] {utils.py:73} INFO - [0m16:47:22  12 of 79 PASS not_null_mart_contacts_contact_id ................................ [[32mPASS[0m in 1.18s]
[2025-05-25T16:47:22.808+0000] {utils.py:73} INFO - [0m16:47:22  13 of 79 PASS not_null_mart_contacts_email ..................................... [[32mPASS[0m in 1.17s]
[2025-05-25T16:47:22.846+0000] {utils.py:73} INFO - [0m16:47:22  14 of 79 PASS not_null_mart_contacts_signup_date ............................... [[32mPASS[0m in 1.08s]
[2025-05-25T16:47:22.854+0000] {utils.py:73} INFO - [0m16:47:22  16 of 79 START test not_null_mart_form_fills_estimated_value ................... [RUN]
[2025-05-25T16:47:22.861+0000] {utils.py:73} INFO - [0m16:47:22  17 of 79 START test not_null_mart_form_fills_fill_date ......................... [RUN]
[2025-05-25T16:47:22.893+0000] {utils.py:73} INFO - [0m16:47:22  18 of 79 START test not_null_mart_form_fills_fill_id ........................... [RUN]
[2025-05-25T16:47:22.972+0000] {utils.py:73} INFO - [0m16:47:22  15 of 79 PASS not_null_mart_form_fills_contact_id .............................. [[32mPASS[0m in 1.15s]
[2025-05-25T16:47:22.983+0000] {utils.py:73} INFO - [0m16:47:22  19 of 79 START test not_null_mart_form_fills_form_id ........................... [RUN]
[2025-05-25T16:47:23.492+0000] {utils.py:73} INFO - [0m16:47:23  16 of 79 PASS not_null_mart_form_fills_estimated_value ......................... [[32mPASS[0m in 0.61s]
[2025-05-25T16:47:23.552+0000] {utils.py:73} INFO - [0m16:47:23  20 of 79 START test not_null_mart_form_fills_upload_date ....................... [RUN]
[2025-05-25T16:47:23.631+0000] {utils.py:73} INFO - [0m16:47:23  17 of 79 PASS not_null_mart_form_fills_fill_date ............................... [[32mPASS[0m in 0.75s]
[2025-05-25T16:47:23.697+0000] {utils.py:73} INFO - [0m16:47:23  19 of 79 PASS not_null_mart_form_fills_form_id ................................. [[32mPASS[0m in 0.71s]
[2025-05-25T16:47:23.719+0000] {utils.py:73} INFO - [0m16:47:23  18 of 79 PASS not_null_mart_form_fills_fill_id ................................. [[32mPASS[0m in 0.79s]
[2025-05-25T16:47:23.772+0000] {utils.py:73} INFO - [0m16:47:23  21 of 79 START test not_null_mart_forms_form_id ................................ [RUN]
[2025-05-25T16:47:23.783+0000] {utils.py:73} INFO - [0m16:47:23  22 of 79 START test not_null_mart_forms_form_type .............................. [RUN]
[2025-05-25T16:47:23.808+0000] {utils.py:73} INFO - [0m16:47:23  23 of 79 START test not_null_mart_forms_upload_date ............................ [RUN]
[2025-05-25T16:47:24.204+0000] {utils.py:73} INFO - [0m16:47:24  20 of 79 PASS not_null_mart_form_fills_upload_date ............................. [[32mPASS[0m in 0.63s]
[2025-05-25T16:47:24.233+0000] {utils.py:73} INFO - [0m16:47:24  24 of 79 START test not_null_mart_pages_page_id ................................ [RUN]
[2025-05-25T16:47:24.892+0000] {utils.py:73} INFO - [0m16:47:24  23 of 79 PASS not_null_mart_forms_upload_date .................................. [[32mPASS[0m in 1.07s]
[2025-05-25T16:47:24.942+0000] {utils.py:73} INFO - [0m16:47:24  22 of 79 PASS not_null_mart_forms_form_type .................................... [[32mPASS[0m in 1.12s]
[2025-05-25T16:47:24.968+0000] {utils.py:73} INFO - [0m16:47:24  25 of 79 START test not_null_mart_pages_page_title ............................. [RUN]
[2025-05-25T16:47:24.996+0000] {utils.py:73} INFO - [0m16:47:24  21 of 79 PASS not_null_mart_forms_form_id ...................................... [[32mPASS[0m in 1.18s]
[2025-05-25T16:47:25.038+0000] {utils.py:73} INFO - [0m16:47:25  26 of 79 START test not_null_mart_pages_page_url ............................... [RUN]
[2025-05-25T16:47:25.060+0000] {utils.py:73} INFO - [0m16:47:25  27 of 79 START test not_null_mart_pages_upload_date ............................ [RUN]
[2025-05-25T16:47:25.159+0000] {utils.py:73} INFO - [0m16:47:25  24 of 79 ERROR not_null_mart_pages_page_id ..................................... [[31mERROR[0m in 0.92s]
[2025-05-25T16:47:25.208+0000] {utils.py:73} INFO - [0m16:47:25  28 of 79 START test not_null_mart_website_activity_bounce ...................... [RUN]
[2025-05-25T16:47:25.530+0000] {utils.py:73} INFO - [0m16:47:25  25 of 79 PASS not_null_mart_pages_page_title ................................... [[32mPASS[0m in 0.52s]
[2025-05-25T16:47:25.559+0000] {utils.py:73} INFO - [0m16:47:25  29 of 79 START test not_null_mart_website_activity_contact_id .................. [RUN]
[2025-05-25T16:47:25.771+0000] {utils.py:73} INFO - [0m16:47:25  26 of 79 PASS not_null_mart_pages_page_url ..................................... [[32mPASS[0m in 0.71s]
[2025-05-25T16:47:25.782+0000] {utils.py:73} INFO - [0m16:47:25  30 of 79 START test not_null_mart_website_activity_event_date .................. [RUN]
[2025-05-25T16:47:25.938+0000] {utils.py:73} INFO - [0m16:47:25  27 of 79 PASS not_null_mart_pages_upload_date .................................. [[32mPASS[0m in 0.85s]
[2025-05-25T16:47:25.964+0000] {utils.py:73} INFO - [0m16:47:25  31 of 79 START test not_null_mart_website_activity_pages_viewed ................ [RUN]
[2025-05-25T16:47:26.013+0000] {utils.py:73} INFO - [0m16:47:26  28 of 79 PASS not_null_mart_website_activity_bounce ............................ [[32mPASS[0m in 0.79s]
[2025-05-25T16:47:26.048+0000] {utils.py:73} INFO - [0m16:47:26  32 of 79 START test not_null_mart_website_activity_session_duration ............ [RUN]
[2025-05-25T16:47:26.410+0000] {utils.py:73} INFO - [0m16:47:26  30 of 79 PASS not_null_mart_website_activity_event_date ........................ [[32mPASS[0m in 0.61s]
[2025-05-25T16:47:26.481+0000] {utils.py:73} INFO - [0m16:47:26  33 of 79 START test not_null_mart_website_activity_session_id .................. [RUN]
[2025-05-25T16:47:26.605+0000] {utils.py:73} INFO - [0m16:47:26  29 of 79 PASS not_null_mart_website_activity_contact_id ........................ [[32mPASS[0m in 1.03s]
[2025-05-25T16:47:26.871+0000] {utils.py:73} INFO - [0m16:47:26  34 of 79 START test not_null_mart_website_activity_upload_date ................. [RUN]
[2025-05-25T16:47:27.011+0000] {utils.py:73} INFO - [0m16:47:27  31 of 79 PASS not_null_mart_website_activity_pages_viewed ...................... [[32mPASS[0m in 1.04s]
[2025-05-25T16:47:27.089+0000] {utils.py:73} INFO - [0m16:47:27  35 of 79 START test not_null_stg_campaigns_campaign_id ......................... [RUN]
[2025-05-25T16:47:27.192+0000] {utils.py:73} INFO - [0m16:47:27  32 of 79 PASS not_null_mart_website_activity_session_duration .................. [[32mPASS[0m in 1.14s]
[2025-05-25T16:47:27.339+0000] {utils.py:73} INFO - [0m16:47:27  36 of 79 START test not_null_stg_campaigns_campaign_name ....................... [RUN]
[2025-05-25T16:47:27.766+0000] {utils.py:73} INFO - [0m16:47:27  33 of 79 PASS not_null_mart_website_activity_session_id ........................ [[32mPASS[0m in 1.18s]
[2025-05-25T16:47:27.874+0000] {utils.py:73} INFO - [0m16:47:27  34 of 79 PASS not_null_mart_website_activity_upload_date ....................... [[32mPASS[0m in 0.98s]
[2025-05-25T16:47:27.910+0000] {utils.py:73} INFO - [0m16:47:27  37 of 79 START test not_null_stg_campaigns_upload_date ......................... [RUN]
[2025-05-25T16:47:27.941+0000] {utils.py:73} INFO - [0m16:47:27  38 of 79 START test not_null_stg_contacts_contact_id ........................... [RUN]
[2025-05-25T16:47:28.464+0000] {utils.py:73} INFO - [0m16:47:28  35 of 79 PASS not_null_stg_campaigns_campaign_id ............................... [[32mPASS[0m in 1.35s]
[2025-05-25T16:47:28.480+0000] {utils.py:73} INFO - [0m16:47:28  36 of 79 PASS not_null_stg_campaigns_campaign_name ............................. [[32mPASS[0m in 1.12s]
[2025-05-25T16:47:29.197+0000] {utils.py:73} INFO - [0m16:47:29  37 of 79 PASS not_null_stg_campaigns_upload_date ............................... [[32mPASS[0m in 1.27s]
[2025-05-25T16:47:29.246+0000] {utils.py:73} INFO - [0m16:47:29  39 of 79 START test not_null_stg_contacts_email ................................ [RUN]
[2025-05-25T16:47:29.250+0000] {utils.py:73} INFO - [0m16:47:29  40 of 79 START test not_null_stg_contacts_signup_date .......................... [RUN]
[2025-05-25T16:47:29.280+0000] {utils.py:73} INFO - [0m16:47:29  41 of 79 START test not_null_stg_contacts_upload_date .......................... [RUN]
[2025-05-25T16:47:30.286+0000] {utils.py:73} INFO - [0m16:47:30  39 of 79 PASS not_null_stg_contacts_email ...................................... [[32mPASS[0m in 1.02s]
[2025-05-25T16:47:30.307+0000] {utils.py:73} INFO - [0m16:47:30  42 of 79 START test not_null_stg_form_fills_contact_id ......................... [RUN]
[2025-05-25T16:47:30.388+0000] {utils.py:73} INFO - [0m16:47:30  38 of 79 PASS not_null_stg_contacts_contact_id ................................. [[32mPASS[0m in 2.38s]
[2025-05-25T16:47:30.405+0000] {utils.py:73} INFO - [0m16:47:30  40 of 79 PASS not_null_stg_contacts_signup_date ................................ [[32mPASS[0m in 1.14s]
[2025-05-25T16:47:30.415+0000] {utils.py:73} INFO - [0m16:47:30  43 of 79 START test not_null_stg_form_fills_fill_date .......................... [RUN]
[2025-05-25T16:47:30.427+0000] {utils.py:73} INFO - [0m16:47:30  44 of 79 START test not_null_stg_form_fills_fill_id ............................ [RUN]
[2025-05-25T16:47:31.075+0000] {utils.py:73} INFO - [0m16:47:31  41 of 79 PASS not_null_stg_contacts_upload_date ................................ [[32mPASS[0m in 1.73s]
[2025-05-25T16:47:31.419+0000] {utils.py:73} INFO - [0m16:47:31  45 of 79 START test not_null_stg_form_fills_form_id ............................ [RUN]
[2025-05-25T16:47:31.818+0000] {utils.py:73} INFO - [0m16:47:31  42 of 79 PASS not_null_stg_form_fills_contact_id ............................... [[32mPASS[0m in 1.50s]
[2025-05-25T16:47:31.937+0000] {utils.py:73} INFO - [0m16:47:31  44 of 79 PASS not_null_stg_form_fills_fill_id .................................. [[32mPASS[0m in 1.48s]
[2025-05-25T16:47:31.988+0000] {utils.py:73} INFO - [0m16:47:31  43 of 79 PASS not_null_stg_form_fills_fill_date ................................ [[32mPASS[0m in 1.55s]
[2025-05-25T16:47:32.179+0000] {utils.py:73} INFO - [0m16:47:32  46 of 79 START test not_null_stg_form_fills_upload_date ........................ [RUN]
[2025-05-25T16:47:32.212+0000] {utils.py:73} INFO - [0m16:47:32  47 of 79 START test not_null_stg_forms_form_id ................................. [RUN]
[2025-05-25T16:47:32.221+0000] {utils.py:73} INFO - [0m16:47:32  48 of 79 START test not_null_stg_forms_form_type ............................... [RUN]
[2025-05-25T16:47:35.452+0000] {utils.py:73} INFO - [0m16:47:35  46 of 79 PASS not_null_stg_form_fills_upload_date .............................. [[32mPASS[0m in 3.24s]
[2025-05-25T16:47:35.463+0000] {utils.py:73} INFO - [0m16:47:35  49 of 79 START test not_null_stg_forms_upload_date ............................. [RUN]
[2025-05-25T16:47:35.677+0000] {utils.py:73} INFO - [0m16:47:35  48 of 79 PASS not_null_stg_forms_form_type ..................................... [[32mPASS[0m in 3.43s]
[2025-05-25T16:47:35.685+0000] {utils.py:73} INFO - [0m16:47:35  47 of 79 PASS not_null_stg_forms_form_id ....................................... [[32mPASS[0m in 3.45s]
[2025-05-25T16:47:35.699+0000] {utils.py:73} INFO - [0m16:47:35  45 of 79 PASS not_null_stg_form_fills_form_id .................................. [[32mPASS[0m in 4.27s]
[2025-05-25T16:47:35.742+0000] {utils.py:73} INFO - [0m16:47:35  50 of 79 START test not_null_stg_pages_page_id ................................. [RUN]
[2025-05-25T16:47:35.747+0000] {utils.py:73} INFO - [0m16:47:35  51 of 79 START test not_null_stg_pages_page_title .............................. [RUN]
[2025-05-25T16:47:35.750+0000] {utils.py:73} INFO - [0m16:47:35  52 of 79 START test not_null_stg_pages_page_url ................................ [RUN]
[2025-05-25T16:47:36.939+0000] {utils.py:73} INFO - [0m16:47:36  49 of 79 PASS not_null_stg_forms_upload_date ................................... [[32mPASS[0m in 1.47s]
[2025-05-25T16:47:36.962+0000] {utils.py:73} INFO - [0m16:47:36  50 of 79 PASS not_null_stg_pages_page_id ....................................... [[32mPASS[0m in 1.21s]
[2025-05-25T16:47:36.976+0000] {utils.py:73} INFO - [0m16:47:36  53 of 79 START test not_null_stg_pages_upload_date ............................. [RUN]
[2025-05-25T16:47:37.026+0000] {utils.py:73} INFO - [0m16:47:37  52 of 79 PASS not_null_stg_pages_page_url ...................................... [[32mPASS[0m in 1.26s]
[2025-05-25T16:47:37.045+0000] {utils.py:73} INFO - [0m16:47:37  51 of 79 PASS not_null_stg_pages_page_title .................................... [[32mPASS[0m in 1.28s]
[2025-05-25T16:47:37.053+0000] {utils.py:73} INFO - [0m16:47:37  54 of 79 START test not_null_stg_website_activity_contact_id ................... [RUN]
[2025-05-25T16:47:37.195+0000] {utils.py:73} INFO - [0m16:47:37  55 of 79 START test not_null_stg_website_activity_event_date ................... [RUN]
[2025-05-25T16:47:37.214+0000] {utils.py:73} INFO - [0m16:47:37  56 of 79 START test not_null_stg_website_activity_pages_viewed ................. [RUN]
[2025-05-25T16:47:37.942+0000] {utils.py:73} INFO - [0m16:47:37  53 of 79 PASS not_null_stg_pages_upload_date ................................... [[32mPASS[0m in 0.93s]
[2025-05-25T16:47:37.976+0000] {utils.py:73} INFO - [0m16:47:37  54 of 79 PASS not_null_stg_website_activity_contact_id ......................... [[32mPASS[0m in 0.83s]
[2025-05-25T16:47:38.002+0000] {utils.py:73} INFO - [0m16:47:37  55 of 79 PASS not_null_stg_website_activity_event_date ......................... [[32mPASS[0m in 0.73s]
[2025-05-25T16:47:38.026+0000] {utils.py:73} INFO - [0m16:47:38  56 of 79 PASS not_null_stg_website_activity_pages_viewed ....................... [[32mPASS[0m in 0.70s]
[2025-05-25T16:47:38.069+0000] {utils.py:73} INFO - [0m16:47:38  57 of 79 START test not_null_stg_website_activity_session_duration ............. [RUN]
[2025-05-25T16:47:38.081+0000] {utils.py:73} INFO - [0m16:47:38  58 of 79 START test not_null_stg_website_activity_session_id ................... [RUN]
[2025-05-25T16:47:38.119+0000] {utils.py:73} INFO - [0m16:47:38  59 of 79 START test not_null_stg_website_activity_upload_date .................. [RUN]
[2025-05-25T16:47:38.144+0000] {utils.py:73} INFO - [0m16:47:38  60 of 79 START test relationships_mart_form_fills_contact_id__contact_id__ref_mart_contacts_  [RUN]
[2025-05-25T16:47:38.710+0000] {utils.py:73} INFO - [0m16:47:38  58 of 79 PASS not_null_stg_website_activity_session_id ......................... [[32mPASS[0m in 0.57s]
[2025-05-25T16:47:38.744+0000] {utils.py:73} INFO - [0m16:47:38  57 of 79 PASS not_null_stg_website_activity_session_duration ................... [[32mPASS[0m in 0.62s]
[2025-05-25T16:47:38.759+0000] {utils.py:73} INFO - [0m16:47:38  61 of 79 START test relationships_mart_website_activity_contact_id__contact_id__ref_mart_contacts_  [RUN]
[2025-05-25T16:47:38.772+0000] {utils.py:73} INFO - [0m16:47:38  62 of 79 START test relationships_stg_campaigns_campaign_name__campaign_id__ref_stg_campaigns_  [RUN]
[2025-05-25T16:47:39.108+0000] {utils.py:73} INFO - [0m16:47:39  60 of 79 FAIL 1000 relationships_mart_form_fills_contact_id__contact_id__ref_mart_contacts_  [[31mFAIL 1000[0m in 0.92s]
[2025-05-25T16:47:39.122+0000] {utils.py:73} INFO - [0m16:47:39  59 of 79 PASS not_null_stg_website_activity_upload_date ........................ [[32mPASS[0m in 0.97s]
[2025-05-25T16:47:39.178+0000] {utils.py:73} INFO - [0m16:47:39  63 of 79 START test relationships_stg_form_fills_contact_id__contact_id__ref_stg_contacts_  [RUN]
[2025-05-25T16:47:39.183+0000] {utils.py:73} INFO - [0m16:47:39  64 of 79 START test relationships_stg_website_activity_contact_id__contact_id__ref_stg_contacts_  [RUN]
[2025-05-25T16:47:39.758+0000] {utils.py:73} INFO - [0m16:47:39  61 of 79 FAIL 1000 relationships_mart_website_activity_contact_id__contact_id__ref_mart_contacts_  [[31mFAIL 1000[0m in 0.99s]
[2025-05-25T16:47:39.770+0000] {utils.py:73} INFO - [0m16:47:39  65 of 79 START test unique_mart_campaigns_campaign_id .......................... [RUN]
[2025-05-25T16:47:39.856+0000] {utils.py:73} INFO - [0m16:47:39  62 of 79 FAIL 3 relationships_stg_campaigns_campaign_name__campaign_id__ref_stg_campaigns_  [[31mFAIL 3[0m in 1.06s]
[2025-05-25T16:47:39.894+0000] {utils.py:73} INFO - [0m16:47:39  66 of 79 START test unique_mart_contacts_contact_id ............................ [RUN]
[2025-05-25T16:47:40.349+0000] {utils.py:73} INFO - [0m16:47:40  63 of 79 FAIL 1000 relationships_stg_form_fills_contact_id__contact_id__ref_stg_contacts_  [[31mFAIL 1000[0m in 1.15s]
[2025-05-25T16:47:40.424+0000] {utils.py:73} INFO - [0m16:47:40  64 of 79 FAIL 1000 relationships_stg_website_activity_contact_id__contact_id__ref_stg_contacts_  [[31mFAIL 1000[0m in 1.23s]
[2025-05-25T16:47:40.465+0000] {utils.py:73} INFO - [0m16:47:40  65 of 79 PASS unique_mart_campaigns_campaign_id ................................ [[32mPASS[0m in 0.69s]
[2025-05-25T16:47:40.486+0000] {utils.py:73} INFO - [0m16:47:40  67 of 79 START test unique_mart_contacts_email ................................. [RUN]
[2025-05-25T16:47:40.513+0000] {utils.py:73} INFO - [0m16:47:40  68 of 79 START test unique_mart_form_fills_fill_id ............................. [RUN]
[2025-05-25T16:47:40.563+0000] {utils.py:73} INFO - [0m16:47:40  69 of 79 START test unique_mart_forms_form_id .................................. [RUN]
[2025-05-25T16:47:40.664+0000] {utils.py:73} INFO - [0m16:47:40  66 of 79 PASS unique_mart_contacts_contact_id .................................. [[32mPASS[0m in 0.76s]
[2025-05-25T16:47:40.926+0000] {utils.py:73} INFO - [0m16:47:40  70 of 79 START test unique_mart_pages_page_id .................................. [RUN]
[2025-05-25T16:47:41.907+0000] {utils.py:73} INFO - [0m16:47:41  67 of 79 PASS unique_mart_contacts_email ....................................... [[32mPASS[0m in 1.38s]
[2025-05-25T16:47:41.951+0000] {utils.py:73} INFO - [0m16:47:41  68 of 79 PASS unique_mart_form_fills_fill_id ................................... [[32mPASS[0m in 1.42s]
[2025-05-25T16:47:41.990+0000] {utils.py:73} INFO - [0m16:47:41  69 of 79 PASS unique_mart_forms_form_id ........................................ [[32mPASS[0m in 1.37s]
[2025-05-25T16:47:42.050+0000] {utils.py:73} INFO - [0m16:47:42  71 of 79 START test unique_mart_website_activity_session_id .................... [RUN]
[2025-05-25T16:47:42.060+0000] {utils.py:73} INFO - [0m16:47:42  70 of 79 ERROR unique_mart_pages_page_id ....................................... [[31mERROR[0m in 1.13s]
[2025-05-25T16:47:42.080+0000] {utils.py:73} INFO - [0m16:47:42  72 of 79 START test unique_stg_campaigns_campaign_id ........................... [RUN]
[2025-05-25T16:47:42.104+0000] {utils.py:73} INFO - [0m16:47:42  73 of 79 START test unique_stg_contacts_contact_id ............................. [RUN]
[2025-05-25T16:47:42.226+0000] {utils.py:73} INFO - [0m16:47:42  74 of 79 START test unique_stg_contacts_email .................................. [RUN]
[2025-05-25T16:47:42.958+0000] {utils.py:73} INFO - [0m16:47:42  73 of 79 PASS unique_stg_contacts_contact_id ................................... [[32mPASS[0m in 0.80s]
[2025-05-25T16:47:43.001+0000] {utils.py:73} INFO - [0m16:47:42  72 of 79 PASS unique_stg_campaigns_campaign_id ................................. [[32mPASS[0m in 0.87s]
[2025-05-25T16:47:43.091+0000] {utils.py:73} INFO - [0m16:47:43  71 of 79 PASS unique_mart_website_activity_session_id .......................... [[32mPASS[0m in 0.99s]
[2025-05-25T16:47:43.146+0000] {utils.py:73} INFO - [0m16:47:43  75 of 79 START test unique_stg_form_fills_fill_id .............................. [RUN]
[2025-05-25T16:47:43.177+0000] {utils.py:73} INFO - [0m16:47:43  76 of 79 START test unique_stg_forms_form_id ................................... [RUN]
[2025-05-25T16:47:43.234+0000] {utils.py:73} INFO - [0m16:47:43  77 of 79 START test unique_stg_pages_page_id ................................... [RUN]
[2025-05-25T16:47:43.559+0000] {utils.py:73} INFO - [0m16:47:43  74 of 79 PASS unique_stg_contacts_email ........................................ [[32mPASS[0m in 1.26s]
[2025-05-25T16:47:43.747+0000] {utils.py:73} INFO - [0m16:47:43  78 of 79 START test unique_stg_website_activity_session_id ..................... [RUN]
[2025-05-25T16:47:44.268+0000] {utils.py:73} INFO - [0m16:47:44  76 of 79 PASS unique_stg_forms_form_id ......................................... [[32mPASS[0m in 1.04s]
[2025-05-25T16:47:44.322+0000] {utils.py:73} INFO - [0m16:47:44  79 of 79 START test website_activity_outside_business_hours .................... [RUN]
[2025-05-25T16:47:44.365+0000] {utils.py:73} INFO - [0m16:47:44  75 of 79 PASS unique_stg_form_fills_fill_id .................................... [[32mPASS[0m in 1.14s]
[2025-05-25T16:47:44.378+0000] {utils.py:73} INFO - [0m16:47:44  77 of 79 FAIL 4 unique_stg_pages_page_id ....................................... [[31mFAIL 4[0m in 1.08s]
[2025-05-25T16:47:44.764+0000] {utils.py:73} INFO - [0m16:47:44  78 of 79 PASS unique_stg_website_activity_session_id ........................... [[32mPASS[0m in 0.90s]
[2025-05-25T16:47:45.019+0000] {utils.py:73} INFO - [0m16:47:45  79 of 79 FAIL 1000 website_activity_outside_business_hours ..................... [[31mFAIL 1000[0m in 0.68s]
[2025-05-25T16:47:46.040+0000] {utils.py:73} INFO - [0m16:47:46
[2025-05-25T16:47:46.084+0000] {utils.py:73} INFO - [0m16:47:46  Finished running 79 data tests in 0 hours 0 minutes and 38.61 seconds (38.61s).
[2025-05-25T16:47:46.538+0000] {utils.py:73} INFO - [0m16:47:46
[2025-05-25T16:47:46.544+0000] {utils.py:73} INFO - [0m16:47:46  [31mCompleted with 17 errors, 0 partial successes, and 0 warnings:[0m
[2025-05-25T16:47:46.549+0000] {utils.py:73} INFO - [0m16:47:46
[2025-05-25T16:47:46.556+0000] {utils.py:73} INFO - [0m16:47:46    Compilation Error in test expression_is_true_stg_pages_page_url__page_url_LIKE_http_ (models/staging/schema.yml)
[2025-05-25T16:47:46.562+0000] {utils.py:73} INFO - 'test_expression_is_true' is undefined. This can happen when calling a macro that does not exist. Check for typos and/or install package dependencies with "dbt deps".
[2025-05-25T16:47:46.570+0000] {utils.py:73} INFO - [0m16:47:46
[2025-05-25T16:47:46.575+0000] {utils.py:73} INFO - [0m16:47:46    Compilation Error in test expression_is_true_stg_website_activity_pages_viewed__pages_viewed_0 (models/staging/schema.yml)
[2025-05-25T16:47:46.579+0000] {utils.py:73} INFO - 'test_expression_is_true' is undefined. This can happen when calling a macro that does not exist. Check for typos and/or install package dependencies with "dbt deps".
[2025-05-25T16:47:46.585+0000] {utils.py:73} INFO - [0m16:47:46
[2025-05-25T16:47:46.589+0000] {utils.py:73} INFO - [0m16:47:46    Compilation Error in test expression_is_true_stg_form_fills_fill_date__fill_date_current_timestamp_ (models/staging/schema.yml)
[2025-05-25T16:47:46.595+0000] {utils.py:73} INFO - 'test_expression_is_true' is undefined. This can happen when calling a macro that does not exist. Check for typos and/or install package dependencies with "dbt deps".
[2025-05-25T16:47:46.604+0000] {utils.py:73} INFO - [0m16:47:46
[2025-05-25T16:47:46.608+0000] {utils.py:73} INFO - [0m16:47:46  [31mFailure in test no_duplicate_form_fills_per_contact (tests/no_duplicate_form_fills_per_contact.sql)[0m
[2025-05-25T16:47:46.615+0000] {utils.py:73} INFO - [0m16:47:46    Got 271 results, configured to fail if != 0
[2025-05-25T16:47:46.623+0000] {utils.py:73} INFO - [0m16:47:46
[2025-05-25T16:47:46.632+0000] {utils.py:73} INFO - [0m16:47:46    compiled code at target/compiled/marketing_pipeline/tests/no_duplicate_form_fills_per_contact.sql
[2025-05-25T16:47:46.639+0000] {utils.py:73} INFO - [0m16:47:46
[2025-05-25T16:47:46.642+0000] {utils.py:73} INFO - [0m16:47:46    Database Error in test not_null_mart_campaigns_end_date (models/marts/schema.yml)
[2025-05-25T16:47:46.645+0000] {utils.py:73} INFO - 000904 (42000): SQL compilation error: error line 14 at position 7
[2025-05-25T16:47:46.648+0000] {utils.py:73} INFO - invalid identifier 'END_DATE'
[2025-05-25T16:47:46.654+0000] {utils.py:73} INFO - compiled code at target/run/marketing_pipeline/models/marts/schema.yml/not_null_mart_campaigns_end_date.sql
[2025-05-25T16:47:46.658+0000] {utils.py:73} INFO - [0m16:47:46
[2025-05-25T16:47:46.662+0000] {utils.py:73} INFO - [0m16:47:46  [31mFailure in test mart_no_orphan_form_fills (tests/mart_no_orphan_form_fills.sql)[0m
[2025-05-25T16:47:46.670+0000] {utils.py:73} INFO - [0m16:47:46    Got 1000 results, configured to fail if != 0
[2025-05-25T16:47:46.676+0000] {utils.py:73} INFO - [0m16:47:46
[2025-05-25T16:47:46.682+0000] {utils.py:73} INFO - [0m16:47:46    compiled code at target/compiled/marketing_pipeline/tests/mart_no_orphan_form_fills.sql
[2025-05-25T16:47:46.688+0000] {utils.py:73} INFO - [0m16:47:46
[2025-05-25T16:47:46.692+0000] {utils.py:73} INFO - [0m16:47:46    Database Error in test not_null_mart_campaigns_start_date (models/marts/schema.yml)
[2025-05-25T16:47:46.695+0000] {utils.py:73} INFO - 000904 (42000): SQL compilation error: error line 14 at position 7
[2025-05-25T16:47:46.701+0000] {utils.py:73} INFO - invalid identifier 'START_DATE'
[2025-05-25T16:47:46.705+0000] {utils.py:73} INFO - compiled code at target/run/marketing_pipeline/models/marts/schema.yml/not_null_mart_campaigns_start_date.sql
[2025-05-25T16:47:46.710+0000] {utils.py:73} INFO - [0m16:47:46
[2025-05-25T16:47:46.715+0000] {utils.py:73} INFO - [0m16:47:46  [31mFailure in test mart_pages_url_format (tests/mart_pages_url_format.sql)[0m
[2025-05-25T16:47:46.721+0000] {utils.py:73} INFO - [0m16:47:46    Got 8 results, configured to fail if != 0
[2025-05-25T16:47:46.726+0000] {utils.py:73} INFO - [0m16:47:46
[2025-05-25T16:47:46.735+0000] {utils.py:73} INFO - [0m16:47:46    compiled code at target/compiled/marketing_pipeline/tests/mart_pages_url_format.sql
[2025-05-25T16:47:46.739+0000] {utils.py:73} INFO - [0m16:47:46
[2025-05-25T16:47:46.743+0000] {utils.py:73} INFO - [0m16:47:46    Database Error in test not_null_mart_pages_page_id (models/marts/schema.yml)
[2025-05-25T16:47:46.748+0000] {utils.py:73} INFO - 000904 (42000): SQL compilation error: error line 14 at position 7
[2025-05-25T16:47:46.755+0000] {utils.py:73} INFO - invalid identifier 'PAGE_ID'
[2025-05-25T16:47:46.760+0000] {utils.py:73} INFO - compiled code at target/run/marketing_pipeline/models/marts/schema.yml/not_null_mart_pages_page_id.sql
[2025-05-25T16:47:46.764+0000] {utils.py:73} INFO - [0m16:47:46
[2025-05-25T16:47:46.772+0000] {utils.py:73} INFO - [0m16:47:46  [31mFailure in test relationships_mart_form_fills_contact_id__contact_id__ref_mart_contacts_ (models/marts/schema.yml)[0m
[2025-05-25T16:47:46.776+0000] {utils.py:73} INFO - [0m16:47:46    Got 1000 results, configured to fail if != 0
[2025-05-25T16:47:46.781+0000] {utils.py:73} INFO - [0m16:47:46
[2025-05-25T16:47:46.790+0000] {utils.py:73} INFO - [0m16:47:46    compiled code at target/compiled/marketing_pipeline/models/marts/schema.yml/relationships_mart_form_fills_a1c56f92d83b0b31640e803fc7260cc3.sql
[2025-05-25T16:47:46.796+0000] {utils.py:73} INFO - [0m16:47:46
[2025-05-25T16:47:46.802+0000] {utils.py:73} INFO - [0m16:47:46  [31mFailure in test relationships_mart_website_activity_contact_id__contact_id__ref_mart_contacts_ (models/marts/schema.yml)[0m
[2025-05-25T16:47:46.806+0000] {utils.py:73} INFO - [0m16:47:46    Got 1000 results, configured to fail if != 0
[2025-05-25T16:47:46.810+0000] {utils.py:73} INFO - [0m16:47:46
[2025-05-25T16:47:46.817+0000] {utils.py:73} INFO - [0m16:47:46    compiled code at target/compiled/marketing_pipeline/models/marts/schema.yml/relationships_mart_website_act_a8d116361c00056161f8d1dae1b78c9d.sql
[2025-05-25T16:47:46.823+0000] {utils.py:73} INFO - [0m16:47:46
[2025-05-25T16:47:46.826+0000] {utils.py:73} INFO - [0m16:47:46  [31mFailure in test relationships_stg_campaigns_campaign_name__campaign_id__ref_stg_campaigns_ (models/staging/schema.yml)[0m
[2025-05-25T16:47:46.830+0000] {utils.py:73} INFO - [0m16:47:46    Got 3 results, configured to fail if != 0
[2025-05-25T16:47:46.836+0000] {utils.py:73} INFO - [0m16:47:46
[2025-05-25T16:47:46.842+0000] {utils.py:73} INFO - [0m16:47:46    compiled code at target/compiled/marketing_pipeline/models/staging/schema.yml/relationships_stg_campaigns_3a16908a32571b0bb273e549269b9f1a.sql
[2025-05-25T16:47:46.847+0000] {utils.py:73} INFO - [0m16:47:46
[2025-05-25T16:47:46.854+0000] {utils.py:73} INFO - [0m16:47:46  [31mFailure in test relationships_stg_form_fills_contact_id__contact_id__ref_stg_contacts_ (models/staging/schema.yml)[0m
[2025-05-25T16:47:46.860+0000] {utils.py:73} INFO - [0m16:47:46    Got 1000 results, configured to fail if != 0
[2025-05-25T16:47:46.865+0000] {utils.py:73} INFO - [0m16:47:46
[2025-05-25T16:47:46.872+0000] {utils.py:73} INFO - [0m16:47:46    compiled code at target/compiled/marketing_pipeline/models/staging/schema.yml/relationships_stg_form_fills_483eb1f83598d09ec1cfd2d39fcc1735.sql
[2025-05-25T16:47:46.876+0000] {utils.py:73} INFO - [0m16:47:46
[2025-05-25T16:47:46.888+0000] {utils.py:73} INFO - [0m16:47:46  [31mFailure in test relationships_stg_website_activity_contact_id__contact_id__ref_stg_contacts_ (models/staging/schema.yml)[0m
[2025-05-25T16:47:46.893+0000] {utils.py:73} INFO - [0m16:47:46    Got 1000 results, configured to fail if != 0
[2025-05-25T16:47:46.898+0000] {utils.py:73} INFO - [0m16:47:46
[2025-05-25T16:47:46.906+0000] {utils.py:73} INFO - [0m16:47:46    compiled code at target/compiled/marketing_pipeline/models/staging/schema.yml/relationships_stg_website_acti_922f9791aab02da463c54222730dbfdd.sql
[2025-05-25T16:47:46.914+0000] {utils.py:73} INFO - [0m16:47:46
[2025-05-25T16:47:46.922+0000] {utils.py:73} INFO - [0m16:47:46    Database Error in test unique_mart_pages_page_id (models/marts/schema.yml)
[2025-05-25T16:47:46.927+0000] {utils.py:73} INFO - 000904 (42000): SQL compilation error: error line 13 at position 4
[2025-05-25T16:47:46.931+0000] {utils.py:73} INFO - invalid identifier 'PAGE_ID'
[2025-05-25T16:47:46.938+0000] {utils.py:73} INFO - compiled code at target/run/marketing_pipeline/models/marts/schema.yml/unique_mart_pages_page_id.sql
[2025-05-25T16:47:46.942+0000] {utils.py:73} INFO - [0m16:47:46
[2025-05-25T16:47:46.946+0000] {utils.py:73} INFO - [0m16:47:46  [31mFailure in test unique_stg_pages_page_id (models/staging/schema.yml)[0m
[2025-05-25T16:47:46.953+0000] {utils.py:73} INFO - [0m16:47:46    Got 4 results, configured to fail if != 0
[2025-05-25T16:47:46.958+0000] {utils.py:73} INFO - [0m16:47:46
[2025-05-25T16:47:46.965+0000] {utils.py:73} INFO - [0m16:47:46    compiled code at target/compiled/marketing_pipeline/models/staging/schema.yml/unique_stg_pages_page_id.sql
[2025-05-25T16:47:46.972+0000] {utils.py:73} INFO - [0m16:47:46
[2025-05-25T16:47:46.976+0000] {utils.py:73} INFO - [0m16:47:46  [31mFailure in test website_activity_outside_business_hours (tests/website_activity_outside_business_hours.sql)[0m
[2025-05-25T16:47:46.982+0000] {utils.py:73} INFO - [0m16:47:46    Got 1000 results, configured to fail if != 0
[2025-05-25T16:47:46.990+0000] {utils.py:73} INFO - [0m16:47:46
[2025-05-25T16:47:46.996+0000] {utils.py:73} INFO - [0m16:47:46    compiled code at target/compiled/marketing_pipeline/tests/website_activity_outside_business_hours.sql
[2025-05-25T16:47:47.003+0000] {utils.py:73} INFO - [0m16:47:46
[2025-05-25T16:47:47.007+0000] {utils.py:73} INFO - [0m16:47:46  Done. PASS=62 WARN=0 ERROR=17 SKIP=0 TOTAL=79
[2025-05-25T16:47:48.844+0000] {utils.py:86} ERROR - dbt tests failed: dbt command failed with exit code 1
[2025-05-25T16:47:48.849+0000] {email_notification.py:55} WARNING - üìß Sending generic failure email [Airflow] Failure in final_marketing_data_pipeline.dbt_run.dbt_test (Attempt 2/2)
[2025-05-25T16:47:48.911+0000] {logging_mixin.py:188} WARNING - /home/***/.local/lib/python3.10/site-packages/***/utils/email.py:154 RemovedInAirflow3Warning: Fetching SMTP credentials from configuration variables will be deprecated in a future release. Please set credentials using a connection instead.
[2025-05-25T16:47:48.913+0000] {email.py:270} INFO - Email alerting: attempt 1
[2025-05-25T16:47:50.236+0000] {email.py:281} INFO - Sent an alert email to ['yashbhawsar872@gmail.com']
[2025-05-25T16:47:51.710+0000] {test.py:41} INFO - ‚úÖ Completed task: Run all dbt tests
[2025-05-25T16:47:51.716+0000] {python.py:201} INFO - Done. Returned value was: None
[2025-05-25T16:47:51.757+0000] {taskinstance.py:1138} INFO - Marking task as SUCCESS. dag_id=final_marketing_data_pipeline, task_id=dbt_run.dbt_test, execution_date=20250525T162547, start_date=20250525T164647, end_date=20250525T164751
[2025-05-25T16:47:51.884+0000] {local_task_job_runner.py:234} INFO - Task exited with return code 0
[2025-05-25T16:47:51.985+0000] {taskinstance.py:3280} INFO - 0 downstream tasks scheduled from follow-on schedule check
