[2025-05-25T16:41:33.774+0000] {taskinstance.py:1956} INFO - Dependencies all met for dep_context=non-requeueable deps ti=<TaskInstance: final_marketing_data_pipeline.dbt_run.dbt_test manual__2025-05-25T16:25:47.685943+00:00 [queued]>
[2025-05-25T16:41:33.811+0000] {taskinstance.py:1956} INFO - Dependencies all met for dep_context=requeueable deps ti=<TaskInstance: final_marketing_data_pipeline.dbt_run.dbt_test manual__2025-05-25T16:25:47.685943+00:00 [queued]>
[2025-05-25T16:41:33.813+0000] {taskinstance.py:2170} INFO - Starting attempt 1 of 1
[2025-05-25T16:41:34.092+0000] {taskinstance.py:2191} INFO - Executing <Task(PythonOperator): dbt_run.dbt_test> on 2025-05-25 16:25:47.685943+00:00
[2025-05-25T16:41:34.106+0000] {standard_task_runner.py:60} INFO - Started process 16435 to run task
[2025-05-25T16:41:34.116+0000] {standard_task_runner.py:87} INFO - Running: ['***', 'tasks', 'run', 'final_marketing_data_pipeline', 'dbt_run.dbt_test', 'manual__2025-05-25T16:25:47.685943+00:00', '--job-id', '127', '--raw', '--subdir', 'DAGS_FOLDER/test.py', '--cfg-path', '/tmp/tmpokzxt_o7']
[2025-05-25T16:41:34.121+0000] {standard_task_runner.py:88} INFO - Job 127: Subtask dbt_run.dbt_test
[2025-05-25T16:41:34.311+0000] {task_command.py:423} INFO - Running <TaskInstance: final_marketing_data_pipeline.dbt_run.dbt_test manual__2025-05-25T16:25:47.685943+00:00 [running]> on host fe289fe396bd
[2025-05-25T16:41:34.621+0000] {taskinstance.py:2480} INFO - Exporting env vars: AIRFLOW_CTX_DAG_EMAIL='yashbhawsar872@gmail.com' AIRFLOW_CTX_DAG_OWNER='Yash' AIRFLOW_CTX_DAG_ID='final_marketing_data_pipeline' AIRFLOW_CTX_TASK_ID='dbt_run.dbt_test' AIRFLOW_CTX_EXECUTION_DATE='2025-05-25T16:25:47.685943+00:00' AIRFLOW_CTX_TRY_NUMBER='1' AIRFLOW_CTX_DAG_RUN_ID='manual__2025-05-25T16:25:47.685943+00:00'
[2025-05-25T16:41:34.625+0000] {test.py:39} INFO - ‚ñ∂Ô∏è Starting task: Run all dbt tests
[2025-05-25T16:41:34.630+0000] {utils.py:81} INFO - Running dbt tests: cd /opt/dbt/marketing_pipeline && dbt test 
[2025-05-25T16:41:34.633+0000] {utils.py:64} INFO - Running dbt command: cd /opt/dbt/marketing_pipeline && dbt test 
[2025-05-25T16:41:39.289+0000] {utils.py:73} INFO - [0m16:41:39  Running with dbt=1.9.4
[2025-05-25T16:41:42.032+0000] {utils.py:73} INFO - [0m16:41:42  Registered adapter: snowflake=1.9.4
[2025-05-25T16:41:42.989+0000] {utils.py:73} INFO - [0m16:41:42  Unable to do partial parsing because config vars, config profile, or config target have changed
[2025-05-25T16:41:51.835+0000] {utils.py:73} INFO - [0m16:41:51  Found 12 models, 79 data tests, 6 sources, 479 macros
[2025-05-25T16:41:51.884+0000] {utils.py:73} INFO - [0m16:41:51
[2025-05-25T16:41:51.894+0000] {utils.py:73} INFO - [0m16:41:51  Concurrency: 4 threads (target='dev')
[2025-05-25T16:41:51.963+0000] {utils.py:73} INFO - [0m16:41:51
[2025-05-25T16:41:55.102+0000] {utils.py:73} INFO - [0m16:41:55  1 of 79 START test accepted_values_stg_contacts_email___ ....................... [RUN]
[2025-05-25T16:41:55.134+0000] {utils.py:73} INFO - [0m16:41:55  2 of 79 START test expression_is_true_stg_form_fills_fill_date__fill_date_current_timestamp_  [RUN]
[2025-05-25T16:41:55.155+0000] {utils.py:73} INFO - [0m16:41:55  3 of 79 START test expression_is_true_stg_pages_page_url__page_url_LIKE_http_ .. [RUN]
[2025-05-25T16:41:55.172+0000] {utils.py:73} INFO - [0m16:41:55  4 of 79 START test expression_is_true_stg_website_activity_pages_viewed__pages_viewed_0  [RUN]
[2025-05-25T16:41:57.587+0000] {utils.py:73} INFO - [0m16:41:57  1 of 79 PASS accepted_values_stg_contacts_email___ ............................. [[32mPASS[0m in 2.41s]
[2025-05-25T16:41:57.599+0000] {utils.py:73} INFO - [0m16:41:57  5 of 79 START test mart_no_orphan_form_fills ................................... [RUN]
[2025-05-25T16:41:58.209+0000] {utils.py:73} INFO - [0m16:41:58  4 of 79 ERROR expression_is_true_stg_website_activity_pages_viewed__pages_viewed_0  [[31mERROR[0m in 2.96s]
[2025-05-25T16:41:58.215+0000] {utils.py:73} INFO - [0m16:41:58  3 of 79 ERROR expression_is_true_stg_pages_page_url__page_url_LIKE_http_ ....... [[31mERROR[0m in 3.07s]
[2025-05-25T16:41:58.226+0000] {utils.py:73} INFO - [0m16:41:58  2 of 79 ERROR expression_is_true_stg_form_fills_fill_date__fill_date_current_timestamp_  [[31mERROR[0m in 3.06s]
[2025-05-25T16:41:58.248+0000] {utils.py:73} INFO - [0m16:41:58  5 of 79 FAIL 1000 mart_no_orphan_form_fills .................................... [[31mFAIL 1000[0m in 0.64s]
[2025-05-25T16:41:58.271+0000] {utils.py:73} INFO - [0m16:41:58  6 of 79 START test mart_pages_url_format ....................................... [RUN]
[2025-05-25T16:41:58.279+0000] {utils.py:73} INFO - [0m16:41:58  7 of 79 START test no_duplicate_form_fills_per_contact ......................... [RUN]
[2025-05-25T16:41:58.283+0000] {utils.py:73} INFO - [0m16:41:58  8 of 79 START test not_null_mart_campaigns_campaign_id ......................... [RUN]
[2025-05-25T16:41:58.305+0000] {utils.py:73} INFO - [0m16:41:58  9 of 79 START test not_null_mart_campaigns_campaign_name ....................... [RUN]
[2025-05-25T16:42:02.153+0000] {utils.py:73} INFO - [0m16:42:02  7 of 79 FAIL 271 no_duplicate_form_fills_per_contact ........................... [[31mFAIL 271[0m in 3.86s]
[2025-05-25T16:42:02.205+0000] {utils.py:73} INFO - [0m16:42:02  6 of 79 FAIL 8 mart_pages_url_format ........................................... [[31mFAIL 8[0m in 3.91s]
[2025-05-25T16:42:02.324+0000] {utils.py:73} INFO - [0m16:42:02  10 of 79 START test not_null_mart_campaigns_end_date ........................... [RUN]
[2025-05-25T16:42:02.330+0000] {utils.py:73} INFO - [0m16:42:02  11 of 79 START test not_null_mart_campaigns_start_date ......................... [RUN]
[2025-05-25T16:42:02.520+0000] {utils.py:73} INFO - [0m16:42:02  9 of 79 PASS not_null_mart_campaigns_campaign_name ............................. [[32mPASS[0m in 4.20s]
[2025-05-25T16:42:02.542+0000] {utils.py:73} INFO - [0m16:42:02  8 of 79 PASS not_null_mart_campaigns_campaign_id ............................... [[32mPASS[0m in 4.24s]
[2025-05-25T16:42:02.571+0000] {utils.py:73} INFO - [0m16:42:02  12 of 79 START test not_null_mart_contacts_contact_id .......................... [RUN]
[2025-05-25T16:42:02.582+0000] {utils.py:73} INFO - [0m16:42:02  13 of 79 START test not_null_mart_contacts_email ............................... [RUN]
[2025-05-25T16:42:03.501+0000] {utils.py:73} INFO - [0m16:42:03  13 of 79 PASS not_null_mart_contacts_email ..................................... [[32mPASS[0m in 0.90s]
[2025-05-25T16:42:03.537+0000] {utils.py:73} INFO - [0m16:42:03  14 of 79 START test not_null_mart_contacts_signup_date ......................... [RUN]
[2025-05-25T16:42:03.582+0000] {utils.py:73} INFO - [0m16:42:03  12 of 79 PASS not_null_mart_contacts_contact_id ................................ [[32mPASS[0m in 0.98s]
[2025-05-25T16:42:03.694+0000] {utils.py:73} INFO - [0m16:42:03  15 of 79 START test not_null_mart_form_fills_contact_id ........................ [RUN]
[2025-05-25T16:42:04.204+0000] {utils.py:73} INFO - [0m16:42:04  14 of 79 PASS not_null_mart_contacts_signup_date ............................... [[32mPASS[0m in 0.65s]
[2025-05-25T16:42:04.248+0000] {utils.py:73} INFO - [0m16:42:04  16 of 79 START test not_null_mart_form_fills_estimated_value ................... [RUN]
[2025-05-25T16:42:04.474+0000] {utils.py:73} INFO - [0m16:42:04  15 of 79 PASS not_null_mart_form_fills_contact_id .............................. [[32mPASS[0m in 0.76s]
[2025-05-25T16:42:04.519+0000] {utils.py:73} INFO - [0m16:42:04  17 of 79 START test not_null_mart_form_fills_fill_date ......................... [RUN]
[2025-05-25T16:42:04.962+0000] {utils.py:73} INFO - [0m16:42:04  16 of 79 PASS not_null_mart_form_fills_estimated_value ......................... [[32mPASS[0m in 0.70s]
[2025-05-25T16:42:04.996+0000] {utils.py:73} INFO - [0m16:42:04  18 of 79 START test not_null_mart_form_fills_fill_id ........................... [RUN]
[2025-05-25T16:42:05.104+0000] {utils.py:73} INFO - [0m16:42:05  17 of 79 PASS not_null_mart_form_fills_fill_date ............................... [[32mPASS[0m in 0.52s]
[2025-05-25T16:42:05.153+0000] {utils.py:73} INFO - [0m16:42:05  19 of 79 START test not_null_mart_form_fills_form_id ........................... [RUN]
[2025-05-25T16:42:05.452+0000] {utils.py:73} INFO - [0m16:42:05  18 of 79 PASS not_null_mart_form_fills_fill_id ................................. [[32mPASS[0m in 0.45s]
[2025-05-25T16:42:05.466+0000] {utils.py:73} INFO - [0m16:42:05  20 of 79 START test not_null_mart_form_fills_upload_date ....................... [RUN]
[2025-05-25T16:42:05.777+0000] {utils.py:73} INFO - [0m16:42:05  19 of 79 PASS not_null_mart_form_fills_form_id ................................. [[32mPASS[0m in 0.61s]
[2025-05-25T16:42:05.818+0000] {utils.py:73} INFO - [0m16:42:05  21 of 79 START test not_null_mart_forms_form_id ................................ [RUN]
[2025-05-25T16:42:06.298+0000] {utils.py:73} INFO - [0m16:42:06  20 of 79 PASS not_null_mart_form_fills_upload_date ............................. [[32mPASS[0m in 0.83s]
[2025-05-25T16:42:06.327+0000] {utils.py:73} INFO - [0m16:42:06  22 of 79 START test not_null_mart_forms_form_type .............................. [RUN]
[2025-05-25T16:42:06.446+0000] {utils.py:73} INFO - [0m16:42:06  21 of 79 PASS not_null_mart_forms_form_id ...................................... [[32mPASS[0m in 0.62s]
[2025-05-25T16:42:06.486+0000] {utils.py:73} INFO - [0m16:42:06  23 of 79 START test not_null_mart_forms_upload_date ............................ [RUN]
[2025-05-25T16:42:06.631+0000] {utils.py:73} INFO - [0m16:42:06  11 of 79 ERROR not_null_mart_campaigns_start_date .............................. [[31mERROR[0m in 4.29s]
[2025-05-25T16:42:06.686+0000] {utils.py:73} INFO - [0m16:42:06  10 of 79 ERROR not_null_mart_campaigns_end_date ................................ [[31mERROR[0m in 4.35s]
[2025-05-25T16:42:06.764+0000] {utils.py:73} INFO - [0m16:42:06  24 of 79 START test not_null_mart_pages_page_id ................................ [RUN]
[2025-05-25T16:42:06.789+0000] {utils.py:73} INFO - [0m16:42:06  25 of 79 START test not_null_mart_pages_page_title ............................. [RUN]
[2025-05-25T16:42:07.281+0000] {utils.py:73} INFO - [0m16:42:07  23 of 79 PASS not_null_mart_forms_upload_date .................................. [[32mPASS[0m in 0.79s]
[2025-05-25T16:42:07.297+0000] {utils.py:73} INFO - [0m16:42:07  22 of 79 PASS not_null_mart_forms_form_type .................................... [[32mPASS[0m in 0.96s]
[2025-05-25T16:42:07.331+0000] {utils.py:73} INFO - [0m16:42:07  26 of 79 START test not_null_mart_pages_page_url ............................... [RUN]
[2025-05-25T16:42:07.335+0000] {utils.py:73} INFO - [0m16:42:07  27 of 79 START test not_null_mart_pages_upload_date ............................ [RUN]
[2025-05-25T16:42:07.442+0000] {utils.py:73} INFO - [0m16:42:07  24 of 79 ERROR not_null_mart_pages_page_id ..................................... [[31mERROR[0m in 0.66s]
[2025-05-25T16:42:07.466+0000] {utils.py:73} INFO - [0m16:42:07  28 of 79 START test not_null_mart_website_activity_bounce ...................... [RUN]
[2025-05-25T16:42:07.537+0000] {utils.py:73} INFO - [0m16:42:07  25 of 79 PASS not_null_mart_pages_page_title ................................... [[32mPASS[0m in 0.74s]
[2025-05-25T16:42:07.663+0000] {utils.py:73} INFO - [0m16:42:07  29 of 79 START test not_null_mart_website_activity_contact_id .................. [RUN]
[2025-05-25T16:42:07.872+0000] {utils.py:73} INFO - [0m16:42:07  26 of 79 PASS not_null_mart_pages_page_url ..................................... [[32mPASS[0m in 0.53s]
[2025-05-25T16:42:07.892+0000] {utils.py:73} INFO - [0m16:42:07  30 of 79 START test not_null_mart_website_activity_event_date .................. [RUN]
[2025-05-25T16:42:07.956+0000] {utils.py:73} INFO - [0m16:42:07  27 of 79 PASS not_null_mart_pages_upload_date .................................. [[32mPASS[0m in 0.61s]
[2025-05-25T16:42:07.973+0000] {utils.py:73} INFO - [0m16:42:07  31 of 79 START test not_null_mart_website_activity_pages_viewed ................ [RUN]
[2025-05-25T16:42:08.022+0000] {utils.py:73} INFO - [0m16:42:08  28 of 79 PASS not_null_mart_website_activity_bounce ............................ [[32mPASS[0m in 0.54s]
[2025-05-25T16:42:08.054+0000] {utils.py:73} INFO - [0m16:42:08  29 of 79 PASS not_null_mart_website_activity_contact_id ........................ [[32mPASS[0m in 0.38s]
[2025-05-25T16:42:08.101+0000] {utils.py:73} INFO - [0m16:42:08  32 of 79 START test not_null_mart_website_activity_session_duration ............ [RUN]
[2025-05-25T16:42:08.128+0000] {utils.py:73} INFO - [0m16:42:08  33 of 79 START test not_null_mart_website_activity_session_id .................. [RUN]
[2025-05-25T16:42:08.339+0000] {utils.py:73} INFO - [0m16:42:08  30 of 79 PASS not_null_mart_website_activity_event_date ........................ [[32mPASS[0m in 0.44s]
[2025-05-25T16:42:08.352+0000] {utils.py:73} INFO - [0m16:42:08  34 of 79 START test not_null_mart_website_activity_upload_date ................. [RUN]
[2025-05-25T16:42:08.531+0000] {utils.py:73} INFO - [0m16:42:08  31 of 79 PASS not_null_mart_website_activity_pages_viewed ...................... [[32mPASS[0m in 0.53s]
[2025-05-25T16:42:08.564+0000] {utils.py:73} INFO - [0m16:42:08  35 of 79 START test not_null_stg_campaigns_campaign_id ......................... [RUN]
[2025-05-25T16:42:08.622+0000] {utils.py:73} INFO - [0m16:42:08  32 of 79 PASS not_null_mart_website_activity_session_duration .................. [[32mPASS[0m in 0.50s]
[2025-05-25T16:42:08.648+0000] {utils.py:73} INFO - [0m16:42:08  36 of 79 START test not_null_stg_campaigns_campaign_name ....................... [RUN]
[2025-05-25T16:42:08.713+0000] {utils.py:73} INFO - [0m16:42:08  33 of 79 PASS not_null_mart_website_activity_session_id ........................ [[32mPASS[0m in 0.57s]
[2025-05-25T16:42:08.778+0000] {utils.py:73} INFO - [0m16:42:08  37 of 79 START test not_null_stg_campaigns_upload_date ......................... [RUN]
[2025-05-25T16:42:09.005+0000] {utils.py:73} INFO - [0m16:42:09  34 of 79 PASS not_null_mart_website_activity_upload_date ....................... [[32mPASS[0m in 0.65s]
[2025-05-25T16:42:09.067+0000] {utils.py:73} INFO - [0m16:42:09  35 of 79 PASS not_null_stg_campaigns_campaign_id ............................... [[32mPASS[0m in 0.50s]
[2025-05-25T16:42:09.097+0000] {utils.py:73} INFO - [0m16:42:09  38 of 79 START test not_null_stg_contacts_contact_id ........................... [RUN]
[2025-05-25T16:42:09.184+0000] {utils.py:73} INFO - [0m16:42:09  36 of 79 PASS not_null_stg_campaigns_campaign_name ............................. [[32mPASS[0m in 0.49s]
[2025-05-25T16:42:09.209+0000] {utils.py:73} INFO - [0m16:42:09  39 of 79 START test not_null_stg_contacts_email ................................ [RUN]
[2025-05-25T16:42:09.267+0000] {utils.py:73} INFO - [0m16:42:09  40 of 79 START test not_null_stg_contacts_signup_date .......................... [RUN]
[2025-05-25T16:42:09.383+0000] {utils.py:73} INFO - [0m16:42:09  37 of 79 PASS not_null_stg_campaigns_upload_date ............................... [[32mPASS[0m in 0.60s]
[2025-05-25T16:42:09.470+0000] {utils.py:73} INFO - [0m16:42:09  41 of 79 START test not_null_stg_contacts_upload_date .......................... [RUN]
[2025-05-25T16:42:09.755+0000] {utils.py:73} INFO - [0m16:42:09  39 of 79 PASS not_null_stg_contacts_email ...................................... [[32mPASS[0m in 0.51s]
[2025-05-25T16:42:09.773+0000] {utils.py:73} INFO - [0m16:42:09  38 of 79 PASS not_null_stg_contacts_contact_id ................................. [[32mPASS[0m in 0.64s]
[2025-05-25T16:42:09.791+0000] {utils.py:73} INFO - [0m16:42:09  40 of 79 PASS not_null_stg_contacts_signup_date ................................ [[32mPASS[0m in 0.50s]
[2025-05-25T16:42:09.796+0000] {utils.py:73} INFO - [0m16:42:09  42 of 79 START test not_null_stg_form_fills_contact_id ......................... [RUN]
[2025-05-25T16:42:09.809+0000] {utils.py:73} INFO - [0m16:42:09  43 of 79 START test not_null_stg_form_fills_fill_date .......................... [RUN]
[2025-05-25T16:42:09.826+0000] {utils.py:73} INFO - [0m16:42:09  44 of 79 START test not_null_stg_form_fills_fill_id ............................ [RUN]
[2025-05-25T16:42:10.290+0000] {utils.py:73} INFO - [0m16:42:10  41 of 79 PASS not_null_stg_contacts_upload_date ................................ [[32mPASS[0m in 0.79s]
[2025-05-25T16:42:10.385+0000] {utils.py:73} INFO - [0m16:42:10  45 of 79 START test not_null_stg_form_fills_form_id ............................ [RUN]
[2025-05-25T16:42:10.661+0000] {utils.py:73} INFO - [0m16:42:10  43 of 79 PASS not_null_stg_form_fills_fill_date ................................ [[32mPASS[0m in 0.83s]
[2025-05-25T16:42:10.702+0000] {utils.py:73} INFO - [0m16:42:10  42 of 79 PASS not_null_stg_form_fills_contact_id ............................... [[32mPASS[0m in 0.88s]
[2025-05-25T16:42:10.736+0000] {utils.py:73} INFO - [0m16:42:10  44 of 79 PASS not_null_stg_form_fills_fill_id .................................. [[32mPASS[0m in 0.85s]
[2025-05-25T16:42:10.780+0000] {utils.py:73} INFO - [0m16:42:10  46 of 79 START test not_null_stg_form_fills_upload_date ........................ [RUN]
[2025-05-25T16:42:10.789+0000] {utils.py:73} INFO - [0m16:42:10  47 of 79 START test not_null_stg_forms_form_id ................................. [RUN]
[2025-05-25T16:42:10.807+0000] {utils.py:73} INFO - [0m16:42:10  48 of 79 START test not_null_stg_forms_form_type ............................... [RUN]
[2025-05-25T16:42:11.084+0000] {utils.py:73} INFO - [0m16:42:11  45 of 79 PASS not_null_stg_form_fills_form_id .................................. [[32mPASS[0m in 0.62s]
[2025-05-25T16:42:11.120+0000] {utils.py:73} INFO - [0m16:42:11  49 of 79 START test not_null_stg_forms_upload_date ............................. [RUN]
[2025-05-25T16:42:11.490+0000] {utils.py:73} INFO - [0m16:42:11  46 of 79 PASS not_null_stg_form_fills_upload_date .............................. [[32mPASS[0m in 0.69s]
[2025-05-25T16:42:11.509+0000] {utils.py:73} INFO - [0m16:42:11  47 of 79 PASS not_null_stg_forms_form_id ....................................... [[32mPASS[0m in 0.71s]
[2025-05-25T16:42:11.523+0000] {utils.py:73} INFO - [0m16:42:11  50 of 79 START test not_null_stg_pages_page_id ................................. [RUN]
[2025-05-25T16:42:11.536+0000] {utils.py:73} INFO - [0m16:42:11  51 of 79 START test not_null_stg_pages_page_title .............................. [RUN]
[2025-05-25T16:42:11.601+0000] {utils.py:73} INFO - [0m16:42:11  49 of 79 PASS not_null_stg_forms_upload_date ................................... [[32mPASS[0m in 0.47s]
[2025-05-25T16:42:11.672+0000] {utils.py:73} INFO - [0m16:42:11  48 of 79 PASS not_null_stg_forms_form_type ..................................... [[32mPASS[0m in 0.83s]
[2025-05-25T16:42:11.692+0000] {utils.py:73} INFO - [0m16:42:11  52 of 79 START test not_null_stg_pages_page_url ................................ [RUN]
[2025-05-25T16:42:11.716+0000] {utils.py:73} INFO - [0m16:42:11  53 of 79 START test not_null_stg_pages_upload_date ............................. [RUN]
[2025-05-25T16:42:12.144+0000] {utils.py:73} INFO - [0m16:42:12  50 of 79 PASS not_null_stg_pages_page_id ....................................... [[32mPASS[0m in 0.61s]
[2025-05-25T16:42:12.169+0000] {utils.py:73} INFO - [0m16:42:12  54 of 79 START test not_null_stg_website_activity_contact_id ................... [RUN]
[2025-05-25T16:42:12.201+0000] {utils.py:73} INFO - [0m16:42:12  52 of 79 PASS not_null_stg_pages_page_url ...................................... [[32mPASS[0m in 0.49s]
[2025-05-25T16:42:12.228+0000] {utils.py:73} INFO - [0m16:42:12  51 of 79 PASS not_null_stg_pages_page_title .................................... [[32mPASS[0m in 0.68s]
[2025-05-25T16:42:12.278+0000] {utils.py:73} INFO - [0m16:42:12  53 of 79 PASS not_null_stg_pages_upload_date ................................... [[32mPASS[0m in 0.53s]
[2025-05-25T16:42:12.319+0000] {utils.py:73} INFO - [0m16:42:12  55 of 79 START test not_null_stg_website_activity_event_date ................... [RUN]
[2025-05-25T16:42:12.337+0000] {utils.py:73} INFO - [0m16:42:12  56 of 79 START test not_null_stg_website_activity_pages_viewed ................. [RUN]
[2025-05-25T16:42:12.378+0000] {utils.py:73} INFO - [0m16:42:12  57 of 79 START test not_null_stg_website_activity_session_duration ............. [RUN]
[2025-05-25T16:42:12.721+0000] {utils.py:73} INFO - [0m16:42:12  54 of 79 PASS not_null_stg_website_activity_contact_id ......................... [[32mPASS[0m in 0.53s]
[2025-05-25T16:42:12.754+0000] {utils.py:73} INFO - [0m16:42:12  58 of 79 START test not_null_stg_website_activity_session_id ................... [RUN]
[2025-05-25T16:42:12.907+0000] {utils.py:73} INFO - [0m16:42:12  56 of 79 PASS not_null_stg_website_activity_pages_viewed ....................... [[32mPASS[0m in 0.54s]
[2025-05-25T16:42:12.959+0000] {utils.py:73} INFO - [0m16:42:12  55 of 79 PASS not_null_stg_website_activity_event_date ......................... [[32mPASS[0m in 0.56s]
[2025-05-25T16:42:12.984+0000] {utils.py:73} INFO - [0m16:42:12  57 of 79 PASS not_null_stg_website_activity_session_duration ................... [[32mPASS[0m in 0.58s]
[2025-05-25T16:42:13.024+0000] {utils.py:73} INFO - [0m16:42:13  59 of 79 START test not_null_stg_website_activity_upload_date .................. [RUN]
[2025-05-25T16:42:13.037+0000] {utils.py:73} INFO - [0m16:42:13  60 of 79 START test relationships_mart_form_fills_contact_id__contact_id__ref_mart_contacts_  [RUN]
[2025-05-25T16:42:13.070+0000] {utils.py:73} INFO - [0m16:42:13  61 of 79 START test relationships_mart_website_activity_contact_id__contact_id__ref_mart_contacts_  [RUN]
[2025-05-25T16:42:13.237+0000] {utils.py:73} INFO - [0m16:42:13  58 of 79 PASS not_null_stg_website_activity_session_id ......................... [[32mPASS[0m in 0.47s]
[2025-05-25T16:42:13.372+0000] {utils.py:73} INFO - [0m16:42:13  62 of 79 START test relationships_stg_campaigns_campaign_name__campaign_id__ref_stg_campaigns_  [RUN]
[2025-05-25T16:42:13.966+0000] {utils.py:73} INFO - [0m16:42:13  59 of 79 PASS not_null_stg_website_activity_upload_date ........................ [[32mPASS[0m in 0.91s]
[2025-05-25T16:42:13.976+0000] {utils.py:73} INFO - [0m16:42:13  60 of 79 FAIL 1000 relationships_mart_form_fills_contact_id__contact_id__ref_mart_contacts_  [[31mFAIL 1000[0m in 0.91s]
[2025-05-25T16:42:14.016+0000] {utils.py:73} INFO - [0m16:42:14  63 of 79 START test relationships_stg_form_fills_contact_id__contact_id__ref_stg_contacts_  [RUN]
[2025-05-25T16:42:14.036+0000] {utils.py:73} INFO - [0m16:42:14  61 of 79 FAIL 1000 relationships_mart_website_activity_contact_id__contact_id__ref_mart_contacts_  [[31mFAIL 1000[0m in 0.94s]
[2025-05-25T16:42:14.052+0000] {utils.py:73} INFO - [0m16:42:14  64 of 79 START test relationships_stg_website_activity_contact_id__contact_id__ref_stg_contacts_  [RUN]
[2025-05-25T16:42:14.108+0000] {utils.py:73} INFO - [0m16:42:14  65 of 79 START test unique_mart_campaigns_campaign_id .......................... [RUN]
[2025-05-25T16:42:14.152+0000] {utils.py:73} INFO - [0m16:42:14  62 of 79 FAIL 3 relationships_stg_campaigns_campaign_name__campaign_id__ref_stg_campaigns_  [[31mFAIL 3[0m in 0.75s]
[2025-05-25T16:42:14.218+0000] {utils.py:73} INFO - [0m16:42:14  66 of 79 START test unique_mart_contacts_contact_id ............................ [RUN]
[2025-05-25T16:42:15.201+0000] {utils.py:73} INFO - [0m16:42:15  63 of 79 FAIL 1000 relationships_stg_form_fills_contact_id__contact_id__ref_stg_contacts_  [[31mFAIL 1000[0m in 1.16s]
[2025-05-25T16:42:15.213+0000] {utils.py:73} INFO - [0m16:42:15  65 of 79 PASS unique_mart_campaigns_campaign_id ................................ [[32mPASS[0m in 1.06s]
[2025-05-25T16:42:15.302+0000] {utils.py:73} INFO - [0m16:42:15  67 of 79 START test unique_mart_contacts_email ................................. [RUN]
[2025-05-25T16:42:15.310+0000] {utils.py:73} INFO - [0m16:42:15  68 of 79 START test unique_mart_form_fills_fill_id ............................. [RUN]
[2025-05-25T16:42:15.444+0000] {utils.py:73} INFO - [0m16:42:15  64 of 79 FAIL 1000 relationships_stg_website_activity_contact_id__contact_id__ref_stg_contacts_  [[31mFAIL 1000[0m in 1.38s]
[2025-05-25T16:42:15.478+0000] {utils.py:73} INFO - [0m16:42:15  69 of 79 START test unique_mart_forms_form_id .................................. [RUN]
[2025-05-25T16:42:15.664+0000] {utils.py:73} INFO - [0m16:42:15  66 of 79 PASS unique_mart_contacts_contact_id .................................. [[32mPASS[0m in 1.38s]
[2025-05-25T16:42:15.801+0000] {utils.py:73} INFO - [0m16:42:15  70 of 79 START test unique_mart_pages_page_id .................................. [RUN]
[2025-05-25T16:42:16.061+0000] {utils.py:73} INFO - [0m16:42:16  67 of 79 PASS unique_mart_contacts_email ....................................... [[32mPASS[0m in 0.74s]
[2025-05-25T16:42:16.078+0000] {utils.py:73} INFO - [0m16:42:16  71 of 79 START test unique_mart_website_activity_session_id .................... [RUN]
[2025-05-25T16:42:16.325+0000] {utils.py:73} INFO - [0m16:42:16  68 of 79 PASS unique_mart_form_fills_fill_id ................................... [[32mPASS[0m in 1.00s]
[2025-05-25T16:42:16.344+0000] {utils.py:73} INFO - [0m16:42:16  72 of 79 START test unique_stg_campaigns_campaign_id ........................... [RUN]
[2025-05-25T16:42:16.778+0000] {utils.py:73} INFO - [0m16:42:16  69 of 79 PASS unique_mart_forms_form_id ........................................ [[32mPASS[0m in 1.30s]
[2025-05-25T16:42:16.790+0000] {utils.py:73} INFO - [0m16:42:16  73 of 79 START test unique_stg_contacts_contact_id ............................. [RUN]
[2025-05-25T16:42:16.912+0000] {utils.py:73} INFO - [0m16:42:16  71 of 79 PASS unique_mart_website_activity_session_id .......................... [[32mPASS[0m in 0.83s]
[2025-05-25T16:42:16.944+0000] {utils.py:73} INFO - [0m16:42:16  70 of 79 ERROR unique_mart_pages_page_id ....................................... [[31mERROR[0m in 1.11s]
[2025-05-25T16:42:16.954+0000] {utils.py:73} INFO - [0m16:42:16  74 of 79 START test unique_stg_contacts_email .................................. [RUN]
[2025-05-25T16:42:16.962+0000] {utils.py:73} INFO - [0m16:42:16  72 of 79 PASS unique_stg_campaigns_campaign_id ................................. [[32mPASS[0m in 0.61s]
[2025-05-25T16:42:16.998+0000] {utils.py:73} INFO - [0m16:42:16  75 of 79 START test unique_stg_form_fills_fill_id .............................. [RUN]
[2025-05-25T16:42:17.315+0000] {utils.py:73} INFO - [0m16:42:17  76 of 79 START test unique_stg_forms_form_id ................................... [RUN]
[2025-05-25T16:42:18.097+0000] {utils.py:73} INFO - [0m16:42:18  75 of 79 PASS unique_stg_form_fills_fill_id .................................... [[32mPASS[0m in 0.74s]
[2025-05-25T16:42:18.121+0000] {utils.py:73} INFO - [0m16:42:18  77 of 79 START test unique_stg_pages_page_id ................................... [RUN]
[2025-05-25T16:42:18.358+0000] {utils.py:73} INFO - [0m16:42:18  73 of 79 PASS unique_stg_contacts_contact_id ................................... [[32mPASS[0m in 1.56s]
[2025-05-25T16:42:18.371+0000] {utils.py:73} INFO - [0m16:42:18  78 of 79 START test unique_stg_website_activity_session_id ..................... [RUN]
[2025-05-25T16:42:18.422+0000] {utils.py:73} INFO - [0m16:42:18  74 of 79 PASS unique_stg_contacts_email ........................................ [[32mPASS[0m in 1.44s]
[2025-05-25T16:42:18.454+0000] {utils.py:73} INFO - [0m16:42:18  76 of 79 PASS unique_stg_forms_form_id ......................................... [[32mPASS[0m in 1.01s]
[2025-05-25T16:42:18.512+0000] {utils.py:73} INFO - [0m16:42:18  79 of 79 START test website_activity_outside_business_hours .................... [RUN]
[2025-05-25T16:42:18.529+0000] {utils.py:73} INFO - [0m16:42:18  77 of 79 FAIL 4 unique_stg_pages_page_id ....................................... [[31mFAIL 4[0m in 0.40s]
[2025-05-25T16:42:18.798+0000] {utils.py:73} INFO - [0m16:42:18  78 of 79 PASS unique_stg_website_activity_session_id ........................... [[32mPASS[0m in 0.42s]
[2025-05-25T16:42:18.863+0000] {utils.py:73} INFO - [0m16:42:18  79 of 79 FAIL 1000 website_activity_outside_business_hours ..................... [[31mFAIL 1000[0m in 0.32s]
[2025-05-25T16:42:19.866+0000] {utils.py:73} INFO - [0m16:42:19
[2025-05-25T16:42:19.872+0000] {utils.py:73} INFO - [0m16:42:19  Finished running 79 data tests in 0 hours 0 minutes and 27.90 seconds (27.90s).
[2025-05-25T16:42:20.172+0000] {utils.py:73} INFO - [0m16:42:20
[2025-05-25T16:42:20.177+0000] {utils.py:73} INFO - [0m16:42:20  [31mCompleted with 17 errors, 0 partial successes, and 0 warnings:[0m
[2025-05-25T16:42:20.188+0000] {utils.py:73} INFO - [0m16:42:20
[2025-05-25T16:42:20.198+0000] {utils.py:73} INFO - [0m16:42:20    Compilation Error in test expression_is_true_stg_website_activity_pages_viewed__pages_viewed_0 (models/staging/schema.yml)
[2025-05-25T16:42:20.204+0000] {utils.py:73} INFO - 'test_expression_is_true' is undefined. This can happen when calling a macro that does not exist. Check for typos and/or install package dependencies with "dbt deps".
[2025-05-25T16:42:20.208+0000] {utils.py:73} INFO - [0m16:42:20
[2025-05-25T16:42:20.212+0000] {utils.py:73} INFO - [0m16:42:20    Compilation Error in test expression_is_true_stg_pages_page_url__page_url_LIKE_http_ (models/staging/schema.yml)
[2025-05-25T16:42:20.215+0000] {utils.py:73} INFO - 'test_expression_is_true' is undefined. This can happen when calling a macro that does not exist. Check for typos and/or install package dependencies with "dbt deps".
[2025-05-25T16:42:20.222+0000] {utils.py:73} INFO - [0m16:42:20
[2025-05-25T16:42:20.227+0000] {utils.py:73} INFO - [0m16:42:20    Compilation Error in test expression_is_true_stg_form_fills_fill_date__fill_date_current_timestamp_ (models/staging/schema.yml)
[2025-05-25T16:42:20.231+0000] {utils.py:73} INFO - 'test_expression_is_true' is undefined. This can happen when calling a macro that does not exist. Check for typos and/or install package dependencies with "dbt deps".
[2025-05-25T16:42:20.235+0000] {utils.py:73} INFO - [0m16:42:20
[2025-05-25T16:42:20.240+0000] {utils.py:73} INFO - [0m16:42:20  [31mFailure in test mart_no_orphan_form_fills (tests/mart_no_orphan_form_fills.sql)[0m
[2025-05-25T16:42:20.248+0000] {utils.py:73} INFO - [0m16:42:20    Got 1000 results, configured to fail if != 0
[2025-05-25T16:42:20.255+0000] {utils.py:73} INFO - [0m16:42:20
[2025-05-25T16:42:20.262+0000] {utils.py:73} INFO - [0m16:42:20    compiled code at target/compiled/marketing_pipeline/tests/mart_no_orphan_form_fills.sql
[2025-05-25T16:42:20.271+0000] {utils.py:73} INFO - [0m16:42:20
[2025-05-25T16:42:20.281+0000] {utils.py:73} INFO - [0m16:42:20  [31mFailure in test no_duplicate_form_fills_per_contact (tests/no_duplicate_form_fills_per_contact.sql)[0m
[2025-05-25T16:42:20.289+0000] {utils.py:73} INFO - [0m16:42:20    Got 271 results, configured to fail if != 0
[2025-05-25T16:42:20.295+0000] {utils.py:73} INFO - [0m16:42:20
[2025-05-25T16:42:20.308+0000] {utils.py:73} INFO - [0m16:42:20    compiled code at target/compiled/marketing_pipeline/tests/no_duplicate_form_fills_per_contact.sql
[2025-05-25T16:42:20.313+0000] {utils.py:73} INFO - [0m16:42:20
[2025-05-25T16:42:20.325+0000] {utils.py:73} INFO - [0m16:42:20  [31mFailure in test mart_pages_url_format (tests/mart_pages_url_format.sql)[0m
[2025-05-25T16:42:20.329+0000] {utils.py:73} INFO - [0m16:42:20    Got 8 results, configured to fail if != 0
[2025-05-25T16:42:20.337+0000] {utils.py:73} INFO - [0m16:42:20
[2025-05-25T16:42:20.344+0000] {utils.py:73} INFO - [0m16:42:20    compiled code at target/compiled/marketing_pipeline/tests/mart_pages_url_format.sql
[2025-05-25T16:42:20.356+0000] {utils.py:73} INFO - [0m16:42:20
[2025-05-25T16:42:20.363+0000] {utils.py:73} INFO - [0m16:42:20    Database Error in test not_null_mart_campaigns_end_date (models/marts/schema.yml)
[2025-05-25T16:42:20.367+0000] {utils.py:73} INFO - 000904 (42000): SQL compilation error: error line 14 at position 7
[2025-05-25T16:42:20.374+0000] {utils.py:73} INFO - invalid identifier 'END_DATE'
[2025-05-25T16:42:20.379+0000] {utils.py:73} INFO - compiled code at target/run/marketing_pipeline/models/marts/schema.yml/not_null_mart_campaigns_end_date.sql
[2025-05-25T16:42:20.384+0000] {utils.py:73} INFO - [0m16:42:20
[2025-05-25T16:42:20.394+0000] {utils.py:73} INFO - [0m16:42:20    Database Error in test not_null_mart_campaigns_start_date (models/marts/schema.yml)
[2025-05-25T16:42:20.398+0000] {utils.py:73} INFO - 000904 (42000): SQL compilation error: error line 14 at position 7
[2025-05-25T16:42:20.404+0000] {utils.py:73} INFO - invalid identifier 'START_DATE'
[2025-05-25T16:42:20.407+0000] {utils.py:73} INFO - compiled code at target/run/marketing_pipeline/models/marts/schema.yml/not_null_mart_campaigns_start_date.sql
[2025-05-25T16:42:20.412+0000] {utils.py:73} INFO - [0m16:42:20
[2025-05-25T16:42:20.417+0000] {utils.py:73} INFO - [0m16:42:20    Database Error in test not_null_mart_pages_page_id (models/marts/schema.yml)
[2025-05-25T16:42:20.424+0000] {utils.py:73} INFO - 000904 (42000): SQL compilation error: error line 14 at position 7
[2025-05-25T16:42:20.427+0000] {utils.py:73} INFO - invalid identifier 'PAGE_ID'
[2025-05-25T16:42:20.432+0000] {utils.py:73} INFO - compiled code at target/run/marketing_pipeline/models/marts/schema.yml/not_null_mart_pages_page_id.sql
[2025-05-25T16:42:20.445+0000] {utils.py:73} INFO - [0m16:42:20
[2025-05-25T16:42:20.449+0000] {utils.py:73} INFO - [0m16:42:20  [31mFailure in test relationships_mart_form_fills_contact_id__contact_id__ref_mart_contacts_ (models/marts/schema.yml)[0m
[2025-05-25T16:42:20.454+0000] {utils.py:73} INFO - [0m16:42:20    Got 1000 results, configured to fail if != 0
[2025-05-25T16:42:20.459+0000] {utils.py:73} INFO - [0m16:42:20
[2025-05-25T16:42:20.462+0000] {utils.py:73} INFO - [0m16:42:20    compiled code at target/compiled/marketing_pipeline/models/marts/schema.yml/relationships_mart_form_fills_a1c56f92d83b0b31640e803fc7260cc3.sql
[2025-05-25T16:42:20.466+0000] {utils.py:73} INFO - [0m16:42:20
[2025-05-25T16:42:20.472+0000] {utils.py:73} INFO - [0m16:42:20  [31mFailure in test relationships_mart_website_activity_contact_id__contact_id__ref_mart_contacts_ (models/marts/schema.yml)[0m
[2025-05-25T16:42:20.476+0000] {utils.py:73} INFO - [0m16:42:20    Got 1000 results, configured to fail if != 0
[2025-05-25T16:42:20.480+0000] {utils.py:73} INFO - [0m16:42:20
[2025-05-25T16:42:20.486+0000] {utils.py:73} INFO - [0m16:42:20    compiled code at target/compiled/marketing_pipeline/models/marts/schema.yml/relationships_mart_website_act_a8d116361c00056161f8d1dae1b78c9d.sql
[2025-05-25T16:42:20.491+0000] {utils.py:73} INFO - [0m16:42:20
[2025-05-25T16:42:20.495+0000] {utils.py:73} INFO - [0m16:42:20  [31mFailure in test relationships_stg_campaigns_campaign_name__campaign_id__ref_stg_campaigns_ (models/staging/schema.yml)[0m
[2025-05-25T16:42:20.499+0000] {utils.py:73} INFO - [0m16:42:20    Got 3 results, configured to fail if != 0
[2025-05-25T16:42:20.504+0000] {utils.py:73} INFO - [0m16:42:20
[2025-05-25T16:42:20.509+0000] {utils.py:73} INFO - [0m16:42:20    compiled code at target/compiled/marketing_pipeline/models/staging/schema.yml/relationships_stg_campaigns_3a16908a32571b0bb273e549269b9f1a.sql
[2025-05-25T16:42:20.514+0000] {utils.py:73} INFO - [0m16:42:20
[2025-05-25T16:42:20.522+0000] {utils.py:73} INFO - [0m16:42:20  [31mFailure in test relationships_stg_form_fills_contact_id__contact_id__ref_stg_contacts_ (models/staging/schema.yml)[0m
[2025-05-25T16:42:20.527+0000] {utils.py:73} INFO - [0m16:42:20    Got 1000 results, configured to fail if != 0
[2025-05-25T16:42:20.532+0000] {utils.py:73} INFO - [0m16:42:20
[2025-05-25T16:42:20.537+0000] {utils.py:73} INFO - [0m16:42:20    compiled code at target/compiled/marketing_pipeline/models/staging/schema.yml/relationships_stg_form_fills_483eb1f83598d09ec1cfd2d39fcc1735.sql
[2025-05-25T16:42:20.540+0000] {utils.py:73} INFO - [0m16:42:20
[2025-05-25T16:42:20.544+0000] {utils.py:73} INFO - [0m16:42:20  [31mFailure in test relationships_stg_website_activity_contact_id__contact_id__ref_stg_contacts_ (models/staging/schema.yml)[0m
[2025-05-25T16:42:20.548+0000] {utils.py:73} INFO - [0m16:42:20    Got 1000 results, configured to fail if != 0
[2025-05-25T16:42:20.554+0000] {utils.py:73} INFO - [0m16:42:20
[2025-05-25T16:42:20.559+0000] {utils.py:73} INFO - [0m16:42:20    compiled code at target/compiled/marketing_pipeline/models/staging/schema.yml/relationships_stg_website_acti_922f9791aab02da463c54222730dbfdd.sql
[2025-05-25T16:42:20.563+0000] {utils.py:73} INFO - [0m16:42:20
[2025-05-25T16:42:20.567+0000] {utils.py:73} INFO - [0m16:42:20    Database Error in test unique_mart_pages_page_id (models/marts/schema.yml)
[2025-05-25T16:42:20.573+0000] {utils.py:73} INFO - 000904 (42000): SQL compilation error: error line 13 at position 4
[2025-05-25T16:42:20.578+0000] {utils.py:73} INFO - invalid identifier 'PAGE_ID'
[2025-05-25T16:42:20.595+0000] {utils.py:73} INFO - compiled code at target/run/marketing_pipeline/models/marts/schema.yml/unique_mart_pages_page_id.sql
[2025-05-25T16:42:20.613+0000] {utils.py:73} INFO - [0m16:42:20
[2025-05-25T16:42:20.626+0000] {utils.py:73} INFO - [0m16:42:20  [31mFailure in test unique_stg_pages_page_id (models/staging/schema.yml)[0m
[2025-05-25T16:42:20.640+0000] {utils.py:73} INFO - [0m16:42:20    Got 4 results, configured to fail if != 0
[2025-05-25T16:42:20.648+0000] {utils.py:73} INFO - [0m16:42:20
[2025-05-25T16:42:20.659+0000] {utils.py:73} INFO - [0m16:42:20    compiled code at target/compiled/marketing_pipeline/models/staging/schema.yml/unique_stg_pages_page_id.sql
[2025-05-25T16:42:20.665+0000] {utils.py:73} INFO - [0m16:42:20
[2025-05-25T16:42:20.673+0000] {utils.py:73} INFO - [0m16:42:20  [31mFailure in test website_activity_outside_business_hours (tests/website_activity_outside_business_hours.sql)[0m
[2025-05-25T16:42:20.680+0000] {utils.py:73} INFO - [0m16:42:20    Got 1000 results, configured to fail if != 0
[2025-05-25T16:42:20.714+0000] {utils.py:73} INFO - [0m16:42:20
[2025-05-25T16:42:20.722+0000] {utils.py:73} INFO - [0m16:42:20    compiled code at target/compiled/marketing_pipeline/tests/website_activity_outside_business_hours.sql
[2025-05-25T16:42:20.745+0000] {utils.py:73} INFO - [0m16:42:20
[2025-05-25T16:42:20.750+0000] {utils.py:73} INFO - [0m16:42:20  Done. PASS=62 WARN=0 ERROR=17 SKIP=0 TOTAL=79
[2025-05-25T16:42:21.796+0000] {utils.py:86} ERROR - dbt tests failed: dbt command failed with exit code 1
[2025-05-25T16:42:21.800+0000] {taskinstance.py:2698} ERROR - Task failed with exception
Traceback (most recent call last):
  File "/opt/airflow/scripts/utils.py", line 83, in run_dbt_test
    run_dbt(cmd)
  File "/opt/airflow/scripts/utils.py", line 77, in run_dbt
    raise RuntimeError(f"dbt command failed with exit code {return_code}")
RuntimeError: dbt command failed with exit code 1

During handling of the above exception, another exception occurred:

Traceback (most recent call last):
  File "/home/airflow/.local/lib/python3.10/site-packages/airflow/models/taskinstance.py", line 433, in _execute_task
    result = execute_callable(context=context, **execute_callable_kwargs)
  File "/home/airflow/.local/lib/python3.10/site-packages/airflow/operators/python.py", line 199, in execute
    return_value = self.execute_callable()
  File "/home/airflow/.local/lib/python3.10/site-packages/airflow/operators/python.py", line 216, in execute_callable
    return self.python_callable(*self.op_args, **self.op_kwargs)
  File "/opt/airflow/dags/test.py", line 40, in _wrapped
    fn(**kwargs)
  File "/opt/airflow/scripts/utils.py", line 90, in run_dbt_test
    notify_failure(**context)
TypeError: notify_failure() got an unexpected keyword argument 'conf'
[2025-05-25T16:42:21.864+0000] {taskinstance.py:1138} INFO - Marking task as FAILED. dag_id=final_marketing_data_pipeline, task_id=dbt_run.dbt_test, execution_date=20250525T162547, start_date=20250525T164133, end_date=20250525T164221
[2025-05-25T16:42:21.865+0000] {email_notification.py:55} WARNING - üìß Sending generic failure email [Airflow] Failure in final_marketing_data_pipeline.dbt_run.dbt_test (Attempt 2/1)
[2025-05-25T16:42:22.436+0000] {logging_mixin.py:188} WARNING - /home/***/.local/lib/python3.10/site-packages/***/utils/email.py:154 RemovedInAirflow3Warning: Fetching SMTP credentials from configuration variables will be deprecated in a future release. Please set credentials using a connection instead.
[2025-05-25T16:42:22.440+0000] {email.py:270} INFO - Email alerting: attempt 1
[2025-05-25T16:42:24.020+0000] {email.py:281} INFO - Sent an alert email to ['yashbhawsar872@gmail.com']
[2025-05-25T16:42:25.859+0000] {standard_task_runner.py:107} ERROR - Failed to execute job 127 for task dbt_run.dbt_test (notify_failure() got an unexpected keyword argument 'conf'; 16435)
[2025-05-25T16:42:25.914+0000] {local_task_job_runner.py:234} INFO - Task exited with return code 1
[2025-05-25T16:42:26.052+0000] {taskinstance.py:3280} INFO - 0 downstream tasks scheduled from follow-on schedule check
