[2025-05-27T22:15:31.647+0000] {taskinstance.py:1956} INFO - Dependencies all met for dep_context=non-requeueable deps ti=<TaskInstance: Marketing_Data_Pipeline.dbt_run.dbt_test manual__2025-05-25T00:00:00+00:00 [queued]>
[2025-05-27T22:15:31.665+0000] {taskinstance.py:1956} INFO - Dependencies all met for dep_context=requeueable deps ti=<TaskInstance: Marketing_Data_Pipeline.dbt_run.dbt_test manual__2025-05-25T00:00:00+00:00 [queued]>
[2025-05-27T22:15:31.667+0000] {taskinstance.py:2170} INFO - Starting attempt 1 of 1
[2025-05-27T22:15:31.693+0000] {taskinstance.py:2191} INFO - Executing <Task(PythonOperator): dbt_run.dbt_test> on 2025-05-25 00:00:00+00:00
[2025-05-27T22:15:31.706+0000] {standard_task_runner.py:60} INFO - Started process 1656 to run task
[2025-05-27T22:15:31.712+0000] {standard_task_runner.py:87} INFO - Running: ['***', 'tasks', 'run', 'Marketing_Data_Pipeline', 'dbt_run.dbt_test', 'manual__2025-05-25T00:00:00+00:00', '--job-id', '55', '--raw', '--subdir', 'DAGS_FOLDER/Marketing_Data_Pipeline.py', '--cfg-path', '/tmp/tmp53j4diqw']
[2025-05-27T22:15:31.716+0000] {standard_task_runner.py:88} INFO - Job 55: Subtask dbt_run.dbt_test
[2025-05-27T22:15:31.842+0000] {task_command.py:423} INFO - Running <TaskInstance: Marketing_Data_Pipeline.dbt_run.dbt_test manual__2025-05-25T00:00:00+00:00 [running]> on host 485388d78c3d
[2025-05-27T22:15:32.109+0000] {taskinstance.py:2480} INFO - Exporting env vars: AIRFLOW_CTX_DAG_EMAIL='yashbhawsar872@gmail.com' AIRFLOW_CTX_DAG_OWNER='Yash' AIRFLOW_CTX_DAG_ID='Marketing_Data_Pipeline' AIRFLOW_CTX_TASK_ID='dbt_run.dbt_test' AIRFLOW_CTX_EXECUTION_DATE='2025-05-25T00:00:00+00:00' AIRFLOW_CTX_TRY_NUMBER='1' AIRFLOW_CTX_DAG_RUN_ID='manual__2025-05-25T00:00:00+00:00'
[2025-05-27T22:15:32.112+0000] {Marketing_Data_Pipeline.py:39} INFO - ‚ñ∂Ô∏è Starting task: Run all dbt tests
[2025-05-27T22:15:32.116+0000] {utils.py:86} INFO - Running dbt tests: cd /opt/dbt/marketing_pipeline && dbt test 
[2025-05-27T22:15:32.121+0000] {utils.py:65} INFO - Running dbt command: cd /opt/dbt/marketing_pipeline && dbt test 
[2025-05-27T22:15:35.972+0000] {utils.py:78} INFO - [0m22:15:35  Running with dbt=1.9.4
[2025-05-27T22:15:38.015+0000] {utils.py:78} INFO - [0m22:15:38  Registered adapter: snowflake=1.9.4
[2025-05-27T22:15:38.829+0000] {utils.py:78} INFO - [0m22:15:38  Unable to do partial parsing because config vars, config profile, or config target have changed
[2025-05-27T22:15:44.858+0000] {utils.py:78} INFO - [0m22:15:44  Found 12 models, 70 data tests, 6 sources, 479 macros
[2025-05-27T22:15:44.887+0000] {utils.py:78} INFO - [0m22:15:44
[2025-05-27T22:15:44.892+0000] {utils.py:78} INFO - [0m22:15:44  Concurrency: 4 threads (target='dev')
[2025-05-27T22:15:44.898+0000] {utils.py:78} INFO - [0m22:15:44
[2025-05-27T22:15:46.386+0000] {utils.py:78} INFO - [0m22:15:46  1 of 70 START test accepted_values_stg_contacts_email___ ....................... [RUN]
[2025-05-27T22:15:46.391+0000] {utils.py:78} INFO - [0m22:15:46  2 of 70 START test expression_is_true_stg_form_fills_fill_date__fill_date_current_timestamp_  [RUN]
[2025-05-27T22:15:46.397+0000] {utils.py:78} INFO - [0m22:15:46  3 of 70 START test expression_is_true_stg_pages_page_url__page_url_LIKE_http_ .. [RUN]
[2025-05-27T22:15:46.405+0000] {utils.py:78} INFO - [0m22:15:46  4 of 70 START test expression_is_true_stg_website_activity_pages_viewed__pages_viewed_0  [RUN]
[2025-05-27T22:15:46.629+0000] {utils.py:78} INFO - [0m22:15:46  4 of 70 ERROR expression_is_true_stg_website_activity_pages_viewed__pages_viewed_0  [[31mERROR[0m in 0.21s]
[2025-05-27T22:15:46.637+0000] {utils.py:78} INFO - [0m22:15:46  2 of 70 ERROR expression_is_true_stg_form_fills_fill_date__fill_date_current_timestamp_  [[31mERROR[0m in 0.22s]
[2025-05-27T22:15:46.648+0000] {utils.py:78} INFO - [0m22:15:46  3 of 70 ERROR expression_is_true_stg_pages_page_url__page_url_LIKE_http_ ....... [[31mERROR[0m in 0.23s]
[2025-05-27T22:15:46.690+0000] {utils.py:78} INFO - [0m22:15:46  5 of 70 START test mart_no_orphan_form_fills ................................... [RUN]
[2025-05-27T22:15:46.730+0000] {utils.py:78} INFO - [0m22:15:46  6 of 70 START test mart_pages_url_format ....................................... [RUN]
[2025-05-27T22:15:46.756+0000] {utils.py:78} INFO - [0m22:15:46  7 of 70 START test no_duplicate_form_fills_per_contact ......................... [RUN]
[2025-05-27T22:15:47.598+0000] {utils.py:78} INFO - [0m22:15:47  1 of 70 FAIL 1992 accepted_values_stg_contacts_email___ ........................ [[31mFAIL 1992[0m in 1.19s]
[2025-05-27T22:15:47.651+0000] {utils.py:78} INFO - [0m22:15:47  8 of 70 START test not_null_mart_campaigns_campaign_id ......................... [RUN]
[2025-05-27T22:15:47.854+0000] {utils.py:78} INFO - [0m22:15:47  6 of 70 FAIL 4 mart_pages_url_format ........................................... [[31mFAIL 4[0m in 1.00s]
[2025-05-27T22:15:47.870+0000] {utils.py:78} INFO - [0m22:15:47  9 of 70 START test not_null_mart_campaigns_campaign_name ....................... [RUN]
[2025-05-27T22:15:48.066+0000] {utils.py:78} INFO - [0m22:15:48  8 of 70 PASS not_null_mart_campaigns_campaign_id ............................... [[32mPASS[0m in 0.40s]
[2025-05-27T22:15:48.084+0000] {utils.py:78} INFO - [0m22:15:48  10 of 70 START test not_null_mart_campaigns_end_date ........................... [RUN]
[2025-05-27T22:15:48.214+0000] {utils.py:78} INFO - [0m22:15:48  9 of 70 PASS not_null_mart_campaigns_campaign_name ............................. [[32mPASS[0m in 0.33s]
[2025-05-27T22:15:48.236+0000] {utils.py:78} INFO - [0m22:15:48  11 of 70 START test not_null_mart_campaigns_start_date ......................... [RUN]
[2025-05-27T22:15:48.416+0000] {utils.py:78} INFO - [0m22:15:48  10 of 70 ERROR not_null_mart_campaigns_end_date ................................ [[31mERROR[0m in 0.32s]
[2025-05-27T22:15:48.468+0000] {utils.py:78} INFO - [0m22:15:48  12 of 70 START test not_null_mart_contacts_contact_id .......................... [RUN]
[2025-05-27T22:15:48.501+0000] {utils.py:78} INFO - [0m22:15:48  7 of 70 FAIL 520 no_duplicate_form_fills_per_contact ........................... [[31mFAIL 520[0m in 1.48s]
[2025-05-27T22:15:48.560+0000] {utils.py:78} INFO - [0m22:15:48  5 of 70 PASS mart_no_orphan_form_fills ......................................... [[32mPASS[0m in 1.78s]
[2025-05-27T22:15:48.632+0000] {utils.py:78} INFO - [0m22:15:48  13 of 70 START test not_null_mart_contacts_email ............................... [RUN]
[2025-05-27T22:15:48.647+0000] {utils.py:78} INFO - [0m22:15:48  11 of 70 ERROR not_null_mart_campaigns_start_date .............................. [[31mERROR[0m in 0.40s]
[2025-05-27T22:15:48.667+0000] {utils.py:78} INFO - [0m22:15:48  14 of 70 START test not_null_mart_contacts_signup_date ......................... [RUN]
[2025-05-27T22:15:48.734+0000] {utils.py:78} INFO - [0m22:15:48  15 of 70 START test not_null_mart_form_fills_contact_id ........................ [RUN]
[2025-05-27T22:15:49.056+0000] {utils.py:78} INFO - [0m22:15:49  12 of 70 PASS not_null_mart_contacts_contact_id ................................ [[32mPASS[0m in 0.57s]
[2025-05-27T22:15:49.110+0000] {utils.py:78} INFO - [0m22:15:49  16 of 70 START test not_null_mart_form_fills_estimated_value ................... [RUN]
[2025-05-27T22:15:49.291+0000] {utils.py:78} INFO - [0m22:15:49  14 of 70 PASS not_null_mart_contacts_signup_date ............................... [[32mPASS[0m in 0.59s]
[2025-05-27T22:15:49.323+0000] {utils.py:78} INFO - [0m22:15:49  13 of 70 PASS not_null_mart_contacts_email ..................................... [[32mPASS[0m in 0.67s]
[2025-05-27T22:15:49.346+0000] {utils.py:78} INFO - [0m22:15:49  17 of 70 START test not_null_mart_form_fills_fill_date ......................... [RUN]
[2025-05-27T22:15:49.385+0000] {utils.py:78} INFO - [0m22:15:49  15 of 70 PASS not_null_mart_form_fills_contact_id .............................. [[32mPASS[0m in 0.61s]
[2025-05-27T22:15:49.390+0000] {utils.py:78} INFO - [0m22:15:49  18 of 70 START test not_null_mart_form_fills_fill_id ........................... [RUN]
[2025-05-27T22:15:49.500+0000] {utils.py:78} INFO - [0m22:15:49  16 of 70 PASS not_null_mart_form_fills_estimated_value ......................... [[32mPASS[0m in 0.38s]
[2025-05-27T22:15:49.515+0000] {utils.py:78} INFO - [0m22:15:49  19 of 70 START test not_null_mart_form_fills_form_id ........................... [RUN]
[2025-05-27T22:15:49.577+0000] {utils.py:78} INFO - [0m22:15:49  20 of 70 START test not_null_mart_forms_form_id ................................ [RUN]
[2025-05-27T22:15:49.864+0000] {utils.py:78} INFO - [0m22:15:49  17 of 70 PASS not_null_mart_form_fills_fill_date ............................... [[32mPASS[0m in 0.52s]
[2025-05-27T22:15:49.879+0000] {utils.py:78} INFO - [0m22:15:49  21 of 70 START test not_null_mart_forms_form_type .............................. [RUN]
[2025-05-27T22:15:49.931+0000] {utils.py:78} INFO - [0m22:15:49  18 of 70 PASS not_null_mart_form_fills_fill_id ................................. [[32mPASS[0m in 0.44s]
[2025-05-27T22:15:49.954+0000] {utils.py:78} INFO - [0m22:15:49  19 of 70 PASS not_null_mart_form_fills_form_id ................................. [[32mPASS[0m in 0.40s]
[2025-05-27T22:15:50.037+0000] {utils.py:78} INFO - [0m22:15:50  20 of 70 PASS not_null_mart_forms_form_id ...................................... [[32mPASS[0m in 0.43s]
[2025-05-27T22:15:50.042+0000] {utils.py:78} INFO - [0m22:15:50  22 of 70 START test not_null_mart_pages_page_id ................................ [RUN]
[2025-05-27T22:15:50.057+0000] {utils.py:78} INFO - [0m22:15:50  23 of 70 START test not_null_mart_pages_page_title ............................. [RUN]
[2025-05-27T22:15:50.100+0000] {utils.py:78} INFO - [0m22:15:50  24 of 70 START test not_null_mart_pages_page_url ............................... [RUN]
[2025-05-27T22:15:50.363+0000] {utils.py:78} INFO - [0m22:15:50  21 of 70 PASS not_null_mart_forms_form_type .................................... [[32mPASS[0m in 0.48s]
[2025-05-27T22:15:50.377+0000] {utils.py:78} INFO - [0m22:15:50  25 of 70 START test not_null_mart_website_activity_bounce ...................... [RUN]
[2025-05-27T22:15:50.434+0000] {utils.py:78} INFO - [0m22:15:50  22 of 70 PASS not_null_mart_pages_page_id ...................................... [[32mPASS[0m in 0.36s]
[2025-05-27T22:15:50.493+0000] {utils.py:78} INFO - [0m22:15:50  26 of 70 START test not_null_mart_website_activity_contact_id .................. [RUN]
[2025-05-27T22:15:50.518+0000] {utils.py:78} INFO - [0m22:15:50  24 of 70 PASS not_null_mart_pages_page_url ..................................... [[32mPASS[0m in 0.36s]
[2025-05-27T22:15:50.532+0000] {utils.py:78} INFO - [0m22:15:50  23 of 70 PASS not_null_mart_pages_page_title ................................... [[32mPASS[0m in 0.45s]
[2025-05-27T22:15:50.603+0000] {utils.py:78} INFO - [0m22:15:50  27 of 70 START test not_null_mart_website_activity_event_date .................. [RUN]
[2025-05-27T22:15:50.628+0000] {utils.py:78} INFO - [0m22:15:50  28 of 70 START test not_null_mart_website_activity_pages_viewed ................ [RUN]
[2025-05-27T22:15:50.881+0000] {utils.py:78} INFO - [0m22:15:50  25 of 70 PASS not_null_mart_website_activity_bounce ............................ [[32mPASS[0m in 0.50s]
[2025-05-27T22:15:50.931+0000] {utils.py:78} INFO - [0m22:15:50  29 of 70 START test not_null_mart_website_activity_session_duration ............ [RUN]
[2025-05-27T22:15:51.038+0000] {utils.py:78} INFO - [0m22:15:51  26 of 70 PASS not_null_mart_website_activity_contact_id ........................ [[32mPASS[0m in 0.49s]
[2025-05-27T22:15:51.066+0000] {utils.py:78} INFO - [0m22:15:51  28 of 70 PASS not_null_mart_website_activity_pages_viewed ...................... [[32mPASS[0m in 0.42s]
[2025-05-27T22:15:51.099+0000] {utils.py:78} INFO - [0m22:15:51  30 of 70 START test not_null_mart_website_activity_session_id .................. [RUN]
[2025-05-27T22:15:51.113+0000] {utils.py:78} INFO - [0m22:15:51  27 of 70 PASS not_null_mart_website_activity_event_date ........................ [[32mPASS[0m in 0.47s]
[2025-05-27T22:15:51.141+0000] {utils.py:78} INFO - [0m22:15:51  31 of 70 START test not_null_stg_campaigns_campaign_id ......................... [RUN]
[2025-05-27T22:15:51.179+0000] {utils.py:78} INFO - [0m22:15:51  32 of 70 START test not_null_stg_campaigns_campaign_name ....................... [RUN]
[2025-05-27T22:15:51.318+0000] {utils.py:78} INFO - [0m22:15:51  29 of 70 PASS not_null_mart_website_activity_session_duration .................. [[32mPASS[0m in 0.37s]
[2025-05-27T22:15:51.391+0000] {utils.py:78} INFO - [0m22:15:51  33 of 70 START test not_null_stg_campaigns_dim_date ............................ [RUN]
[2025-05-27T22:15:51.557+0000] {utils.py:78} INFO - [0m22:15:51  30 of 70 PASS not_null_mart_website_activity_session_id ........................ [[32mPASS[0m in 0.43s]
[2025-05-27T22:15:51.575+0000] {utils.py:78} INFO - [0m22:15:51  34 of 70 START test not_null_stg_contacts_contact_id ........................... [RUN]
[2025-05-27T22:15:51.643+0000] {utils.py:78} INFO - [0m22:15:51  31 of 70 PASS not_null_stg_campaigns_campaign_id ............................... [[32mPASS[0m in 0.48s]
[2025-05-27T22:15:51.660+0000] {utils.py:78} INFO - [0m22:15:51  32 of 70 PASS not_null_stg_campaigns_campaign_name ............................. [[32mPASS[0m in 0.47s]
[2025-05-27T22:15:51.697+0000] {utils.py:78} INFO - [0m22:15:51  35 of 70 START test not_null_stg_contacts_email ................................ [RUN]
[2025-05-27T22:15:51.717+0000] {utils.py:78} INFO - [0m22:15:51  36 of 70 START test not_null_stg_contacts_signup_date .......................... [RUN]
[2025-05-27T22:15:51.814+0000] {utils.py:78} INFO - [0m22:15:51  33 of 70 PASS not_null_stg_campaigns_dim_date .................................. [[32mPASS[0m in 0.40s]
[2025-05-27T22:15:51.868+0000] {utils.py:78} INFO - [0m22:15:51  37 of 70 START test not_null_stg_form_fills_contact_id ......................... [RUN]
[2025-05-27T22:15:51.978+0000] {utils.py:78} INFO - [0m22:15:51  34 of 70 PASS not_null_stg_contacts_contact_id ................................. [[32mPASS[0m in 0.39s]
[2025-05-27T22:15:52.000+0000] {utils.py:78} INFO - [0m22:15:51  38 of 70 START test not_null_stg_form_fills_fill_date .......................... [RUN]
[2025-05-27T22:15:52.076+0000] {utils.py:78} INFO - [0m22:15:52  36 of 70 PASS not_null_stg_contacts_signup_date ................................ [[32mPASS[0m in 0.35s]
[2025-05-27T22:15:52.101+0000] {utils.py:78} INFO - [0m22:15:52  35 of 70 PASS not_null_stg_contacts_email ...................................... [[32mPASS[0m in 0.38s]
[2025-05-27T22:15:52.149+0000] {utils.py:78} INFO - [0m22:15:52  39 of 70 START test not_null_stg_form_fills_fill_id ............................ [RUN]
[2025-05-27T22:15:52.173+0000] {utils.py:78} INFO - [0m22:15:52  40 of 70 START test not_null_stg_form_fills_form_id ............................ [RUN]
[2025-05-27T22:15:52.238+0000] {utils.py:78} INFO - [0m22:15:52  37 of 70 PASS not_null_stg_form_fills_contact_id ............................... [[32mPASS[0m in 0.36s]
[2025-05-27T22:15:52.354+0000] {utils.py:78} INFO - [0m22:15:52  41 of 70 START test not_null_stg_forms_form_id ................................. [RUN]
[2025-05-27T22:15:52.572+0000] {utils.py:78} INFO - [0m22:15:52  38 of 70 PASS not_null_stg_form_fills_fill_date ................................ [[32mPASS[0m in 0.56s]
[2025-05-27T22:15:52.609+0000] {utils.py:78} INFO - [0m22:15:52  42 of 70 START test not_null_stg_forms_form_type ............................... [RUN]
[2025-05-27T22:15:52.684+0000] {utils.py:78} INFO - [0m22:15:52  39 of 70 PASS not_null_stg_form_fills_fill_id .................................. [[32mPASS[0m in 0.50s]
[2025-05-27T22:15:52.737+0000] {utils.py:78} INFO - [0m22:15:52  40 of 70 PASS not_null_stg_form_fills_form_id .................................. [[32mPASS[0m in 0.54s]
[2025-05-27T22:15:52.779+0000] {utils.py:78} INFO - [0m22:15:52  43 of 70 START test not_null_stg_pages_page_id ................................. [RUN]
[2025-05-27T22:15:52.834+0000] {utils.py:78} INFO - [0m22:15:52  44 of 70 START test not_null_stg_pages_page_title .............................. [RUN]
[2025-05-27T22:15:52.903+0000] {utils.py:78} INFO - [0m22:15:52  41 of 70 PASS not_null_stg_forms_form_id ....................................... [[32mPASS[0m in 0.53s]
[2025-05-27T22:15:53.023+0000] {utils.py:78} INFO - [0m22:15:53  45 of 70 START test not_null_stg_pages_page_url ................................ [RUN]
[2025-05-27T22:15:53.206+0000] {utils.py:78} INFO - [0m22:15:53  42 of 70 PASS not_null_stg_forms_form_type ..................................... [[32mPASS[0m in 0.59s]
[2025-05-27T22:15:53.247+0000] {utils.py:78} INFO - [0m22:15:53  46 of 70 START test not_null_stg_website_activity_contact_id ................... [RUN]
[2025-05-27T22:15:53.383+0000] {utils.py:78} INFO - [0m22:15:53  43 of 70 PASS not_null_stg_pages_page_id ....................................... [[32mPASS[0m in 0.57s]
[2025-05-27T22:15:53.406+0000] {utils.py:78} INFO - [0m22:15:53  44 of 70 PASS not_null_stg_pages_page_title .................................... [[32mPASS[0m in 0.53s]
[2025-05-27T22:15:53.476+0000] {utils.py:78} INFO - [0m22:15:53  45 of 70 PASS not_null_stg_pages_page_url ...................................... [[32mPASS[0m in 0.42s]
[2025-05-27T22:15:53.483+0000] {utils.py:78} INFO - [0m22:15:53  47 of 70 START test not_null_stg_website_activity_event_date ................... [RUN]
[2025-05-27T22:15:53.529+0000] {utils.py:78} INFO - [0m22:15:53  48 of 70 START test not_null_stg_website_activity_pages_viewed ................. [RUN]
[2025-05-27T22:15:53.557+0000] {utils.py:78} INFO - [0m22:15:53  49 of 70 START test not_null_stg_website_activity_session_duration ............. [RUN]
[2025-05-27T22:15:53.681+0000] {utils.py:78} INFO - [0m22:15:53  46 of 70 PASS not_null_stg_website_activity_contact_id ......................... [[32mPASS[0m in 0.42s]
[2025-05-27T22:15:53.827+0000] {utils.py:78} INFO - [0m22:15:53  50 of 70 START test not_null_stg_website_activity_session_id ................... [RUN]
[2025-05-27T22:15:54.106+0000] {utils.py:78} INFO - [0m22:15:54  48 of 70 PASS not_null_stg_website_activity_pages_viewed ....................... [[32mPASS[0m in 0.56s]
[2025-05-27T22:15:54.121+0000] {utils.py:78} INFO - [0m22:15:54  47 of 70 PASS not_null_stg_website_activity_event_date ......................... [[32mPASS[0m in 0.59s]
[2025-05-27T22:15:54.138+0000] {utils.py:78} INFO - [0m22:15:54  49 of 70 PASS not_null_stg_website_activity_session_duration ................... [[32mPASS[0m in 0.53s]
[2025-05-27T22:15:54.201+0000] {utils.py:78} INFO - [0m22:15:54  50 of 70 PASS not_null_stg_website_activity_session_id ......................... [[32mPASS[0m in 0.32s]
[2025-05-27T22:15:54.241+0000] {utils.py:78} INFO - [0m22:15:54  54 of 70 START test relationships_stg_form_fills_contact_id__contact_id__ref_stg_contacts_  [RUN]
[2025-05-27T22:15:54.264+0000] {utils.py:78} INFO - [0m22:15:54  53 of 70 START test relationships_stg_campaigns_campaign_name__campaign_id__ref_stg_campaigns_  [RUN]
[2025-05-27T22:15:54.270+0000] {utils.py:78} INFO - [0m22:15:54  51 of 70 START test relationships_mart_form_fills_contact_id__contact_id__ref_mart_contacts_  [RUN]
[2025-05-27T22:15:54.293+0000] {utils.py:78} INFO - [0m22:15:54  52 of 70 START test relationships_mart_website_activity_contact_id__contact_id__ref_mart_contacts_  [RUN]
[2025-05-27T22:15:54.848+0000] {utils.py:78} INFO - [0m22:15:54  53 of 70 FAIL 3 relationships_stg_campaigns_campaign_name__campaign_id__ref_stg_campaigns_  [[31mFAIL 3[0m in 0.54s]
[2025-05-27T22:15:54.889+0000] {utils.py:78} INFO - [0m22:15:54  55 of 70 START test relationships_stg_website_activity_contact_id__contact_id__ref_stg_contacts_  [RUN]
[2025-05-27T22:15:54.948+0000] {utils.py:78} INFO - [0m22:15:54  51 of 70 PASS relationships_mart_form_fills_contact_id__contact_id__ref_mart_contacts_  [[32mPASS[0m in 0.68s]
[2025-05-27T22:15:54.976+0000] {utils.py:78} INFO - [0m22:15:54  52 of 70 PASS relationships_mart_website_activity_contact_id__contact_id__ref_mart_contacts_  [[32mPASS[0m in 0.67s]
[2025-05-27T22:15:54.992+0000] {utils.py:78} INFO - [0m22:15:54  54 of 70 PASS relationships_stg_form_fills_contact_id__contact_id__ref_stg_contacts_  [[32mPASS[0m in 0.71s]
[2025-05-27T22:15:55.113+0000] {utils.py:78} INFO - [0m22:15:55  56 of 70 START test unique_mart_campaigns_campaign_id .......................... [RUN]
[2025-05-27T22:15:55.149+0000] {utils.py:78} INFO - [0m22:15:55  58 of 70 START test unique_mart_contacts_email ................................. [RUN]
[2025-05-27T22:15:55.170+0000] {utils.py:78} INFO - [0m22:15:55  57 of 70 START test unique_mart_contacts_contact_id ............................ [RUN]
[2025-05-27T22:15:55.648+0000] {utils.py:78} INFO - [0m22:15:55  55 of 70 PASS relationships_stg_website_activity_contact_id__contact_id__ref_stg_contacts_  [[32mPASS[0m in 0.71s]
[2025-05-27T22:15:55.675+0000] {utils.py:78} INFO - [0m22:15:55  59 of 70 START test unique_mart_form_fills_fill_id ............................. [RUN]
[2025-05-27T22:15:55.735+0000] {utils.py:78} INFO - [0m22:15:55  56 of 70 PASS unique_mart_campaigns_campaign_id ................................ [[32mPASS[0m in 0.60s]
[2025-05-27T22:15:55.748+0000] {utils.py:78} INFO - [0m22:15:55  57 of 70 PASS unique_mart_contacts_contact_id .................................. [[32mPASS[0m in 0.51s]
[2025-05-27T22:15:55.804+0000] {utils.py:78} INFO - [0m22:15:55  58 of 70 FAIL 7 unique_mart_contacts_email ..................................... [[31mFAIL 7[0m in 0.54s]
[2025-05-27T22:15:55.833+0000] {utils.py:78} INFO - [0m22:15:55  60 of 70 START test unique_mart_forms_form_id .................................. [RUN]
[2025-05-27T22:15:55.902+0000] {utils.py:78} INFO - [0m22:15:55  62 of 70 START test unique_mart_website_activity_session_id .................... [RUN]
[2025-05-27T22:15:55.975+0000] {utils.py:78} INFO - [0m22:15:55  61 of 70 START test unique_mart_pages_page_id .................................. [RUN]
[2025-05-27T22:15:56.424+0000] {utils.py:78} INFO - [0m22:15:56  59 of 70 PASS unique_mart_form_fills_fill_id ................................... [[32mPASS[0m in 0.72s]
[2025-05-27T22:15:56.455+0000] {utils.py:78} INFO - [0m22:15:56  60 of 70 PASS unique_mart_forms_form_id ........................................ [[32mPASS[0m in 0.57s]
[2025-05-27T22:15:56.481+0000] {utils.py:78} INFO - [0m22:15:56  61 of 70 PASS unique_mart_pages_page_id ........................................ [[32mPASS[0m in 0.48s]
[2025-05-27T22:15:56.516+0000] {utils.py:78} INFO - [0m22:15:56  62 of 70 PASS unique_mart_website_activity_session_id .......................... [[32mPASS[0m in 0.53s]
[2025-05-27T22:15:56.540+0000] {utils.py:78} INFO - [0m22:15:56  63 of 70 START test unique_stg_campaigns_campaign_id ........................... [RUN]
[2025-05-27T22:15:56.574+0000] {utils.py:78} INFO - [0m22:15:56  65 of 70 START test unique_stg_contacts_email .................................. [RUN]
[2025-05-27T22:15:56.649+0000] {utils.py:78} INFO - [0m22:15:56  64 of 70 START test unique_stg_contacts_contact_id ............................. [RUN]
[2025-05-27T22:15:56.672+0000] {utils.py:78} INFO - [0m22:15:56  66 of 70 START test unique_stg_form_fills_fill_id .............................. [RUN]
[2025-05-27T22:15:57.079+0000] {utils.py:78} INFO - [0m22:15:57  63 of 70 PASS unique_stg_campaigns_campaign_id ................................. [[32mPASS[0m in 0.53s]
[2025-05-27T22:15:57.137+0000] {utils.py:78} INFO - [0m22:15:57  67 of 70 START test unique_stg_forms_form_id ................................... [RUN]
[2025-05-27T22:15:57.189+0000] {utils.py:78} INFO - [0m22:15:57  65 of 70 FAIL 7 unique_stg_contacts_email ...................................... [[31mFAIL 7[0m in 0.53s]
[2025-05-27T22:15:57.265+0000] {utils.py:78} INFO - [0m22:15:57  64 of 70 PASS unique_stg_contacts_contact_id ................................... [[32mPASS[0m in 0.61s]
[2025-05-27T22:15:57.446+0000] {utils.py:78} INFO - [0m22:15:57  66 of 70 PASS unique_stg_form_fills_fill_id .................................... [[32mPASS[0m in 0.67s]
[2025-05-27T22:15:57.505+0000] {utils.py:78} INFO - [0m22:15:57  68 of 70 START test unique_stg_pages_page_id ................................... [RUN]
[2025-05-27T22:15:57.552+0000] {utils.py:78} INFO - [0m22:15:57  69 of 70 START test unique_stg_website_activity_session_id ..................... [RUN]
[2025-05-27T22:15:57.576+0000] {utils.py:78} INFO - [0m22:15:57  70 of 70 START test website_activity_outside_business_hours .................... [RUN]
[2025-05-27T22:15:58.363+0000] {utils.py:78} INFO - [0m22:15:58  67 of 70 PASS unique_stg_forms_form_id ......................................... [[32mPASS[0m in 1.21s]
[2025-05-27T22:15:58.460+0000] {utils.py:78} INFO - [0m22:15:58  68 of 70 PASS unique_stg_pages_page_id ......................................... [[32mPASS[0m in 0.91s]
[2025-05-27T22:15:58.486+0000] {utils.py:78} INFO - [0m22:15:58  70 of 70 FAIL 2000 website_activity_outside_business_hours ..................... [[31mFAIL 2000[0m in 0.84s]
[2025-05-27T22:15:58.522+0000] {utils.py:78} INFO - [0m22:15:58  69 of 70 PASS unique_stg_website_activity_session_id ........................... [[32mPASS[0m in 0.88s]
[2025-05-27T22:15:59.457+0000] {utils.py:78} INFO - [0m22:15:59
[2025-05-27T22:15:59.467+0000] {utils.py:78} INFO - [0m22:15:59  Finished running 70 data tests in 0 hours 0 minutes and 14.55 seconds (14.55s).
[2025-05-27T22:15:59.818+0000] {utils.py:78} INFO - [0m22:15:59
[2025-05-27T22:15:59.824+0000] {utils.py:78} INFO - [0m22:15:59  [31mCompleted with 12 errors, 0 partial successes, and 0 warnings:[0m
[2025-05-27T22:15:59.831+0000] {utils.py:78} INFO - [0m22:15:59
[2025-05-27T22:15:59.837+0000] {utils.py:78} INFO - [0m22:15:59    Compilation Error in test expression_is_true_stg_website_activity_pages_viewed__pages_viewed_0 (models/staging/schema.yml)
[2025-05-27T22:15:59.846+0000] {utils.py:78} INFO - 'test_expression_is_true' is undefined. This can happen when calling a macro that does not exist. Check for typos and/or install package dependencies with "dbt deps".
[2025-05-27T22:15:59.851+0000] {utils.py:78} INFO - [0m22:15:59
[2025-05-27T22:15:59.858+0000] {utils.py:78} INFO - [0m22:15:59    Compilation Error in test expression_is_true_stg_form_fills_fill_date__fill_date_current_timestamp_ (models/staging/schema.yml)
[2025-05-27T22:15:59.866+0000] {utils.py:78} INFO - 'test_expression_is_true' is undefined. This can happen when calling a macro that does not exist. Check for typos and/or install package dependencies with "dbt deps".
[2025-05-27T22:15:59.870+0000] {utils.py:78} INFO - [0m22:15:59
[2025-05-27T22:15:59.875+0000] {utils.py:78} INFO - [0m22:15:59    Compilation Error in test expression_is_true_stg_pages_page_url__page_url_LIKE_http_ (models/staging/schema.yml)
[2025-05-27T22:15:59.882+0000] {utils.py:78} INFO - 'test_expression_is_true' is undefined. This can happen when calling a macro that does not exist. Check for typos and/or install package dependencies with "dbt deps".
[2025-05-27T22:15:59.893+0000] {utils.py:78} INFO - [0m22:15:59
[2025-05-27T22:15:59.904+0000] {utils.py:78} INFO - [0m22:15:59  [31mFailure in test accepted_values_stg_contacts_email___ (models/staging/schema.yml)[0m
[2025-05-27T22:15:59.918+0000] {utils.py:78} INFO - [0m22:15:59    Got 1992 results, configured to fail if != 0
[2025-05-27T22:15:59.939+0000] {utils.py:78} INFO - [0m22:15:59
[2025-05-27T22:15:59.947+0000] {utils.py:78} INFO - [0m22:15:59    compiled code at target/compiled/marketing_pipeline/models/staging/schema.yml/accepted_values_stg_contacts_email___.sql
[2025-05-27T22:15:59.954+0000] {utils.py:78} INFO - [0m22:15:59
[2025-05-27T22:15:59.959+0000] {utils.py:78} INFO - [0m22:15:59  [31mFailure in test mart_pages_url_format (tests/mart_pages_url_format.sql)[0m
[2025-05-27T22:15:59.967+0000] {utils.py:78} INFO - [0m22:15:59    Got 4 results, configured to fail if != 0
[2025-05-27T22:15:59.976+0000] {utils.py:78} INFO - [0m22:15:59
[2025-05-27T22:15:59.984+0000] {utils.py:78} INFO - [0m22:15:59    compiled code at target/compiled/marketing_pipeline/tests/mart_pages_url_format.sql
[2025-05-27T22:15:59.989+0000] {utils.py:78} INFO - [0m22:15:59
[2025-05-27T22:15:59.997+0000] {utils.py:78} INFO - [0m22:15:59    Database Error in test not_null_mart_campaigns_end_date (models/marts/schema.yml)
[2025-05-27T22:16:00.004+0000] {utils.py:78} INFO - 000904 (42000): SQL compilation error: error line 14 at position 7
[2025-05-27T22:16:00.007+0000] {utils.py:78} INFO - invalid identifier 'END_DATE'
[2025-05-27T22:16:00.014+0000] {utils.py:78} INFO - compiled code at target/run/marketing_pipeline/models/marts/schema.yml/not_null_mart_campaigns_end_date.sql
[2025-05-27T22:16:00.035+0000] {utils.py:78} INFO - [0m22:15:59
[2025-05-27T22:16:00.043+0000] {utils.py:78} INFO - [0m22:15:59  [31mFailure in test no_duplicate_form_fills_per_contact (tests/no_duplicate_form_fills_per_contact.sql)[0m
[2025-05-27T22:16:00.049+0000] {utils.py:78} INFO - [0m22:15:59    Got 520 results, configured to fail if != 0
[2025-05-27T22:16:00.065+0000] {utils.py:78} INFO - [0m22:16:00
[2025-05-27T22:16:00.070+0000] {utils.py:78} INFO - [0m22:16:00    compiled code at target/compiled/marketing_pipeline/tests/no_duplicate_form_fills_per_contact.sql
[2025-05-27T22:16:00.121+0000] {utils.py:78} INFO - [0m22:16:00
[2025-05-27T22:16:00.131+0000] {utils.py:78} INFO - [0m22:16:00    Database Error in test not_null_mart_campaigns_start_date (models/marts/schema.yml)
[2025-05-27T22:16:00.140+0000] {utils.py:78} INFO - 000904 (42000): SQL compilation error: error line 14 at position 7
[2025-05-27T22:16:00.149+0000] {utils.py:78} INFO - invalid identifier 'START_DATE'
[2025-05-27T22:16:00.158+0000] {utils.py:78} INFO - compiled code at target/run/marketing_pipeline/models/marts/schema.yml/not_null_mart_campaigns_start_date.sql
[2025-05-27T22:16:00.164+0000] {utils.py:78} INFO - [0m22:16:00
[2025-05-27T22:16:00.169+0000] {utils.py:78} INFO - [0m22:16:00  [31mFailure in test relationships_stg_campaigns_campaign_name__campaign_id__ref_stg_campaigns_ (models/staging/schema.yml)[0m
[2025-05-27T22:16:00.173+0000] {utils.py:78} INFO - [0m22:16:00    Got 3 results, configured to fail if != 0
[2025-05-27T22:16:00.178+0000] {utils.py:78} INFO - [0m22:16:00
[2025-05-27T22:16:00.189+0000] {utils.py:78} INFO - [0m22:16:00    compiled code at target/compiled/marketing_pipeline/models/staging/schema.yml/relationships_stg_campaigns_3a16908a32571b0bb273e549269b9f1a.sql
[2025-05-27T22:16:00.196+0000] {utils.py:78} INFO - [0m22:16:00
[2025-05-27T22:16:00.202+0000] {utils.py:78} INFO - [0m22:16:00  [31mFailure in test unique_mart_contacts_email (models/marts/schema.yml)[0m
[2025-05-27T22:16:00.212+0000] {utils.py:78} INFO - [0m22:16:00    Got 7 results, configured to fail if != 0
[2025-05-27T22:16:00.219+0000] {utils.py:78} INFO - [0m22:16:00
[2025-05-27T22:16:00.233+0000] {utils.py:78} INFO - [0m22:16:00    compiled code at target/compiled/marketing_pipeline/models/marts/schema.yml/unique_mart_contacts_email.sql
[2025-05-27T22:16:00.238+0000] {utils.py:78} INFO - [0m22:16:00
[2025-05-27T22:16:00.250+0000] {utils.py:78} INFO - [0m22:16:00  [31mFailure in test unique_stg_contacts_email (models/staging/schema.yml)[0m
[2025-05-27T22:16:00.254+0000] {utils.py:78} INFO - [0m22:16:00    Got 7 results, configured to fail if != 0
[2025-05-27T22:16:00.267+0000] {utils.py:78} INFO - [0m22:16:00
[2025-05-27T22:16:00.272+0000] {utils.py:78} INFO - [0m22:16:00    compiled code at target/compiled/marketing_pipeline/models/staging/schema.yml/unique_stg_contacts_email.sql
[2025-05-27T22:16:00.287+0000] {utils.py:78} INFO - [0m22:16:00
[2025-05-27T22:16:00.291+0000] {utils.py:78} INFO - [0m22:16:00  [31mFailure in test website_activity_outside_business_hours (tests/website_activity_outside_business_hours.sql)[0m
[2025-05-27T22:16:00.306+0000] {utils.py:78} INFO - [0m22:16:00    Got 2000 results, configured to fail if != 0
[2025-05-27T22:16:00.316+0000] {utils.py:78} INFO - [0m22:16:00
[2025-05-27T22:16:00.322+0000] {utils.py:78} INFO - [0m22:16:00    compiled code at target/compiled/marketing_pipeline/tests/website_activity_outside_business_hours.sql
[2025-05-27T22:16:00.327+0000] {utils.py:78} INFO - [0m22:16:00
[2025-05-27T22:16:00.332+0000] {utils.py:78} INFO - [0m22:16:00  Done. PASS=58 WARN=0 ERROR=12 SKIP=0 TOTAL=70
[2025-05-27T22:16:01.331+0000] {utils.py:91} ERROR - dbt tests failed: dbt command failed with exit code 1
[2025-05-27T22:16:01.338+0000] {email_notification.py:56} WARNING - üìß Sending generic failure email [Airflow] Failure in Marketing_Data_Pipeline.dbt_run.dbt_test (Attempt 1/1)
[2025-05-27T22:16:01.383+0000] {logging_mixin.py:188} WARNING - /home/***/.local/lib/python3.10/site-packages/***/utils/email.py:154 RemovedInAirflow3Warning: Fetching SMTP credentials from configuration variables will be deprecated in a future release. Please set credentials using a connection instead.
[2025-05-27T22:16:01.384+0000] {email.py:270} INFO - Email alerting: attempt 1
[2025-05-27T22:16:03.306+0000] {email.py:281} INFO - Sent an alert email to ['yashbhawsar872@gmail.com']
[2025-05-27T22:16:04.944+0000] {Marketing_Data_Pipeline.py:41} INFO - ‚úÖ Completed task: Run all dbt tests
[2025-05-27T22:16:04.948+0000] {python.py:201} INFO - Done. Returned value was: None
[2025-05-27T22:16:04.983+0000] {taskinstance.py:1138} INFO - Marking task as SUCCESS. dag_id=Marketing_Data_Pipeline, task_id=dbt_run.dbt_test, execution_date=20250525T000000, start_date=20250527T221531, end_date=20250527T221604
[2025-05-27T22:16:05.043+0000] {local_task_job_runner.py:234} INFO - Task exited with return code 0
[2025-05-27T22:16:05.081+0000] {taskinstance.py:3280} INFO - 0 downstream tasks scheduled from follow-on schedule check
