[2025-05-27T22:23:42.635+0000] {taskinstance.py:1956} INFO - Dependencies all met for dep_context=non-requeueable deps ti=<TaskInstance: Marketing_Data_Pipeline.dbt_run.dbt_test manual__2025-05-27T00:00:00+00:00 [queued]>
[2025-05-27T22:23:42.664+0000] {taskinstance.py:1956} INFO - Dependencies all met for dep_context=requeueable deps ti=<TaskInstance: Marketing_Data_Pipeline.dbt_run.dbt_test manual__2025-05-27T00:00:00+00:00 [queued]>
[2025-05-27T22:23:42.666+0000] {taskinstance.py:2170} INFO - Starting attempt 1 of 1
[2025-05-27T22:23:42.701+0000] {taskinstance.py:2191} INFO - Executing <Task(PythonOperator): dbt_run.dbt_test> on 2025-05-27 00:00:00+00:00
[2025-05-27T22:23:42.714+0000] {standard_task_runner.py:60} INFO - Started process 2181 to run task
[2025-05-27T22:23:42.725+0000] {standard_task_runner.py:87} INFO - Running: ['***', 'tasks', 'run', 'Marketing_Data_Pipeline', 'dbt_run.dbt_test', 'manual__2025-05-27T00:00:00+00:00', '--job-id', '97', '--raw', '--subdir', 'DAGS_FOLDER/Marketing_Data_Pipeline.py', '--cfg-path', '/tmp/tmpow41oqoh']
[2025-05-27T22:23:42.732+0000] {standard_task_runner.py:88} INFO - Job 97: Subtask dbt_run.dbt_test
[2025-05-27T22:23:42.879+0000] {task_command.py:423} INFO - Running <TaskInstance: Marketing_Data_Pipeline.dbt_run.dbt_test manual__2025-05-27T00:00:00+00:00 [running]> on host 485388d78c3d
[2025-05-27T22:23:43.093+0000] {taskinstance.py:2480} INFO - Exporting env vars: AIRFLOW_CTX_DAG_EMAIL='yashbhawsar872@gmail.com' AIRFLOW_CTX_DAG_OWNER='Yash' AIRFLOW_CTX_DAG_ID='Marketing_Data_Pipeline' AIRFLOW_CTX_TASK_ID='dbt_run.dbt_test' AIRFLOW_CTX_EXECUTION_DATE='2025-05-27T00:00:00+00:00' AIRFLOW_CTX_TRY_NUMBER='1' AIRFLOW_CTX_DAG_RUN_ID='manual__2025-05-27T00:00:00+00:00'
[2025-05-27T22:23:43.096+0000] {Marketing_Data_Pipeline.py:39} INFO - ‚ñ∂Ô∏è Starting task: Run all dbt tests
[2025-05-27T22:23:43.100+0000] {utils.py:86} INFO - Running dbt tests: cd /opt/dbt/marketing_pipeline && dbt test 
[2025-05-27T22:23:43.104+0000] {utils.py:65} INFO - Running dbt command: cd /opt/dbt/marketing_pipeline && dbt test 
[2025-05-27T22:23:46.783+0000] {utils.py:78} INFO - [0m22:23:46  Running with dbt=1.9.4
[2025-05-27T22:23:49.078+0000] {utils.py:78} INFO - [0m22:23:49  Registered adapter: snowflake=1.9.4
[2025-05-27T22:23:49.991+0000] {utils.py:78} INFO - [0m22:23:49  Unable to do partial parsing because config vars, config profile, or config target have changed
[2025-05-27T22:23:57.004+0000] {utils.py:78} INFO - [0m22:23:57  Found 12 models, 70 data tests, 6 sources, 479 macros
[2025-05-27T22:23:57.039+0000] {utils.py:78} INFO - [0m22:23:57
[2025-05-27T22:23:57.044+0000] {utils.py:78} INFO - [0m22:23:57  Concurrency: 4 threads (target='dev')
[2025-05-27T22:23:57.049+0000] {utils.py:78} INFO - [0m22:23:57
[2025-05-27T22:23:58.828+0000] {utils.py:78} INFO - [0m22:23:58  1 of 70 START test accepted_values_stg_contacts_email___ ....................... [RUN]
[2025-05-27T22:23:58.833+0000] {utils.py:78} INFO - [0m22:23:58  2 of 70 START test expression_is_true_stg_form_fills_fill_date__fill_date_current_timestamp_  [RUN]
[2025-05-27T22:23:58.841+0000] {utils.py:78} INFO - [0m22:23:58  3 of 70 START test expression_is_true_stg_pages_page_url__page_url_LIKE_http_ .. [RUN]
[2025-05-27T22:23:58.847+0000] {utils.py:78} INFO - [0m22:23:58  4 of 70 START test expression_is_true_stg_website_activity_pages_viewed__pages_viewed_0  [RUN]
[2025-05-27T22:23:59.007+0000] {utils.py:78} INFO - [0m22:23:59  2 of 70 ERROR expression_is_true_stg_form_fills_fill_date__fill_date_current_timestamp_  [[31mERROR[0m in 0.14s]
[2025-05-27T22:23:59.029+0000] {utils.py:78} INFO - [0m22:23:59  4 of 70 ERROR expression_is_true_stg_website_activity_pages_viewed__pages_viewed_0  [[31mERROR[0m in 0.14s]
[2025-05-27T22:23:59.042+0000] {utils.py:78} INFO - [0m22:23:59  3 of 70 ERROR expression_is_true_stg_pages_page_url__page_url_LIKE_http_ ....... [[31mERROR[0m in 0.16s]
[2025-05-27T22:23:59.098+0000] {utils.py:78} INFO - [0m22:23:59  5 of 70 START test mart_no_orphan_form_fills ................................... [RUN]
[2025-05-27T22:23:59.187+0000] {utils.py:78} INFO - [0m22:23:59  6 of 70 START test mart_pages_url_format ....................................... [RUN]
[2025-05-27T22:23:59.204+0000] {utils.py:78} INFO - [0m22:23:59  7 of 70 START test no_duplicate_form_fills_per_contact ......................... [RUN]
[2025-05-27T22:23:59.545+0000] {utils.py:78} INFO - [0m22:23:59  1 of 70 FAIL 3963 accepted_values_stg_contacts_email___ ........................ [[31mFAIL 3963[0m in 0.69s]
[2025-05-27T22:23:59.588+0000] {utils.py:78} INFO - [0m22:23:59  8 of 70 START test not_null_mart_campaigns_campaign_id ......................... [RUN]
[2025-05-27T22:23:59.699+0000] {utils.py:78} INFO - [0m22:23:59  5 of 70 PASS mart_no_orphan_form_fills ......................................... [[32mPASS[0m in 0.51s]
[2025-05-27T22:23:59.728+0000] {utils.py:78} INFO - [0m22:23:59  9 of 70 START test not_null_mart_campaigns_campaign_name ....................... [RUN]
[2025-05-27T22:23:59.992+0000] {utils.py:78} INFO - [0m22:23:59  8 of 70 PASS not_null_mart_campaigns_campaign_id ............................... [[32mPASS[0m in 0.40s]
[2025-05-27T22:24:00.012+0000] {utils.py:78} INFO - [0m22:24:00  10 of 70 START test not_null_mart_campaigns_end_date ........................... [RUN]
[2025-05-27T22:24:00.192+0000] {utils.py:78} INFO - [0m22:24:00  9 of 70 PASS not_null_mart_campaigns_campaign_name ............................. [[32mPASS[0m in 0.44s]
[2025-05-27T22:24:00.256+0000] {utils.py:78} INFO - [0m22:24:00  11 of 70 START test not_null_mart_campaigns_start_date ......................... [RUN]
[2025-05-27T22:24:00.299+0000] {utils.py:78} INFO - [0m22:24:00  7 of 70 FAIL 1041 no_duplicate_form_fills_per_contact .......................... [[31mFAIL 1041[0m in 1.07s]
[2025-05-27T22:24:00.327+0000] {utils.py:78} INFO - [0m22:24:00  6 of 70 FAIL 4 mart_pages_url_format ........................................... [[31mFAIL 4[0m in 1.11s]
[2025-05-27T22:24:00.379+0000] {utils.py:78} INFO - [0m22:24:00  12 of 70 START test not_null_mart_contacts_contact_id .......................... [RUN]
[2025-05-27T22:24:00.402+0000] {utils.py:78} INFO - [0m22:24:00  13 of 70 START test not_null_mart_contacts_email ............................... [RUN]
[2025-05-27T22:24:00.517+0000] {utils.py:78} INFO - [0m22:24:00  10 of 70 ERROR not_null_mart_campaigns_end_date ................................ [[31mERROR[0m in 0.49s]
[2025-05-27T22:24:00.585+0000] {utils.py:78} INFO - [0m22:24:00  14 of 70 START test not_null_mart_contacts_signup_date ......................... [RUN]
[2025-05-27T22:24:00.886+0000] {utils.py:78} INFO - [0m22:24:00  11 of 70 ERROR not_null_mart_campaigns_start_date .............................. [[31mERROR[0m in 0.61s]
[2025-05-27T22:24:00.936+0000] {utils.py:78} INFO - [0m22:24:00  13 of 70 PASS not_null_mart_contacts_email ..................................... [[32mPASS[0m in 0.51s]
[2025-05-27T22:24:00.947+0000] {utils.py:78} INFO - [0m22:24:00  15 of 70 START test not_null_mart_form_fills_contact_id ........................ [RUN]
[2025-05-27T22:24:00.973+0000] {utils.py:78} INFO - [0m22:24:00  12 of 70 PASS not_null_mart_contacts_contact_id ................................ [[32mPASS[0m in 0.56s]
[2025-05-27T22:24:01.039+0000] {utils.py:78} INFO - [0m22:24:01  16 of 70 START test not_null_mart_form_fills_estimated_value ................... [RUN]
[2025-05-27T22:24:01.090+0000] {utils.py:78} INFO - [0m22:24:01  14 of 70 PASS not_null_mart_contacts_signup_date ............................... [[32mPASS[0m in 0.44s]
[2025-05-27T22:24:01.107+0000] {utils.py:78} INFO - [0m22:24:01  17 of 70 START test not_null_mart_form_fills_fill_date ......................... [RUN]
[2025-05-27T22:24:01.185+0000] {utils.py:78} INFO - [0m22:24:01  18 of 70 START test not_null_mart_form_fills_fill_id ........................... [RUN]
[2025-05-27T22:24:01.929+0000] {utils.py:78} INFO - [0m22:24:01  17 of 70 PASS not_null_mart_form_fills_fill_date ............................... [[32mPASS[0m in 0.79s]
[2025-05-27T22:24:01.955+0000] {utils.py:78} INFO - [0m22:24:01  15 of 70 PASS not_null_mart_form_fills_contact_id .............................. [[32mPASS[0m in 0.96s]
[2025-05-27T22:24:01.976+0000] {utils.py:78} INFO - [0m22:24:01  16 of 70 PASS not_null_mart_form_fills_estimated_value ......................... [[32mPASS[0m in 0.87s]
[2025-05-27T22:24:02.066+0000] {utils.py:78} INFO - [0m22:24:02  19 of 70 START test not_null_mart_form_fills_form_id ........................... [RUN]
[2025-05-27T22:24:02.098+0000] {utils.py:78} INFO - [0m22:24:02  20 of 70 START test not_null_mart_forms_form_id ................................ [RUN]
[2025-05-27T22:24:02.134+0000] {utils.py:78} INFO - [0m22:24:02  21 of 70 START test not_null_mart_forms_form_type .............................. [RUN]
[2025-05-27T22:24:02.415+0000] {utils.py:78} INFO - [0m22:24:02  18 of 70 PASS not_null_mart_form_fills_fill_id ................................. [[32mPASS[0m in 1.16s]
[2025-05-27T22:24:02.665+0000] {utils.py:78} INFO - [0m22:24:02  22 of 70 START test not_null_mart_pages_page_id ................................ [RUN]
[2025-05-27T22:24:02.931+0000] {utils.py:78} INFO - [0m22:24:02  19 of 70 PASS not_null_mart_form_fills_form_id ................................. [[32mPASS[0m in 0.76s]
[2025-05-27T22:24:02.962+0000] {utils.py:78} INFO - [0m22:24:02  23 of 70 START test not_null_mart_pages_page_title ............................. [RUN]
[2025-05-27T22:24:03.013+0000] {utils.py:78} INFO - [0m22:24:03  20 of 70 PASS not_null_mart_forms_form_id ...................................... [[32mPASS[0m in 0.83s]
[2025-05-27T22:24:03.031+0000] {utils.py:78} INFO - [0m22:24:03  21 of 70 PASS not_null_mart_forms_form_type .................................... [[32mPASS[0m in 0.83s]
[2025-05-27T22:24:03.056+0000] {utils.py:78} INFO - [0m22:24:03  22 of 70 PASS not_null_mart_pages_page_id ...................................... [[32mPASS[0m in 0.36s]
[2025-05-27T22:24:03.111+0000] {utils.py:78} INFO - [0m22:24:03  25 of 70 START test not_null_mart_website_activity_bounce ...................... [RUN]
[2025-05-27T22:24:03.137+0000] {utils.py:78} INFO - [0m22:24:03  24 of 70 START test not_null_mart_pages_page_url ............................... [RUN]
[2025-05-27T22:24:03.198+0000] {utils.py:78} INFO - [0m22:24:03  26 of 70 START test not_null_mart_website_activity_contact_id .................. [RUN]
[2025-05-27T22:24:03.600+0000] {utils.py:78} INFO - [0m22:24:03  23 of 70 PASS not_null_mart_pages_page_title ................................... [[32mPASS[0m in 0.61s]
[2025-05-27T22:24:03.628+0000] {utils.py:78} INFO - [0m22:24:03  27 of 70 START test not_null_mart_website_activity_event_date .................. [RUN]
[2025-05-27T22:24:03.650+0000] {utils.py:78} INFO - [0m22:24:03  24 of 70 PASS not_null_mart_pages_page_url ..................................... [[32mPASS[0m in 0.47s]
[2025-05-27T22:24:03.689+0000] {utils.py:78} INFO - [0m22:24:03  25 of 70 PASS not_null_mart_website_activity_bounce ............................ [[32mPASS[0m in 0.53s]
[2025-05-27T22:24:03.710+0000] {utils.py:78} INFO - [0m22:24:03  26 of 70 PASS not_null_mart_website_activity_contact_id ........................ [[32mPASS[0m in 0.46s]
[2025-05-27T22:24:03.764+0000] {utils.py:78} INFO - [0m22:24:03  28 of 70 START test not_null_mart_website_activity_pages_viewed ................ [RUN]
[2025-05-27T22:24:03.796+0000] {utils.py:78} INFO - [0m22:24:03  29 of 70 START test not_null_mart_website_activity_session_duration ............ [RUN]
[2025-05-27T22:24:03.809+0000] {utils.py:78} INFO - [0m22:24:03  30 of 70 START test not_null_mart_website_activity_session_id .................. [RUN]
[2025-05-27T22:24:04.210+0000] {utils.py:78} INFO - [0m22:24:04  27 of 70 PASS not_null_mart_website_activity_event_date ........................ [[32mPASS[0m in 0.55s]
[2025-05-27T22:24:04.234+0000] {utils.py:78} INFO - [0m22:24:04  31 of 70 START test not_null_stg_campaigns_campaign_id ......................... [RUN]
[2025-05-27T22:24:04.249+0000] {utils.py:78} INFO - [0m22:24:04  30 of 70 PASS not_null_mart_website_activity_session_id ........................ [[32mPASS[0m in 0.41s]
[2025-05-27T22:24:04.292+0000] {utils.py:78} INFO - [0m22:24:04  29 of 70 PASS not_null_mart_website_activity_session_duration .................. [[32mPASS[0m in 0.46s]
[2025-05-27T22:24:04.323+0000] {utils.py:78} INFO - [0m22:24:04  28 of 70 PASS not_null_mart_website_activity_pages_viewed ...................... [[32mPASS[0m in 0.53s]
[2025-05-27T22:24:04.367+0000] {utils.py:78} INFO - [0m22:24:04  32 of 70 START test not_null_stg_campaigns_campaign_name ....................... [RUN]
[2025-05-27T22:24:04.406+0000] {utils.py:78} INFO - [0m22:24:04  33 of 70 START test not_null_stg_campaigns_dim_date ............................ [RUN]
[2025-05-27T22:24:04.428+0000] {utils.py:78} INFO - [0m22:24:04  34 of 70 START test not_null_stg_contacts_contact_id ........................... [RUN]
[2025-05-27T22:24:04.950+0000] {utils.py:78} INFO - [0m22:24:04  31 of 70 PASS not_null_stg_campaigns_campaign_id ............................... [[32mPASS[0m in 0.69s]
[2025-05-27T22:24:05.081+0000] {utils.py:78} INFO - [0m22:24:05  35 of 70 START test not_null_stg_contacts_email ................................ [RUN]
[2025-05-27T22:24:05.548+0000] {utils.py:78} INFO - [0m22:24:05  33 of 70 PASS not_null_stg_campaigns_dim_date .................................. [[32mPASS[0m in 1.11s]
[2025-05-27T22:24:05.596+0000] {utils.py:78} INFO - [0m22:24:05  36 of 70 START test not_null_stg_contacts_signup_date .......................... [RUN]
[2025-05-27T22:24:05.810+0000] {utils.py:78} INFO - [0m22:24:05  35 of 70 PASS not_null_stg_contacts_email ...................................... [[32mPASS[0m in 0.48s]
[2025-05-27T22:24:05.836+0000] {utils.py:78} INFO - [0m22:24:05  37 of 70 START test not_null_stg_form_fills_contact_id ......................... [RUN]
[2025-05-27T22:24:05.993+0000] {utils.py:78} INFO - [0m22:24:05  32 of 70 PASS not_null_stg_campaigns_campaign_name ............................. [[32mPASS[0m in 1.60s]
[2025-05-27T22:24:06.020+0000] {utils.py:78} INFO - [0m22:24:06  34 of 70 PASS not_null_stg_contacts_contact_id ................................. [[32mPASS[0m in 1.55s]
[2025-05-27T22:24:06.060+0000] {utils.py:78} INFO - [0m22:24:06  36 of 70 PASS not_null_stg_contacts_signup_date ................................ [[32mPASS[0m in 0.45s]
[2025-05-27T22:24:06.118+0000] {utils.py:78} INFO - [0m22:24:06  38 of 70 START test not_null_stg_form_fills_fill_date .......................... [RUN]
[2025-05-27T22:24:06.139+0000] {utils.py:78} INFO - [0m22:24:06  39 of 70 START test not_null_stg_form_fills_fill_id ............................ [RUN]
[2025-05-27T22:24:06.162+0000] {utils.py:78} INFO - [0m22:24:06  40 of 70 START test not_null_stg_form_fills_form_id ............................ [RUN]
[2025-05-27T22:24:06.563+0000] {utils.py:78} INFO - [0m22:24:06  38 of 70 PASS not_null_stg_form_fills_fill_date ................................ [[32mPASS[0m in 0.42s]
[2025-05-27T22:24:06.582+0000] {utils.py:78} INFO - [0m22:24:06  41 of 70 START test not_null_stg_forms_form_id ................................. [RUN]
[2025-05-27T22:24:06.640+0000] {utils.py:78} INFO - [0m22:24:06  40 of 70 PASS not_null_stg_form_fills_form_id .................................. [[32mPASS[0m in 0.43s]
[2025-05-27T22:24:06.664+0000] {utils.py:78} INFO - [0m22:24:06  42 of 70 START test not_null_stg_forms_form_type ............................... [RUN]
[2025-05-27T22:24:06.937+0000] {utils.py:78} INFO - [0m22:24:06  37 of 70 PASS not_null_stg_form_fills_contact_id ............................... [[32mPASS[0m in 1.10s]
[2025-05-27T22:24:06.984+0000] {utils.py:78} INFO - [0m22:24:06  39 of 70 PASS not_null_stg_form_fills_fill_id .................................. [[32mPASS[0m in 0.80s]
[2025-05-27T22:24:07.081+0000] {utils.py:78} INFO - [0m22:24:07  42 of 70 PASS not_null_stg_forms_form_type ..................................... [[32mPASS[0m in 0.41s]
[2025-05-27T22:24:07.091+0000] {utils.py:78} INFO - [0m22:24:07  41 of 70 PASS not_null_stg_forms_form_id ....................................... [[32mPASS[0m in 0.50s]
[2025-05-27T22:24:07.097+0000] {utils.py:78} INFO - [0m22:24:07  43 of 70 START test not_null_stg_pages_page_id ................................. [RUN]
[2025-05-27T22:24:07.135+0000] {utils.py:78} INFO - [0m22:24:07  44 of 70 START test not_null_stg_pages_page_title .............................. [RUN]
[2025-05-27T22:24:07.165+0000] {utils.py:78} INFO - [0m22:24:07  45 of 70 START test not_null_stg_pages_page_url ................................ [RUN]
[2025-05-27T22:24:07.175+0000] {utils.py:78} INFO - [0m22:24:07  46 of 70 START test not_null_stg_website_activity_contact_id ................... [RUN]
[2025-05-27T22:24:07.617+0000] {utils.py:78} INFO - [0m22:24:07  43 of 70 PASS not_null_stg_pages_page_id ....................................... [[32mPASS[0m in 0.49s]
[2025-05-27T22:24:07.627+0000] {utils.py:78} INFO - [0m22:24:07  45 of 70 PASS not_null_stg_pages_page_url ...................................... [[32mPASS[0m in 0.42s]
[2025-05-27T22:24:07.722+0000] {utils.py:78} INFO - [0m22:24:07  44 of 70 PASS not_null_stg_pages_page_title .................................... [[32mPASS[0m in 0.56s]
[2025-05-27T22:24:07.748+0000] {utils.py:78} INFO - [0m22:24:07  46 of 70 PASS not_null_stg_website_activity_contact_id ......................... [[32mPASS[0m in 0.53s]
[2025-05-27T22:24:07.766+0000] {utils.py:78} INFO - [0m22:24:07  47 of 70 START test not_null_stg_website_activity_event_date ................... [RUN]
[2025-05-27T22:24:07.883+0000] {utils.py:78} INFO - [0m22:24:07  48 of 70 START test not_null_stg_website_activity_pages_viewed ................. [RUN]
[2025-05-27T22:24:07.975+0000] {utils.py:78} INFO - [0m22:24:07  49 of 70 START test not_null_stg_website_activity_session_duration ............. [RUN]
[2025-05-27T22:24:08.026+0000] {utils.py:78} INFO - [0m22:24:08  50 of 70 START test not_null_stg_website_activity_session_id ................... [RUN]
[2025-05-27T22:24:08.597+0000] {utils.py:78} INFO - [0m22:24:08  49 of 70 PASS not_null_stg_website_activity_session_duration ................... [[32mPASS[0m in 0.53s]
[2025-05-27T22:24:08.623+0000] {utils.py:78} INFO - [0m22:24:08  47 of 70 PASS not_null_stg_website_activity_event_date ......................... [[32mPASS[0m in 0.80s]
[2025-05-27T22:24:08.644+0000] {utils.py:78} INFO - [0m22:24:08  48 of 70 PASS not_null_stg_website_activity_pages_viewed ....................... [[32mPASS[0m in 0.74s]
[2025-05-27T22:24:08.683+0000] {utils.py:78} INFO - [0m22:24:08  51 of 70 START test relationships_mart_form_fills_contact_id__contact_id__ref_mart_contacts_  [RUN]
[2025-05-27T22:24:08.744+0000] {utils.py:78} INFO - [0m22:24:08  50 of 70 PASS not_null_stg_website_activity_session_id ......................... [[32mPASS[0m in 0.69s]
[2025-05-27T22:24:08.776+0000] {utils.py:78} INFO - [0m22:24:08  52 of 70 START test relationships_mart_website_activity_contact_id__contact_id__ref_mart_contacts_  [RUN]
[2025-05-27T22:24:08.803+0000] {utils.py:78} INFO - [0m22:24:08  53 of 70 START test relationships_stg_campaigns_campaign_name__campaign_id__ref_stg_campaigns_  [RUN]
[2025-05-27T22:24:08.857+0000] {utils.py:78} INFO - [0m22:24:08  54 of 70 START test relationships_stg_form_fills_contact_id__contact_id__ref_stg_contacts_  [RUN]
[2025-05-27T22:24:09.331+0000] {utils.py:78} INFO - [0m22:24:09  51 of 70 PASS relationships_mart_form_fills_contact_id__contact_id__ref_mart_contacts_  [[32mPASS[0m in 0.57s]
[2025-05-27T22:24:09.360+0000] {utils.py:78} INFO - [0m22:24:09  55 of 70 START test relationships_stg_website_activity_contact_id__contact_id__ref_stg_contacts_  [RUN]
[2025-05-27T22:24:09.434+0000] {utils.py:78} INFO - [0m22:24:09  52 of 70 PASS relationships_mart_website_activity_contact_id__contact_id__ref_mart_contacts_  [[32mPASS[0m in 0.62s]
[2025-05-27T22:24:09.479+0000] {utils.py:78} INFO - [0m22:24:09  53 of 70 FAIL 3 relationships_stg_campaigns_campaign_name__campaign_id__ref_stg_campaigns_  [[31mFAIL 3[0m in 0.63s]
[2025-05-27T22:24:09.493+0000] {utils.py:78} INFO - [0m22:24:09  56 of 70 START test unique_mart_campaigns_campaign_id .......................... [RUN]
[2025-05-27T22:24:09.565+0000] {utils.py:78} INFO - [0m22:24:09  54 of 70 PASS relationships_stg_form_fills_contact_id__contact_id__ref_stg_contacts_  [[32mPASS[0m in 0.65s]
[2025-05-27T22:24:09.654+0000] {utils.py:78} INFO - [0m22:24:09  57 of 70 START test unique_mart_contacts_contact_id ............................ [RUN]
[2025-05-27T22:24:09.891+0000] {utils.py:78} INFO - [0m22:24:09  58 of 70 START test unique_mart_contacts_email ................................. [RUN]
[2025-05-27T22:24:10.100+0000] {utils.py:78} INFO - [0m22:24:10  55 of 70 PASS relationships_stg_website_activity_contact_id__contact_id__ref_stg_contacts_  [[32mPASS[0m in 0.73s]
[2025-05-27T22:24:10.178+0000] {utils.py:78} INFO - [0m22:24:10  59 of 70 START test unique_mart_form_fills_fill_id ............................. [RUN]
[2025-05-27T22:24:10.375+0000] {utils.py:78} INFO - [0m22:24:10  56 of 70 PASS unique_mart_campaigns_campaign_id ................................ [[32mPASS[0m in 0.83s]
[2025-05-27T22:24:10.392+0000] {utils.py:78} INFO - [0m22:24:10  60 of 70 START test unique_mart_forms_form_id .................................. [RUN]
[2025-05-27T22:24:10.471+0000] {utils.py:78} INFO - [0m22:24:10  57 of 70 PASS unique_mart_contacts_contact_id .................................. [[32mPASS[0m in 0.62s]
[2025-05-27T22:24:10.493+0000] {utils.py:78} INFO - [0m22:24:10  58 of 70 FAIL 36 unique_mart_contacts_email .................................... [[31mFAIL 36[0m in 0.52s]
[2025-05-27T22:24:10.526+0000] {utils.py:78} INFO - [0m22:24:10  61 of 70 START test unique_mart_pages_page_id .................................. [RUN]
[2025-05-27T22:24:10.539+0000] {utils.py:78} INFO - [0m22:24:10  59 of 70 PASS unique_mart_form_fills_fill_id ................................... [[32mPASS[0m in 0.34s]
[2025-05-27T22:24:10.570+0000] {utils.py:78} INFO - [0m22:24:10  62 of 70 START test unique_mart_website_activity_session_id .................... [RUN]
[2025-05-27T22:24:10.614+0000] {utils.py:78} INFO - [0m22:24:10  63 of 70 START test unique_stg_campaigns_campaign_id ........................... [RUN]
[2025-05-27T22:24:10.847+0000] {utils.py:78} INFO - [0m22:24:10  60 of 70 PASS unique_mart_forms_form_id ........................................ [[32mPASS[0m in 0.45s]
[2025-05-27T22:24:10.862+0000] {utils.py:78} INFO - [0m22:24:10  64 of 70 START test unique_stg_contacts_contact_id ............................. [RUN]
[2025-05-27T22:24:10.960+0000] {utils.py:78} INFO - [0m22:24:10  61 of 70 PASS unique_mart_pages_page_id ........................................ [[32mPASS[0m in 0.41s]
[2025-05-27T22:24:10.988+0000] {utils.py:78} INFO - [0m22:24:10  62 of 70 PASS unique_mart_website_activity_session_id .......................... [[32mPASS[0m in 0.38s]
[2025-05-27T22:24:11.024+0000] {utils.py:78} INFO - [0m22:24:11  63 of 70 PASS unique_stg_campaigns_campaign_id ................................. [[32mPASS[0m in 0.38s]
[2025-05-27T22:24:11.035+0000] {utils.py:78} INFO - [0m22:24:11  65 of 70 START test unique_stg_contacts_email .................................. [RUN]
[2025-05-27T22:24:11.070+0000] {utils.py:78} INFO - [0m22:24:11  66 of 70 START test unique_stg_form_fills_fill_id .............................. [RUN]
[2025-05-27T22:24:11.090+0000] {utils.py:78} INFO - [0m22:24:11  67 of 70 START test unique_stg_forms_form_id ................................... [RUN]
[2025-05-27T22:24:11.243+0000] {utils.py:78} INFO - [0m22:24:11  64 of 70 PASS unique_stg_contacts_contact_id ................................... [[32mPASS[0m in 0.37s]
[2025-05-27T22:24:11.294+0000] {utils.py:78} INFO - [0m22:24:11  68 of 70 START test unique_stg_pages_page_id ................................... [RUN]
[2025-05-27T22:24:11.494+0000] {utils.py:78} INFO - [0m22:24:11  65 of 70 FAIL 36 unique_stg_contacts_email ..................................... [[31mFAIL 36[0m in 0.43s]
[2025-05-27T22:24:11.544+0000] {utils.py:78} INFO - [0m22:24:11  66 of 70 PASS unique_stg_form_fills_fill_id .................................... [[32mPASS[0m in 0.46s]
[2025-05-27T22:24:11.551+0000] {utils.py:78} INFO - [0m22:24:11  69 of 70 START test unique_stg_website_activity_session_id ..................... [RUN]
[2025-05-27T22:24:11.596+0000] {utils.py:78} INFO - [0m22:24:11  67 of 70 PASS unique_stg_forms_form_id ......................................... [[32mPASS[0m in 0.48s]
[2025-05-27T22:24:11.635+0000] {utils.py:78} INFO - [0m22:24:11  70 of 70 START test website_activity_outside_business_hours .................... [RUN]
[2025-05-27T22:24:11.774+0000] {utils.py:78} INFO - [0m22:24:11  68 of 70 PASS unique_stg_pages_page_id ......................................... [[32mPASS[0m in 0.45s]
[2025-05-27T22:24:11.910+0000] {utils.py:78} INFO - [0m22:24:11  70 of 70 FAIL 4000 website_activity_outside_business_hours ..................... [[31mFAIL 4000[0m in 0.25s]
[2025-05-27T22:24:11.943+0000] {utils.py:78} INFO - [0m22:24:11  69 of 70 PASS unique_stg_website_activity_session_id ........................... [[32mPASS[0m in 0.37s]
[2025-05-27T22:24:12.838+0000] {utils.py:78} INFO - [0m22:24:12
[2025-05-27T22:24:12.843+0000] {utils.py:78} INFO - [0m22:24:12  Finished running 70 data tests in 0 hours 0 minutes and 15.78 seconds (15.78s).
[2025-05-27T22:24:13.314+0000] {utils.py:78} INFO - [0m22:24:13
[2025-05-27T22:24:13.321+0000] {utils.py:78} INFO - [0m22:24:13  [31mCompleted with 12 errors, 0 partial successes, and 0 warnings:[0m
[2025-05-27T22:24:13.329+0000] {utils.py:78} INFO - [0m22:24:13
[2025-05-27T22:24:13.336+0000] {utils.py:78} INFO - [0m22:24:13    Compilation Error in test expression_is_true_stg_form_fills_fill_date__fill_date_current_timestamp_ (models/staging/schema.yml)
[2025-05-27T22:24:13.342+0000] {utils.py:78} INFO - 'test_expression_is_true' is undefined. This can happen when calling a macro that does not exist. Check for typos and/or install package dependencies with "dbt deps".
[2025-05-27T22:24:13.351+0000] {utils.py:78} INFO - [0m22:24:13
[2025-05-27T22:24:13.356+0000] {utils.py:78} INFO - [0m22:24:13    Compilation Error in test expression_is_true_stg_pages_page_url__page_url_LIKE_http_ (models/staging/schema.yml)
[2025-05-27T22:24:13.363+0000] {utils.py:78} INFO - 'test_expression_is_true' is undefined. This can happen when calling a macro that does not exist. Check for typos and/or install package dependencies with "dbt deps".
[2025-05-27T22:24:13.375+0000] {utils.py:78} INFO - [0m22:24:13
[2025-05-27T22:24:13.383+0000] {utils.py:78} INFO - [0m22:24:13    Compilation Error in test expression_is_true_stg_website_activity_pages_viewed__pages_viewed_0 (models/staging/schema.yml)
[2025-05-27T22:24:13.388+0000] {utils.py:78} INFO - 'test_expression_is_true' is undefined. This can happen when calling a macro that does not exist. Check for typos and/or install package dependencies with "dbt deps".
[2025-05-27T22:24:13.393+0000] {utils.py:78} INFO - [0m22:24:13
[2025-05-27T22:24:13.401+0000] {utils.py:78} INFO - [0m22:24:13  [31mFailure in test accepted_values_stg_contacts_email___ (models/staging/schema.yml)[0m
[2025-05-27T22:24:13.405+0000] {utils.py:78} INFO - [0m22:24:13    Got 3963 results, configured to fail if != 0
[2025-05-27T22:24:13.413+0000] {utils.py:78} INFO - [0m22:24:13
[2025-05-27T22:24:13.436+0000] {utils.py:78} INFO - [0m22:24:13    compiled code at target/compiled/marketing_pipeline/models/staging/schema.yml/accepted_values_stg_contacts_email___.sql
[2025-05-27T22:24:13.451+0000] {utils.py:78} INFO - [0m22:24:13
[2025-05-27T22:24:13.458+0000] {utils.py:78} INFO - [0m22:24:13  [31mFailure in test no_duplicate_form_fills_per_contact (tests/no_duplicate_form_fills_per_contact.sql)[0m
[2025-05-27T22:24:13.468+0000] {utils.py:78} INFO - [0m22:24:13    Got 1041 results, configured to fail if != 0
[2025-05-27T22:24:13.479+0000] {utils.py:78} INFO - [0m22:24:13
[2025-05-27T22:24:13.516+0000] {utils.py:78} INFO - [0m22:24:13    compiled code at target/compiled/marketing_pipeline/tests/no_duplicate_form_fills_per_contact.sql
[2025-05-27T22:24:13.527+0000] {utils.py:78} INFO - [0m22:24:13
[2025-05-27T22:24:13.572+0000] {utils.py:78} INFO - [0m22:24:13  [31mFailure in test mart_pages_url_format (tests/mart_pages_url_format.sql)[0m
[2025-05-27T22:24:13.592+0000] {utils.py:78} INFO - [0m22:24:13    Got 4 results, configured to fail if != 0
[2025-05-27T22:24:13.602+0000] {utils.py:78} INFO - [0m22:24:13
[2025-05-27T22:24:13.631+0000] {utils.py:78} INFO - [0m22:24:13    compiled code at target/compiled/marketing_pipeline/tests/mart_pages_url_format.sql
[2025-05-27T22:24:13.638+0000] {utils.py:78} INFO - [0m22:24:13
[2025-05-27T22:24:13.643+0000] {utils.py:78} INFO - [0m22:24:13    Database Error in test not_null_mart_campaigns_end_date (models/marts/schema.yml)
[2025-05-27T22:24:13.655+0000] {utils.py:78} INFO - 000904 (42000): SQL compilation error: error line 14 at position 7
[2025-05-27T22:24:13.661+0000] {utils.py:78} INFO - invalid identifier 'END_DATE'
[2025-05-27T22:24:13.676+0000] {utils.py:78} INFO - compiled code at target/run/marketing_pipeline/models/marts/schema.yml/not_null_mart_campaigns_end_date.sql
[2025-05-27T22:24:13.684+0000] {utils.py:78} INFO - [0m22:24:13
[2025-05-27T22:24:13.718+0000] {utils.py:78} INFO - [0m22:24:13    Database Error in test not_null_mart_campaigns_start_date (models/marts/schema.yml)
[2025-05-27T22:24:13.738+0000] {utils.py:78} INFO - 000904 (42000): SQL compilation error: error line 14 at position 7
[2025-05-27T22:24:13.743+0000] {utils.py:78} INFO - invalid identifier 'START_DATE'
[2025-05-27T22:24:13.753+0000] {utils.py:78} INFO - compiled code at target/run/marketing_pipeline/models/marts/schema.yml/not_null_mart_campaigns_start_date.sql
[2025-05-27T22:24:13.759+0000] {utils.py:78} INFO - [0m22:24:13
[2025-05-27T22:24:13.763+0000] {utils.py:78} INFO - [0m22:24:13  [31mFailure in test relationships_stg_campaigns_campaign_name__campaign_id__ref_stg_campaigns_ (models/staging/schema.yml)[0m
[2025-05-27T22:24:13.770+0000] {utils.py:78} INFO - [0m22:24:13    Got 3 results, configured to fail if != 0
[2025-05-27T22:24:13.774+0000] {utils.py:78} INFO - [0m22:24:13
[2025-05-27T22:24:13.780+0000] {utils.py:78} INFO - [0m22:24:13    compiled code at target/compiled/marketing_pipeline/models/staging/schema.yml/relationships_stg_campaigns_3a16908a32571b0bb273e549269b9f1a.sql
[2025-05-27T22:24:13.789+0000] {utils.py:78} INFO - [0m22:24:13
[2025-05-27T22:24:13.795+0000] {utils.py:78} INFO - [0m22:24:13  [31mFailure in test unique_mart_contacts_email (models/marts/schema.yml)[0m
[2025-05-27T22:24:13.805+0000] {utils.py:78} INFO - [0m22:24:13    Got 36 results, configured to fail if != 0
[2025-05-27T22:24:13.812+0000] {utils.py:78} INFO - [0m22:24:13
[2025-05-27T22:24:13.818+0000] {utils.py:78} INFO - [0m22:24:13    compiled code at target/compiled/marketing_pipeline/models/marts/schema.yml/unique_mart_contacts_email.sql
[2025-05-27T22:24:13.825+0000] {utils.py:78} INFO - [0m22:24:13
[2025-05-27T22:24:13.837+0000] {utils.py:78} INFO - [0m22:24:13  [31mFailure in test unique_stg_contacts_email (models/staging/schema.yml)[0m
[2025-05-27T22:24:13.845+0000] {utils.py:78} INFO - [0m22:24:13    Got 36 results, configured to fail if != 0
[2025-05-27T22:24:13.852+0000] {utils.py:78} INFO - [0m22:24:13
[2025-05-27T22:24:13.857+0000] {utils.py:78} INFO - [0m22:24:13    compiled code at target/compiled/marketing_pipeline/models/staging/schema.yml/unique_stg_contacts_email.sql
[2025-05-27T22:24:13.864+0000] {utils.py:78} INFO - [0m22:24:13
[2025-05-27T22:24:13.870+0000] {utils.py:78} INFO - [0m22:24:13  [31mFailure in test website_activity_outside_business_hours (tests/website_activity_outside_business_hours.sql)[0m
[2025-05-27T22:24:13.875+0000] {utils.py:78} INFO - [0m22:24:13    Got 4000 results, configured to fail if != 0
[2025-05-27T22:24:13.882+0000] {utils.py:78} INFO - [0m22:24:13
[2025-05-27T22:24:13.889+0000] {utils.py:78} INFO - [0m22:24:13    compiled code at target/compiled/marketing_pipeline/tests/website_activity_outside_business_hours.sql
[2025-05-27T22:24:13.892+0000] {utils.py:78} INFO - [0m22:24:13
[2025-05-27T22:24:13.899+0000] {utils.py:78} INFO - [0m22:24:13  Done. PASS=58 WARN=0 ERROR=12 SKIP=0 TOTAL=70
[2025-05-27T22:24:15.019+0000] {utils.py:91} ERROR - dbt tests failed: dbt command failed with exit code 1
[2025-05-27T22:24:15.023+0000] {email_notification.py:56} WARNING - üìß Sending generic failure email [Airflow] Failure in Marketing_Data_Pipeline.dbt_run.dbt_test (Attempt 1/1)
[2025-05-27T22:24:15.069+0000] {logging_mixin.py:188} WARNING - /home/***/.local/lib/python3.10/site-packages/***/utils/email.py:154 RemovedInAirflow3Warning: Fetching SMTP credentials from configuration variables will be deprecated in a future release. Please set credentials using a connection instead.
[2025-05-27T22:24:15.070+0000] {email.py:270} INFO - Email alerting: attempt 1
[2025-05-27T22:24:17.191+0000] {email.py:281} INFO - Sent an alert email to ['yashbhawsar872@gmail.com']
[2025-05-27T22:24:18.695+0000] {Marketing_Data_Pipeline.py:41} INFO - ‚úÖ Completed task: Run all dbt tests
[2025-05-27T22:24:18.701+0000] {python.py:201} INFO - Done. Returned value was: None
[2025-05-27T22:24:18.742+0000] {taskinstance.py:1138} INFO - Marking task as SUCCESS. dag_id=Marketing_Data_Pipeline, task_id=dbt_run.dbt_test, execution_date=20250527T000000, start_date=20250527T222342, end_date=20250527T222418
[2025-05-27T22:24:18.839+0000] {local_task_job_runner.py:234} INFO - Task exited with return code 0
[2025-05-27T22:24:18.917+0000] {taskinstance.py:3280} INFO - 0 downstream tasks scheduled from follow-on schedule check
