[2025-05-25T19:42:32.084+0000] {taskinstance.py:1956} INFO - Dependencies all met for dep_context=non-requeueable deps ti=<TaskInstance: Marketing_Data_Pipeline.dbt_run.dbt_test manual__2025-05-25T19:37:32.889912+00:00 [queued]>
[2025-05-25T19:42:32.106+0000] {taskinstance.py:1956} INFO - Dependencies all met for dep_context=requeueable deps ti=<TaskInstance: Marketing_Data_Pipeline.dbt_run.dbt_test manual__2025-05-25T19:37:32.889912+00:00 [queued]>
[2025-05-25T19:42:32.108+0000] {taskinstance.py:2170} INFO - Starting attempt 1 of 1
[2025-05-25T19:42:32.135+0000] {taskinstance.py:2191} INFO - Executing <Task(PythonOperator): dbt_run.dbt_test> on 2025-05-25 19:37:32.889912+00:00
[2025-05-25T19:42:32.147+0000] {standard_task_runner.py:60} INFO - Started process 20800 to run task
[2025-05-25T19:42:32.156+0000] {standard_task_runner.py:87} INFO - Running: ['***', 'tasks', 'run', 'Marketing_Data_Pipeline', 'dbt_run.dbt_test', 'manual__2025-05-25T19:37:32.889912+00:00', '--job-id', '159', '--raw', '--subdir', 'DAGS_FOLDER/Marketing_Data_Pipeline.py', '--cfg-path', '/tmp/tmpwcqqxn6o']
[2025-05-25T19:42:32.162+0000] {standard_task_runner.py:88} INFO - Job 159: Subtask dbt_run.dbt_test
[2025-05-25T19:42:32.299+0000] {task_command.py:423} INFO - Running <TaskInstance: Marketing_Data_Pipeline.dbt_run.dbt_test manual__2025-05-25T19:37:32.889912+00:00 [running]> on host fe289fe396bd
[2025-05-25T19:42:32.512+0000] {taskinstance.py:2480} INFO - Exporting env vars: AIRFLOW_CTX_DAG_EMAIL='yashbhawsar872@gmail.com' AIRFLOW_CTX_DAG_OWNER='Yash' AIRFLOW_CTX_DAG_ID='Marketing_Data_Pipeline' AIRFLOW_CTX_TASK_ID='dbt_run.dbt_test' AIRFLOW_CTX_EXECUTION_DATE='2025-05-25T19:37:32.889912+00:00' AIRFLOW_CTX_TRY_NUMBER='1' AIRFLOW_CTX_DAG_RUN_ID='manual__2025-05-25T19:37:32.889912+00:00'
[2025-05-25T19:42:32.515+0000] {Marketing_Data_Pipeline.py:39} INFO - ‚ñ∂Ô∏è Starting task: Run all dbt tests
[2025-05-25T19:42:32.519+0000] {utils.py:81} INFO - Running dbt tests: cd /opt/dbt/marketing_pipeline && dbt test 
[2025-05-25T19:42:32.521+0000] {utils.py:64} INFO - Running dbt command: cd /opt/dbt/marketing_pipeline && dbt test 
[2025-05-25T19:42:38.237+0000] {utils.py:73} INFO - [0m19:42:38  Running with dbt=1.9.4
[2025-05-25T19:42:40.613+0000] {utils.py:73} INFO - [0m19:42:40  Registered adapter: snowflake=1.9.4
[2025-05-25T19:42:41.979+0000] {utils.py:73} INFO - [0m19:42:41  Unable to do partial parsing because config vars, config profile, or config target have changed
[2025-05-25T19:42:52.268+0000] {utils.py:73} INFO - [0m19:42:52  Found 12 models, 79 data tests, 6 sources, 479 macros
[2025-05-25T19:42:52.291+0000] {utils.py:73} INFO - [0m19:42:52
[2025-05-25T19:42:52.298+0000] {utils.py:73} INFO - [0m19:42:52  Concurrency: 4 threads (target='dev')
[2025-05-25T19:42:52.301+0000] {utils.py:73} INFO - [0m19:42:52
[2025-05-25T19:42:53.771+0000] {utils.py:73} INFO - [0m19:42:53  1 of 79 START test accepted_values_stg_contacts_email___ ....................... [RUN]
[2025-05-25T19:42:53.776+0000] {utils.py:73} INFO - [0m19:42:53  2 of 79 START test expression_is_true_stg_form_fills_fill_date__fill_date_current_timestamp_  [RUN]
[2025-05-25T19:42:53.783+0000] {utils.py:73} INFO - [0m19:42:53  3 of 79 START test expression_is_true_stg_pages_page_url__page_url_LIKE_http_ .. [RUN]
[2025-05-25T19:42:53.789+0000] {utils.py:73} INFO - [0m19:42:53  4 of 79 START test expression_is_true_stg_website_activity_pages_viewed__pages_viewed_0  [RUN]
[2025-05-25T19:42:54.009+0000] {utils.py:73} INFO - [0m19:42:54  2 of 79 ERROR expression_is_true_stg_form_fills_fill_date__fill_date_current_timestamp_  [[31mERROR[0m in 0.21s]
[2025-05-25T19:42:54.022+0000] {utils.py:73} INFO - [0m19:42:54  4 of 79 ERROR expression_is_true_stg_website_activity_pages_viewed__pages_viewed_0  [[31mERROR[0m in 0.21s]
[2025-05-25T19:42:54.028+0000] {utils.py:73} INFO - [0m19:42:54  3 of 79 ERROR expression_is_true_stg_pages_page_url__page_url_LIKE_http_ ....... [[31mERROR[0m in 0.22s]
[2025-05-25T19:42:54.142+0000] {utils.py:73} INFO - [0m19:42:54  5 of 79 START test mart_no_orphan_form_fills ................................... [RUN]
[2025-05-25T19:42:54.195+0000] {utils.py:73} INFO - [0m19:42:54  6 of 79 START test mart_pages_url_format ....................................... [RUN]
[2025-05-25T19:42:54.201+0000] {utils.py:73} INFO - [0m19:42:54  7 of 79 START test no_duplicate_form_fills_per_contact ......................... [RUN]
[2025-05-25T19:42:54.527+0000] {utils.py:73} INFO - [0m19:42:54  1 of 79 FAIL 995 accepted_values_stg_contacts_email___ ......................... [[31mFAIL 995[0m in 0.73s]
[2025-05-25T19:42:54.540+0000] {utils.py:73} INFO - [0m19:42:54  8 of 79 START test not_null_mart_campaigns_campaign_id ......................... [RUN]
[2025-05-25T19:42:54.683+0000] {utils.py:73} INFO - [0m19:42:54  5 of 79 PASS mart_no_orphan_form_fills ......................................... [[32mPASS[0m in 0.48s]
[2025-05-25T19:42:54.705+0000] {utils.py:73} INFO - [0m19:42:54  9 of 79 START test not_null_mart_campaigns_campaign_name ....................... [RUN]
[2025-05-25T19:42:54.932+0000] {utils.py:73} INFO - [0m19:42:54  8 of 79 PASS not_null_mart_campaigns_campaign_id ............................... [[32mPASS[0m in 0.39s]
[2025-05-25T19:42:54.946+0000] {utils.py:73} INFO - [0m19:42:54  10 of 79 START test not_null_mart_campaigns_end_date ........................... [RUN]
[2025-05-25T19:42:55.077+0000] {utils.py:73} INFO - [0m19:42:55  9 of 79 PASS not_null_mart_campaigns_campaign_name ............................. [[32mPASS[0m in 0.36s]
[2025-05-25T19:42:55.105+0000] {utils.py:73} INFO - [0m19:42:55  11 of 79 START test not_null_mart_campaigns_start_date ......................... [RUN]
[2025-05-25T19:42:55.195+0000] {utils.py:73} INFO - [0m19:42:55  7 of 79 FAIL 271 no_duplicate_form_fills_per_contact ........................... [[31mFAIL 271[0m in 0.98s]
[2025-05-25T19:42:55.221+0000] {utils.py:73} INFO - [0m19:42:55  12 of 79 START test not_null_mart_contacts_contact_id .......................... [RUN]
[2025-05-25T19:42:55.269+0000] {utils.py:73} INFO - [0m19:42:55  6 of 79 FAIL 4 mart_pages_url_format ........................................... [[31mFAIL 4[0m in 1.04s]
[2025-05-25T19:42:55.338+0000] {utils.py:73} INFO - [0m19:42:55  13 of 79 START test not_null_mart_contacts_email ............................... [RUN]
[2025-05-25T19:42:55.436+0000] {utils.py:73} INFO - [0m19:42:55  10 of 79 ERROR not_null_mart_campaigns_end_date ................................ [[31mERROR[0m in 0.48s]
[2025-05-25T19:42:55.469+0000] {utils.py:73} INFO - [0m19:42:55  14 of 79 START test not_null_mart_contacts_signup_date ......................... [RUN]
[2025-05-25T19:42:55.645+0000] {utils.py:73} INFO - [0m19:42:55  11 of 79 ERROR not_null_mart_campaigns_start_date .............................. [[31mERROR[0m in 0.51s]
[2025-05-25T19:42:55.693+0000] {utils.py:73} INFO - [0m19:42:55  15 of 79 START test not_null_mart_form_fills_contact_id ........................ [RUN]
[2025-05-25T19:42:55.865+0000] {utils.py:73} INFO - [0m19:42:55  12 of 79 PASS not_null_mart_contacts_contact_id ................................ [[32mPASS[0m in 0.61s]
[2025-05-25T19:42:55.900+0000] {utils.py:73} INFO - [0m19:42:55  16 of 79 START test not_null_mart_form_fills_estimated_value ................... [RUN]
[2025-05-25T19:42:56.003+0000] {utils.py:73} INFO - [0m19:42:56  13 of 79 PASS not_null_mart_contacts_email ..................................... [[32mPASS[0m in 0.65s]
[2025-05-25T19:42:56.052+0000] {utils.py:73} INFO - [0m19:42:56  17 of 79 START test not_null_mart_form_fills_fill_date ......................... [RUN]
[2025-05-25T19:42:56.194+0000] {utils.py:73} INFO - [0m19:42:56  14 of 79 PASS not_null_mart_contacts_signup_date ............................... [[32mPASS[0m in 0.70s]
[2025-05-25T19:42:56.221+0000] {utils.py:73} INFO - [0m19:42:56  18 of 79 START test not_null_mart_form_fills_fill_id ........................... [RUN]
[2025-05-25T19:42:56.286+0000] {utils.py:73} INFO - [0m19:42:56  15 of 79 PASS not_null_mart_form_fills_contact_id .............................. [[32mPASS[0m in 0.55s]
[2025-05-25T19:42:56.417+0000] {utils.py:73} INFO - [0m19:42:56  16 of 79 PASS not_null_mart_form_fills_estimated_value ......................... [[32mPASS[0m in 0.51s]
[2025-05-25T19:42:56.436+0000] {utils.py:73} INFO - [0m19:42:56  19 of 79 START test not_null_mart_form_fills_form_id ........................... [RUN]
[2025-05-25T19:42:56.662+0000] {utils.py:73} INFO - [0m19:42:56  20 of 79 START test not_null_mart_form_fills_upload_date ....................... [RUN]
[2025-05-25T19:42:56.878+0000] {utils.py:73} INFO - [0m19:42:56  17 of 79 PASS not_null_mart_form_fills_fill_date ............................... [[32mPASS[0m in 0.79s]
[2025-05-25T19:42:57.088+0000] {utils.py:73} INFO - [0m19:42:57  21 of 79 START test not_null_mart_forms_form_id ................................ [RUN]
[2025-05-25T19:42:57.290+0000] {utils.py:73} INFO - [0m19:42:57  18 of 79 PASS not_null_mart_form_fills_fill_id ................................. [[32mPASS[0m in 1.02s]
[2025-05-25T19:42:57.340+0000] {utils.py:73} INFO - [0m19:42:57  22 of 79 START test not_null_mart_forms_form_type .............................. [RUN]
[2025-05-25T19:42:57.458+0000] {utils.py:73} INFO - [0m19:42:57  19 of 79 PASS not_null_mart_form_fills_form_id ................................. [[32mPASS[0m in 0.87s]
[2025-05-25T19:42:57.471+0000] {utils.py:73} INFO - [0m19:42:57  20 of 79 PASS not_null_mart_form_fills_upload_date ............................. [[32mPASS[0m in 0.77s]
[2025-05-25T19:42:57.509+0000] {utils.py:73} INFO - [0m19:42:57  23 of 79 START test not_null_mart_forms_upload_date ............................ [RUN]
[2025-05-25T19:42:57.521+0000] {utils.py:73} INFO - [0m19:42:57  24 of 79 START test not_null_mart_pages_page_id ................................ [RUN]
[2025-05-25T19:42:57.830+0000] {utils.py:73} INFO - [0m19:42:57  21 of 79 PASS not_null_mart_forms_form_id ...................................... [[32mPASS[0m in 0.73s]
[2025-05-25T19:42:57.891+0000] {utils.py:73} INFO - [0m19:42:57  25 of 79 START test not_null_mart_pages_page_title ............................. [RUN]
[2025-05-25T19:42:58.240+0000] {utils.py:73} INFO - [0m19:42:58  22 of 79 PASS not_null_mart_forms_form_type .................................... [[32mPASS[0m in 0.88s]
[2025-05-25T19:42:58.357+0000] {utils.py:73} INFO - [0m19:42:58  26 of 79 START test not_null_mart_pages_page_url ............................... [RUN]
[2025-05-25T19:42:58.591+0000] {utils.py:73} INFO - [0m19:42:58  23 of 79 PASS not_null_mart_forms_upload_date .................................. [[32mPASS[0m in 1.06s]
[2025-05-25T19:42:58.644+0000] {utils.py:73} INFO - [0m19:42:58  24 of 79 PASS not_null_mart_pages_page_id ...................................... [[32mPASS[0m in 1.08s]
[2025-05-25T19:42:58.673+0000] {utils.py:73} INFO - [0m19:42:58  27 of 79 START test not_null_mart_pages_upload_date ............................ [RUN]
[2025-05-25T19:42:58.821+0000] {utils.py:73} INFO - [0m19:42:58  28 of 79 START test not_null_mart_website_activity_bounce ...................... [RUN]
[2025-05-25T19:42:59.497+0000] {utils.py:73} INFO - [0m19:42:59  25 of 79 PASS not_null_mart_pages_page_title ................................... [[32mPASS[0m in 1.56s]
[2025-05-25T19:43:00.092+0000] {utils.py:73} INFO - [0m19:43:00  29 of 79 START test not_null_mart_website_activity_contact_id .................. [RUN]
[2025-05-25T19:43:00.558+0000] {utils.py:73} INFO - [0m19:43:00  26 of 79 PASS not_null_mart_pages_page_url ..................................... [[32mPASS[0m in 2.16s]
[2025-05-25T19:43:00.635+0000] {utils.py:73} INFO - [0m19:43:00  30 of 79 START test not_null_mart_website_activity_event_date .................. [RUN]
[2025-05-25T19:43:00.727+0000] {utils.py:73} INFO - [0m19:43:00  27 of 79 PASS not_null_mart_pages_upload_date .................................. [[32mPASS[0m in 1.29s]
[2025-05-25T19:43:00.780+0000] {utils.py:73} INFO - [0m19:43:00  29 of 79 PASS not_null_mart_website_activity_contact_id ........................ [[32mPASS[0m in 0.68s]
[2025-05-25T19:43:00.803+0000] {utils.py:73} INFO - [0m19:43:00  28 of 79 PASS not_null_mart_website_activity_bounce ............................ [[32mPASS[0m in 1.35s]
[2025-05-25T19:43:00.809+0000] {utils.py:73} INFO - [0m19:43:00  31 of 79 START test not_null_mart_website_activity_pages_viewed ................ [RUN]
[2025-05-25T19:43:00.874+0000] {utils.py:73} INFO - [0m19:43:00  32 of 79 START test not_null_mart_website_activity_session_duration ............ [RUN]
[2025-05-25T19:43:00.881+0000] {utils.py:73} INFO - [0m19:43:00  33 of 79 START test not_null_mart_website_activity_session_id .................. [RUN]
[2025-05-25T19:43:01.354+0000] {utils.py:73} INFO - [0m19:43:01  30 of 79 PASS not_null_mart_website_activity_event_date ........................ [[32mPASS[0m in 0.71s]
[2025-05-25T19:43:01.368+0000] {utils.py:73} INFO - [0m19:43:01  34 of 79 START test not_null_mart_website_activity_upload_date ................. [RUN]
[2025-05-25T19:43:02.222+0000] {utils.py:73} INFO - [0m19:43:02  32 of 79 PASS not_null_mart_website_activity_session_duration .................. [[32mPASS[0m in 1.31s]
[2025-05-25T19:43:02.262+0000] {utils.py:73} INFO - [0m19:43:02  33 of 79 PASS not_null_mart_website_activity_session_id ........................ [[32mPASS[0m in 1.34s]
[2025-05-25T19:43:02.286+0000] {utils.py:73} INFO - [0m19:43:02  31 of 79 PASS not_null_mart_website_activity_pages_viewed ...................... [[32mPASS[0m in 1.43s]
[2025-05-25T19:43:02.325+0000] {utils.py:73} INFO - [0m19:43:02  34 of 79 PASS not_null_mart_website_activity_upload_date ....................... [[32mPASS[0m in 0.94s]
[2025-05-25T19:43:02.392+0000] {utils.py:73} INFO - [0m19:43:02  35 of 79 START test not_null_stg_campaigns_campaign_id ......................... [RUN]
[2025-05-25T19:43:02.420+0000] {utils.py:73} INFO - [0m19:43:02  36 of 79 START test not_null_stg_campaigns_campaign_name ....................... [RUN]
[2025-05-25T19:43:02.436+0000] {utils.py:73} INFO - [0m19:43:02  37 of 79 START test not_null_stg_campaigns_upload_date ......................... [RUN]
[2025-05-25T19:43:02.452+0000] {utils.py:73} INFO - [0m19:43:02  38 of 79 START test not_null_stg_contacts_contact_id ........................... [RUN]
[2025-05-25T19:43:03.117+0000] {utils.py:73} INFO - [0m19:43:03  35 of 79 PASS not_null_stg_campaigns_campaign_id ............................... [[32mPASS[0m in 0.68s]
[2025-05-25T19:43:03.211+0000] {utils.py:73} INFO - [0m19:43:03  38 of 79 PASS not_null_stg_contacts_contact_id ................................. [[32mPASS[0m in 0.70s]
[2025-05-25T19:43:03.252+0000] {utils.py:73} INFO - [0m19:43:03  36 of 79 PASS not_null_stg_campaigns_campaign_name ............................. [[32mPASS[0m in 0.79s]
[2025-05-25T19:43:03.291+0000] {utils.py:73} INFO - [0m19:43:03  37 of 79 PASS not_null_stg_campaigns_upload_date ............................... [[32mPASS[0m in 0.79s]
[2025-05-25T19:43:03.306+0000] {utils.py:73} INFO - [0m19:43:03  39 of 79 START test not_null_stg_contacts_email ................................ [RUN]
[2025-05-25T19:43:03.408+0000] {utils.py:73} INFO - [0m19:43:03  40 of 79 START test not_null_stg_contacts_signup_date .......................... [RUN]
[2025-05-25T19:43:03.438+0000] {utils.py:73} INFO - [0m19:43:03  41 of 79 START test not_null_stg_contacts_upload_date .......................... [RUN]
[2025-05-25T19:43:03.473+0000] {utils.py:73} INFO - [0m19:43:03  42 of 79 START test not_null_stg_form_fills_contact_id ......................... [RUN]
[2025-05-25T19:43:04.176+0000] {utils.py:73} INFO - [0m19:43:04  40 of 79 PASS not_null_stg_contacts_signup_date ................................ [[32mPASS[0m in 0.64s]
[2025-05-25T19:43:04.202+0000] {utils.py:73} INFO - [0m19:43:04  43 of 79 START test not_null_stg_form_fills_fill_date .......................... [RUN]
[2025-05-25T19:43:04.357+0000] {utils.py:73} INFO - [0m19:43:04  42 of 79 PASS not_null_stg_form_fills_contact_id ............................... [[32mPASS[0m in 0.77s]
[2025-05-25T19:43:04.390+0000] {utils.py:73} INFO - [0m19:43:04  39 of 79 PASS not_null_stg_contacts_email ...................................... [[32mPASS[0m in 1.01s]
[2025-05-25T19:43:04.448+0000] {utils.py:73} INFO - [0m19:43:04  41 of 79 PASS not_null_stg_contacts_upload_date ................................ [[32mPASS[0m in 0.98s]
[2025-05-25T19:43:04.548+0000] {utils.py:73} INFO - [0m19:43:04  44 of 79 START test not_null_stg_form_fills_fill_id ............................ [RUN]
[2025-05-25T19:43:04.554+0000] {utils.py:73} INFO - [0m19:43:04  45 of 79 START test not_null_stg_form_fills_form_id ............................ [RUN]
[2025-05-25T19:43:04.572+0000] {utils.py:73} INFO - [0m19:43:04  46 of 79 START test not_null_stg_form_fills_upload_date ........................ [RUN]
[2025-05-25T19:43:05.586+0000] {utils.py:73} INFO - [0m19:43:05  44 of 79 PASS not_null_stg_form_fills_fill_id .................................. [[32mPASS[0m in 1.01s]
[2025-05-25T19:43:05.623+0000] {utils.py:73} INFO - [0m19:43:05  43 of 79 PASS not_null_stg_form_fills_fill_date ................................ [[32mPASS[0m in 1.41s]
[2025-05-25T19:43:05.653+0000] {utils.py:73} INFO - [0m19:43:05  45 of 79 PASS not_null_stg_form_fills_form_id .................................. [[32mPASS[0m in 1.06s]
[2025-05-25T19:43:05.689+0000] {utils.py:73} INFO - [0m19:43:05  46 of 79 PASS not_null_stg_form_fills_upload_date .............................. [[32mPASS[0m in 1.09s]
[2025-05-25T19:43:05.855+0000] {utils.py:73} INFO - [0m19:43:05  49 of 79 START test not_null_stg_forms_upload_date ............................. [RUN]
[2025-05-25T19:43:05.899+0000] {utils.py:73} INFO - [0m19:43:05  50 of 79 START test not_null_stg_pages_page_id ................................. [RUN]
[2025-05-25T19:43:05.970+0000] {utils.py:73} INFO - [0m19:43:05  47 of 79 START test not_null_stg_forms_form_id ................................. [RUN]
[2025-05-25T19:43:06.025+0000] {utils.py:73} INFO - [0m19:43:06  48 of 79 START test not_null_stg_forms_form_type ............................... [RUN]
[2025-05-25T19:43:06.827+0000] {utils.py:73} INFO - [0m19:43:06  48 of 79 PASS not_null_stg_forms_form_type ..................................... [[32mPASS[0m in 0.73s]
[2025-05-25T19:43:06.856+0000] {utils.py:73} INFO - [0m19:43:06  47 of 79 PASS not_null_stg_forms_form_id ....................................... [[32mPASS[0m in 0.78s]
[2025-05-25T19:43:06.878+0000] {utils.py:73} INFO - [0m19:43:06  49 of 79 PASS not_null_stg_forms_upload_date ................................... [[32mPASS[0m in 0.88s]
[2025-05-25T19:43:06.897+0000] {utils.py:73} INFO - [0m19:43:06  50 of 79 PASS not_null_stg_pages_page_id ....................................... [[32mPASS[0m in 0.86s]
[2025-05-25T19:43:07.136+0000] {utils.py:73} INFO - [0m19:43:07  51 of 79 START test not_null_stg_pages_page_title .............................. [RUN]
[2025-05-25T19:43:07.167+0000] {utils.py:73} INFO - [0m19:43:07  52 of 79 START test not_null_stg_pages_page_url ................................ [RUN]
[2025-05-25T19:43:07.201+0000] {utils.py:73} INFO - [0m19:43:07  53 of 79 START test not_null_stg_pages_upload_date ............................. [RUN]
[2025-05-25T19:43:07.232+0000] {utils.py:73} INFO - [0m19:43:07  54 of 79 START test not_null_stg_website_activity_contact_id ................... [RUN]
[2025-05-25T19:43:07.785+0000] {utils.py:73} INFO - [0m19:43:07  53 of 79 PASS not_null_stg_pages_upload_date ................................... [[32mPASS[0m in 0.54s]
[2025-05-25T19:43:07.797+0000] {utils.py:73} INFO - [0m19:43:07  52 of 79 PASS not_null_stg_pages_page_url ...................................... [[32mPASS[0m in 0.56s]
[2025-05-25T19:43:07.808+0000] {utils.py:73} INFO - [0m19:43:07  51 of 79 PASS not_null_stg_pages_page_title .................................... [[32mPASS[0m in 0.59s]
[2025-05-25T19:43:07.821+0000] {utils.py:73} INFO - [0m19:43:07  54 of 79 PASS not_null_stg_website_activity_contact_id ......................... [[32mPASS[0m in 0.57s]
[2025-05-25T19:43:07.846+0000] {utils.py:73} INFO - [0m19:43:07  55 of 79 START test not_null_stg_website_activity_event_date ................... [RUN]
[2025-05-25T19:43:07.855+0000] {utils.py:73} INFO - [0m19:43:07  56 of 79 START test not_null_stg_website_activity_pages_viewed ................. [RUN]
[2025-05-25T19:43:07.860+0000] {utils.py:73} INFO - [0m19:43:07  57 of 79 START test not_null_stg_website_activity_session_duration ............. [RUN]
[2025-05-25T19:43:07.868+0000] {utils.py:73} INFO - [0m19:43:07  58 of 79 START test not_null_stg_website_activity_session_id ................... [RUN]
[2025-05-25T19:43:08.307+0000] {utils.py:73} INFO - [0m19:43:08  55 of 79 PASS not_null_stg_website_activity_event_date ......................... [[32mPASS[0m in 0.44s]
[2025-05-25T19:43:08.333+0000] {utils.py:73} INFO - [0m19:43:08  58 of 79 PASS not_null_stg_website_activity_session_id ......................... [[32mPASS[0m in 0.45s]
[2025-05-25T19:43:08.342+0000] {utils.py:73} INFO - [0m19:43:08  57 of 79 PASS not_null_stg_website_activity_session_duration ................... [[32mPASS[0m in 0.47s]
[2025-05-25T19:43:08.356+0000] {utils.py:73} INFO - [0m19:43:08  56 of 79 PASS not_null_stg_website_activity_pages_viewed ....................... [[32mPASS[0m in 0.48s]
[2025-05-25T19:43:08.385+0000] {utils.py:73} INFO - [0m19:43:08  59 of 79 START test not_null_stg_website_activity_upload_date .................. [RUN]
[2025-05-25T19:43:08.398+0000] {utils.py:73} INFO - [0m19:43:08  60 of 79 START test relationships_mart_form_fills_contact_id__contact_id__ref_mart_contacts_  [RUN]
[2025-05-25T19:43:08.404+0000] {utils.py:73} INFO - [0m19:43:08  61 of 79 START test relationships_mart_website_activity_contact_id__contact_id__ref_mart_contacts_  [RUN]
[2025-05-25T19:43:08.430+0000] {utils.py:73} INFO - [0m19:43:08  62 of 79 START test relationships_stg_campaigns_campaign_name__campaign_id__ref_stg_campaigns_  [RUN]
[2025-05-25T19:43:09.180+0000] {utils.py:73} INFO - [0m19:43:09  59 of 79 PASS not_null_stg_website_activity_upload_date ........................ [[32mPASS[0m in 0.76s]
[2025-05-25T19:43:09.216+0000] {utils.py:73} INFO - [0m19:43:09  63 of 79 START test relationships_stg_form_fills_contact_id__contact_id__ref_stg_contacts_  [RUN]
[2025-05-25T19:43:09.251+0000] {utils.py:73} INFO - [0m19:43:09  61 of 79 PASS relationships_mart_website_activity_contact_id__contact_id__ref_mart_contacts_  [[32mPASS[0m in 0.80s]
[2025-05-25T19:43:09.321+0000] {utils.py:73} INFO - [0m19:43:09  62 of 79 FAIL 3 relationships_stg_campaigns_campaign_name__campaign_id__ref_stg_campaigns_  [[31mFAIL 3[0m in 0.86s]
[2025-05-25T19:43:09.369+0000] {utils.py:73} INFO - [0m19:43:09  60 of 79 PASS relationships_mart_form_fills_contact_id__contact_id__ref_mart_contacts_  [[32mPASS[0m in 0.93s]
[2025-05-25T19:43:09.504+0000] {utils.py:73} INFO - [0m19:43:09  64 of 79 START test relationships_stg_website_activity_contact_id__contact_id__ref_stg_contacts_  [RUN]
[2025-05-25T19:43:09.589+0000] {utils.py:73} INFO - [0m19:43:09  65 of 79 START test unique_mart_campaigns_campaign_id .......................... [RUN]
[2025-05-25T19:43:09.764+0000] {utils.py:73} INFO - [0m19:43:09  66 of 79 START test unique_mart_contacts_contact_id ............................ [RUN]
[2025-05-25T19:43:10.930+0000] {utils.py:73} INFO - [0m19:43:10  63 of 79 PASS relationships_stg_form_fills_contact_id__contact_id__ref_stg_contacts_  [[32mPASS[0m in 1.70s]
[2025-05-25T19:43:11.054+0000] {utils.py:73} INFO - [0m19:43:11  64 of 79 PASS relationships_stg_website_activity_contact_id__contact_id__ref_stg_contacts_  [[32mPASS[0m in 1.48s]
[2025-05-25T19:43:11.132+0000] {utils.py:73} INFO - [0m19:43:11  67 of 79 START test unique_mart_contacts_email ................................. [RUN]
[2025-05-25T19:43:11.153+0000] {utils.py:73} INFO - [0m19:43:11  68 of 79 START test unique_mart_form_fills_fill_id ............................. [RUN]
[2025-05-25T19:43:12.037+0000] {utils.py:73} INFO - [0m19:43:12  65 of 79 PASS unique_mart_campaigns_campaign_id ................................ [[32mPASS[0m in 2.39s]
[2025-05-25T19:43:12.076+0000] {utils.py:73} INFO - [0m19:43:12  66 of 79 PASS unique_mart_contacts_contact_id .................................. [[32mPASS[0m in 2.18s]
[2025-05-25T19:43:12.192+0000] {utils.py:73} INFO - [0m19:43:12  69 of 79 START test unique_mart_forms_form_id .................................. [RUN]
[2025-05-25T19:43:12.753+0000] {utils.py:73} INFO - [0m19:43:12  70 of 79 START test unique_mart_pages_page_id .................................. [RUN]
[2025-05-25T19:43:13.678+0000] {utils.py:73} INFO - [0m19:43:13  67 of 79 FAIL 4 unique_mart_contacts_email ..................................... [[31mFAIL 4[0m in 2.52s]
[2025-05-25T19:43:13.927+0000] {utils.py:73} INFO - [0m19:43:13  68 of 79 PASS unique_mart_form_fills_fill_id ................................... [[32mPASS[0m in 2.76s]
[2025-05-25T19:43:13.968+0000] {utils.py:73} INFO - [0m19:43:13  71 of 79 START test unique_mart_website_activity_session_id .................... [RUN]
[2025-05-25T19:43:14.085+0000] {utils.py:73} INFO - [0m19:43:14  72 of 79 START test unique_stg_campaigns_campaign_id ........................... [RUN]
[2025-05-25T19:43:14.291+0000] {utils.py:73} INFO - [0m19:43:14  70 of 79 PASS unique_mart_pages_page_id ........................................ [[32mPASS[0m in 1.49s]
[2025-05-25T19:43:14.300+0000] {utils.py:73} INFO - [0m19:43:14  69 of 79 PASS unique_mart_forms_form_id ........................................ [[32mPASS[0m in 1.55s]
[2025-05-25T19:43:14.492+0000] {utils.py:73} INFO - [0m19:43:14  73 of 79 START test unique_stg_contacts_contact_id ............................. [RUN]
[2025-05-25T19:43:14.501+0000] {utils.py:73} INFO - [0m19:43:14  74 of 79 START test unique_stg_contacts_email .................................. [RUN]
[2025-05-25T19:43:15.000+0000] {utils.py:73} INFO - [0m19:43:15  71 of 79 PASS unique_mart_website_activity_session_id .......................... [[32mPASS[0m in 1.00s]
[2025-05-25T19:43:15.012+0000] {utils.py:73} INFO - [0m19:43:15  72 of 79 PASS unique_stg_campaigns_campaign_id ................................. [[32mPASS[0m in 0.87s]
[2025-05-25T19:43:15.085+0000] {utils.py:73} INFO - [0m19:43:15  75 of 79 START test unique_stg_form_fills_fill_id .............................. [RUN]
[2025-05-25T19:43:15.099+0000] {utils.py:73} INFO - [0m19:43:15  76 of 79 START test unique_stg_forms_form_id ................................... [RUN]
[2025-05-25T19:43:15.129+0000] {utils.py:73} INFO - [0m19:43:15  74 of 79 FAIL 4 unique_stg_contacts_email ...................................... [[31mFAIL 4[0m in 0.60s]
[2025-05-25T19:43:15.201+0000] {utils.py:73} INFO - [0m19:43:15  73 of 79 PASS unique_stg_contacts_contact_id ................................... [[32mPASS[0m in 0.68s]
[2025-05-25T19:43:15.329+0000] {utils.py:73} INFO - [0m19:43:15  77 of 79 START test unique_stg_pages_page_id ................................... [RUN]
[2025-05-25T19:43:15.419+0000] {utils.py:73} INFO - [0m19:43:15  78 of 79 START test unique_stg_website_activity_session_id ..................... [RUN]
[2025-05-25T19:43:17.023+0000] {utils.py:73} INFO - [0m19:43:17  76 of 79 PASS unique_stg_forms_form_id ......................................... [[32mPASS[0m in 1.87s]
[2025-05-25T19:43:17.110+0000] {utils.py:73} INFO - [0m19:43:17  75 of 79 PASS unique_stg_form_fills_fill_id .................................... [[32mPASS[0m in 1.97s]
[2025-05-25T19:43:17.162+0000] {utils.py:73} INFO - [0m19:43:17  79 of 79 START test website_activity_outside_business_hours .................... [RUN]
[2025-05-25T19:43:17.502+0000] {utils.py:73} INFO - [0m19:43:17  77 of 79 PASS unique_stg_pages_page_id ......................................... [[32mPASS[0m in 2.11s]
[2025-05-25T19:43:17.519+0000] {utils.py:73} INFO - [0m19:43:17  78 of 79 PASS unique_stg_website_activity_session_id ........................... [[32mPASS[0m in 1.89s]
[2025-05-25T19:43:18.095+0000] {utils.py:73} INFO - [0m19:43:18  79 of 79 FAIL 1000 website_activity_outside_business_hours ..................... [[31mFAIL 1000[0m in 0.92s]
[2025-05-25T19:43:19.029+0000] {utils.py:73} INFO - [0m19:43:19
[2025-05-25T19:43:19.052+0000] {utils.py:73} INFO - [0m19:43:19  Finished running 79 data tests in 0 hours 0 minutes and 26.72 seconds (26.72s).
[2025-05-25T19:43:19.729+0000] {utils.py:73} INFO - [0m19:43:19
[2025-05-25T19:43:19.735+0000] {utils.py:73} INFO - [0m19:43:19  [31mCompleted with 12 errors, 0 partial successes, and 0 warnings:[0m
[2025-05-25T19:43:19.741+0000] {utils.py:73} INFO - [0m19:43:19
[2025-05-25T19:43:19.747+0000] {utils.py:73} INFO - [0m19:43:19    Compilation Error in test expression_is_true_stg_form_fills_fill_date__fill_date_current_timestamp_ (models/staging/schema.yml)
[2025-05-25T19:43:19.752+0000] {utils.py:73} INFO - 'test_expression_is_true' is undefined. This can happen when calling a macro that does not exist. Check for typos and/or install package dependencies with "dbt deps".
[2025-05-25T19:43:19.756+0000] {utils.py:73} INFO - [0m19:43:19
[2025-05-25T19:43:19.761+0000] {utils.py:73} INFO - [0m19:43:19    Compilation Error in test expression_is_true_stg_website_activity_pages_viewed__pages_viewed_0 (models/staging/schema.yml)
[2025-05-25T19:43:19.766+0000] {utils.py:73} INFO - 'test_expression_is_true' is undefined. This can happen when calling a macro that does not exist. Check for typos and/or install package dependencies with "dbt deps".
[2025-05-25T19:43:19.770+0000] {utils.py:73} INFO - [0m19:43:19
[2025-05-25T19:43:19.776+0000] {utils.py:73} INFO - [0m19:43:19    Compilation Error in test expression_is_true_stg_pages_page_url__page_url_LIKE_http_ (models/staging/schema.yml)
[2025-05-25T19:43:19.782+0000] {utils.py:73} INFO - 'test_expression_is_true' is undefined. This can happen when calling a macro that does not exist. Check for typos and/or install package dependencies with "dbt deps".
[2025-05-25T19:43:19.791+0000] {utils.py:73} INFO - [0m19:43:19
[2025-05-25T19:43:19.799+0000] {utils.py:73} INFO - [0m19:43:19  [31mFailure in test accepted_values_stg_contacts_email___ (models/staging/schema.yml)[0m
[2025-05-25T19:43:19.805+0000] {utils.py:73} INFO - [0m19:43:19    Got 995 results, configured to fail if != 0
[2025-05-25T19:43:19.812+0000] {utils.py:73} INFO - [0m19:43:19
[2025-05-25T19:43:19.834+0000] {utils.py:73} INFO - [0m19:43:19    compiled code at target/compiled/marketing_pipeline/models/staging/schema.yml/accepted_values_stg_contacts_email___.sql
[2025-05-25T19:43:19.841+0000] {utils.py:73} INFO - [0m19:43:19
[2025-05-25T19:43:19.846+0000] {utils.py:73} INFO - [0m19:43:19  [31mFailure in test no_duplicate_form_fills_per_contact (tests/no_duplicate_form_fills_per_contact.sql)[0m
[2025-05-25T19:43:19.850+0000] {utils.py:73} INFO - [0m19:43:19    Got 271 results, configured to fail if != 0
[2025-05-25T19:43:19.855+0000] {utils.py:73} INFO - [0m19:43:19
[2025-05-25T19:43:19.860+0000] {utils.py:73} INFO - [0m19:43:19    compiled code at target/compiled/marketing_pipeline/tests/no_duplicate_form_fills_per_contact.sql
[2025-05-25T19:43:19.864+0000] {utils.py:73} INFO - [0m19:43:19
[2025-05-25T19:43:19.866+0000] {utils.py:73} INFO - [0m19:43:19  [31mFailure in test mart_pages_url_format (tests/mart_pages_url_format.sql)[0m
[2025-05-25T19:43:19.869+0000] {utils.py:73} INFO - [0m19:43:19    Got 4 results, configured to fail if != 0
[2025-05-25T19:43:19.874+0000] {utils.py:73} INFO - [0m19:43:19
[2025-05-25T19:43:19.878+0000] {utils.py:73} INFO - [0m19:43:19    compiled code at target/compiled/marketing_pipeline/tests/mart_pages_url_format.sql
[2025-05-25T19:43:19.882+0000] {utils.py:73} INFO - [0m19:43:19
[2025-05-25T19:43:19.885+0000] {utils.py:73} INFO - [0m19:43:19    Database Error in test not_null_mart_campaigns_end_date (models/marts/schema.yml)
[2025-05-25T19:43:19.888+0000] {utils.py:73} INFO - 000904 (42000): SQL compilation error: error line 14 at position 7
[2025-05-25T19:43:19.892+0000] {utils.py:73} INFO - invalid identifier 'END_DATE'
[2025-05-25T19:43:19.896+0000] {utils.py:73} INFO - compiled code at target/run/marketing_pipeline/models/marts/schema.yml/not_null_mart_campaigns_end_date.sql
[2025-05-25T19:43:19.898+0000] {utils.py:73} INFO - [0m19:43:19
[2025-05-25T19:43:19.902+0000] {utils.py:73} INFO - [0m19:43:19    Database Error in test not_null_mart_campaigns_start_date (models/marts/schema.yml)
[2025-05-25T19:43:19.907+0000] {utils.py:73} INFO - 000904 (42000): SQL compilation error: error line 14 at position 7
[2025-05-25T19:43:19.911+0000] {utils.py:73} INFO - invalid identifier 'START_DATE'
[2025-05-25T19:43:19.915+0000] {utils.py:73} INFO - compiled code at target/run/marketing_pipeline/models/marts/schema.yml/not_null_mart_campaigns_start_date.sql
[2025-05-25T19:43:19.919+0000] {utils.py:73} INFO - [0m19:43:19
[2025-05-25T19:43:19.923+0000] {utils.py:73} INFO - [0m19:43:19  [31mFailure in test relationships_stg_campaigns_campaign_name__campaign_id__ref_stg_campaigns_ (models/staging/schema.yml)[0m
[2025-05-25T19:43:19.928+0000] {utils.py:73} INFO - [0m19:43:19    Got 3 results, configured to fail if != 0
[2025-05-25T19:43:19.932+0000] {utils.py:73} INFO - [0m19:43:19
[2025-05-25T19:43:19.936+0000] {utils.py:73} INFO - [0m19:43:19    compiled code at target/compiled/marketing_pipeline/models/staging/schema.yml/relationships_stg_campaigns_3a16908a32571b0bb273e549269b9f1a.sql
[2025-05-25T19:43:19.940+0000] {utils.py:73} INFO - [0m19:43:19
[2025-05-25T19:43:19.945+0000] {utils.py:73} INFO - [0m19:43:19  [31mFailure in test unique_mart_contacts_email (models/marts/schema.yml)[0m
[2025-05-25T19:43:19.950+0000] {utils.py:73} INFO - [0m19:43:19    Got 4 results, configured to fail if != 0
[2025-05-25T19:43:19.953+0000] {utils.py:73} INFO - [0m19:43:19
[2025-05-25T19:43:19.957+0000] {utils.py:73} INFO - [0m19:43:19    compiled code at target/compiled/marketing_pipeline/models/marts/schema.yml/unique_mart_contacts_email.sql
[2025-05-25T19:43:19.962+0000] {utils.py:73} INFO - [0m19:43:19
[2025-05-25T19:43:19.966+0000] {utils.py:73} INFO - [0m19:43:19  [31mFailure in test unique_stg_contacts_email (models/staging/schema.yml)[0m
[2025-05-25T19:43:19.971+0000] {utils.py:73} INFO - [0m19:43:19    Got 4 results, configured to fail if != 0
[2025-05-25T19:43:19.976+0000] {utils.py:73} INFO - [0m19:43:19
[2025-05-25T19:43:19.981+0000] {utils.py:73} INFO - [0m19:43:19    compiled code at target/compiled/marketing_pipeline/models/staging/schema.yml/unique_stg_contacts_email.sql
[2025-05-25T19:43:19.993+0000] {utils.py:73} INFO - [0m19:43:19
[2025-05-25T19:43:19.998+0000] {utils.py:73} INFO - [0m19:43:19  [31mFailure in test website_activity_outside_business_hours (tests/website_activity_outside_business_hours.sql)[0m
[2025-05-25T19:43:20.003+0000] {utils.py:73} INFO - [0m19:43:19    Got 1000 results, configured to fail if != 0
[2025-05-25T19:43:20.008+0000] {utils.py:73} INFO - [0m19:43:19
[2025-05-25T19:43:20.012+0000] {utils.py:73} INFO - [0m19:43:19    compiled code at target/compiled/marketing_pipeline/tests/website_activity_outside_business_hours.sql
[2025-05-25T19:43:20.017+0000] {utils.py:73} INFO - [0m19:43:19
[2025-05-25T19:43:20.022+0000] {utils.py:73} INFO - [0m19:43:20  Done. PASS=67 WARN=0 ERROR=12 SKIP=0 TOTAL=79
[2025-05-25T19:43:21.243+0000] {utils.py:86} ERROR - dbt tests failed: dbt command failed with exit code 1
[2025-05-25T19:43:21.250+0000] {email_notification.py:55} WARNING - üìß Sending generic failure email [Airflow] Failure in Marketing_Data_Pipeline.dbt_run.dbt_test (Attempt 1/1)
[2025-05-25T19:43:21.339+0000] {logging_mixin.py:188} WARNING - /home/***/.local/lib/python3.10/site-packages/***/utils/email.py:154 RemovedInAirflow3Warning: Fetching SMTP credentials from configuration variables will be deprecated in a future release. Please set credentials using a connection instead.
[2025-05-25T19:43:21.341+0000] {email.py:270} INFO - Email alerting: attempt 1
[2025-05-25T19:43:25.666+0000] {email.py:281} INFO - Sent an alert email to ['yashbhawsar872@gmail.com']
[2025-05-25T19:43:27.197+0000] {Marketing_Data_Pipeline.py:41} INFO - ‚úÖ Completed task: Run all dbt tests
[2025-05-25T19:43:27.201+0000] {python.py:201} INFO - Done. Returned value was: None
[2025-05-25T19:43:27.236+0000] {taskinstance.py:1138} INFO - Marking task as SUCCESS. dag_id=Marketing_Data_Pipeline, task_id=dbt_run.dbt_test, execution_date=20250525T193732, start_date=20250525T194232, end_date=20250525T194327
[2025-05-25T19:43:27.362+0000] {local_task_job_runner.py:234} INFO - Task exited with return code 0
[2025-05-25T19:43:27.447+0000] {taskinstance.py:3280} INFO - 0 downstream tasks scheduled from follow-on schedule check
