[2025-05-25T20:12:25.473+0000] {taskinstance.py:1956} INFO - Dependencies all met for dep_context=non-requeueable deps ti=<TaskInstance: Marketing_Data_Pipeline.dbt_run.dbt_test manual__2025-05-25T19:37:32.889912+00:00 [queued]>
[2025-05-25T20:12:25.498+0000] {taskinstance.py:1956} INFO - Dependencies all met for dep_context=requeueable deps ti=<TaskInstance: Marketing_Data_Pipeline.dbt_run.dbt_test manual__2025-05-25T19:37:32.889912+00:00 [queued]>
[2025-05-25T20:12:25.499+0000] {taskinstance.py:2170} INFO - Starting attempt 4 of 4
[2025-05-25T20:12:25.535+0000] {taskinstance.py:2191} INFO - Executing <Task(PythonOperator): dbt_run.dbt_test> on 2025-05-25 19:37:32.889912+00:00
[2025-05-25T20:12:25.549+0000] {standard_task_runner.py:60} INFO - Started process 21532 to run task
[2025-05-25T20:12:25.556+0000] {standard_task_runner.py:87} INFO - Running: ['***', 'tasks', 'run', 'Marketing_Data_Pipeline', 'dbt_run.dbt_test', 'manual__2025-05-25T19:37:32.889912+00:00', '--job-id', '162', '--raw', '--subdir', 'DAGS_FOLDER/Marketing_Data_Pipeline.py', '--cfg-path', '/tmp/tmpawr_14dp']
[2025-05-25T20:12:25.566+0000] {standard_task_runner.py:88} INFO - Job 162: Subtask dbt_run.dbt_test
[2025-05-25T20:12:25.790+0000] {task_command.py:423} INFO - Running <TaskInstance: Marketing_Data_Pipeline.dbt_run.dbt_test manual__2025-05-25T19:37:32.889912+00:00 [running]> on host fe289fe396bd
[2025-05-25T20:12:26.651+0000] {taskinstance.py:2480} INFO - Exporting env vars: AIRFLOW_CTX_DAG_EMAIL='yashbhawsar872@gmail.com' AIRFLOW_CTX_DAG_OWNER='Yash' AIRFLOW_CTX_DAG_ID='Marketing_Data_Pipeline' AIRFLOW_CTX_TASK_ID='dbt_run.dbt_test' AIRFLOW_CTX_EXECUTION_DATE='2025-05-25T19:37:32.889912+00:00' AIRFLOW_CTX_TRY_NUMBER='4' AIRFLOW_CTX_DAG_RUN_ID='manual__2025-05-25T19:37:32.889912+00:00'
[2025-05-25T20:12:26.654+0000] {Marketing_Data_Pipeline.py:39} INFO - ‚ñ∂Ô∏è Starting task: Run all dbt tests
[2025-05-25T20:12:26.670+0000] {utils.py:100} INFO - Running dbt tests: cd /opt/dbt/marketing_pipeline && dbt test 
[2025-05-25T20:12:26.683+0000] {utils.py:65} INFO - Running dbt command: cd /opt/dbt/marketing_pipeline && dbt test 
[2025-05-25T20:12:26.698+0000] {taskinstance.py:2698} ERROR - Task failed with exception
Traceback (most recent call last):
  File "/home/airflow/.local/lib/python3.10/site-packages/airflow/models/taskinstance.py", line 433, in _execute_task
    result = execute_callable(context=context, **execute_callable_kwargs)
  File "/home/airflow/.local/lib/python3.10/site-packages/airflow/operators/python.py", line 199, in execute
    return_value = self.execute_callable()
  File "/home/airflow/.local/lib/python3.10/site-packages/airflow/operators/python.py", line 216, in execute_callable
    return self.python_callable(*self.op_args, **self.op_kwargs)
  File "/opt/airflow/dags/Marketing_Data_Pipeline.py", line 40, in _wrapped
    fn(**kwargs)
  File "/opt/airflow/scripts/utils.py", line 102, in run_dbt_test
    run_dbt(cmd)
  File "/opt/airflow/scripts/utils.py", line 66, in run_dbt
    process = subprocess.Popen(
TypeError: Popen.__init__() got an unexpected keyword argument 'capture_output'
[2025-05-25T20:12:26.831+0000] {taskinstance.py:1138} INFO - Marking task as FAILED. dag_id=Marketing_Data_Pipeline, task_id=dbt_run.dbt_test, execution_date=20250525T193732, start_date=20250525T201225, end_date=20250525T201226
[2025-05-25T20:12:26.912+0000] {email_notification.py:58} WARNING - üìß Sending generic failure email [Airflow] Failure in Marketing_Data_Pipeline.dbt_run.dbt_test (Attempt 5/4)
[2025-05-25T20:12:26.991+0000] {logging_mixin.py:188} WARNING - /home/***/.local/lib/python3.10/site-packages/***/utils/email.py:154 RemovedInAirflow3Warning: Fetching SMTP credentials from configuration variables will be deprecated in a future release. Please set credentials using a connection instead.
[2025-05-25T20:12:27.003+0000] {email.py:270} INFO - Email alerting: attempt 1
[2025-05-25T20:12:28.509+0000] {email.py:281} INFO - Sent an alert email to ['yashbhawsar872@gmail.com']
[2025-05-25T20:12:30.923+0000] {standard_task_runner.py:107} ERROR - Failed to execute job 162 for task dbt_run.dbt_test (Popen.__init__() got an unexpected keyword argument 'capture_output'; 21532)
[2025-05-25T20:12:30.951+0000] {local_task_job_runner.py:234} INFO - Task exited with return code 1
[2025-05-25T20:12:31.009+0000] {taskinstance.py:3280} INFO - 0 downstream tasks scheduled from follow-on schedule check
